This file contains any messages produced by compilers while
running configure, to aid debugging if configure makes a mistake.

It was created by jansson configure 2.7, which was
generated by GNU Autoconf 2.69.  Invocation command line was

  $ ./configure --host=i386-linux --target=mipsel-linux

## --------- ##
## Platform. ##
## --------- ##

hostname = ubuntu
uname -m = i686
uname -r = 3.0.0-14-generic
uname -s = Linux
uname -v = #23-Ubuntu SMP Mon Nov 21 20:34:47 UTC 2011

/usr/bin/uname -p = unknown
/bin/uname -X     = unknown

/bin/arch              = unknown
/usr/bin/arch -k       = unknown
/usr/convex/getsysinfo = unknown
/usr/bin/hostinfo      = unknown
/bin/machine           = unknown
/usr/bin/oslevel       = unknown
/bin/universe          = unknown

PATH: /usr/lib/lightdm/lightdm
PATH: /usr/local/sbin
PATH: /usr/local/bin
PATH: /usr/sbin
PATH: /usr/bin
PATH: /sbin
PATH: /bin
PATH: /usr/games
PATH: /home/felix/pegasus//bin
PATH: /home/felix/qodome/RT288x_SDK/toolchain/buildroot-gcc342/bin/
PATH: /home/felix/pegasus//bin
PATH: /home/felix/qodome/RT288x_SDK/toolchain/buildroot-gcc342/bin/


## ----------- ##
## Core tests. ##
## ----------- ##

configure:2392: checking for a BSD-compatible install
configure:2460: result: /usr/bin/install -c
configure:2471: checking whether build environment is sane
configure:2526: result: yes
configure:2585: checking for i386-linux-strip
configure:2615: result: no
configure:2625: checking for strip
configure:2641: found /usr/bin/strip
configure:2652: result: strip
configure:2677: checking for a thread-safe mkdir -p
configure:2716: result: /bin/mkdir -p
configure:2723: checking for gawk
configure:2739: found /usr/bin/gawk
configure:2750: result: gawk
configure:2761: checking whether make sets $(MAKE)
configure:2783: result: yes
configure:2812: checking whether make supports nested variables
configure:2829: result: yes
configure:2968: checking for i386-linux-gcc
configure:2995: result: mipsel-linux-gcc
configure:3264: checking for C compiler version
configure:3273: mipsel-linux-gcc --version >&5
mipsel-linux-gcc (GCC) 3.4.2
Copyright (C) 2004 Free Software Foundation, Inc.
This is free software; see the source for copying conditions.  There is NO
warranty; not even for MERCHANTABILITY or FITNESS FOR A PARTICULAR PURPOSE.

configure:3284: $? = 0
configure:3273: mipsel-linux-gcc -v >&5
Reading specs from /home/felix/qodome/RT288x_SDK/toolchain/buildroot-gcc342/bin/../lib/gcc/mipsel-linux-uclibc/3.4.2/specs
Configured with: /home/winfred/RT288x_SDK/toolchain/buildroot/toolchain_build_mipsel/gcc-3.4.2/configure --prefix=/home/winfred/RT288x_SDK/toolchain/buildroot-gdb --build=i386-pc-linux-gnu --host=i386-pc-linux-gnu --target=mipsel-linux-uclibc --enable-languages=c,c++ --disable-__cxa_atexit --enable-target-optspace --with-gnu-ld --disable-shared --disable-nls --enable-threads --enable-multilib --enable-sjlj-exceptions : (reconfigured) /home/winfred/RT288x_SDK/toolchain/buildroot/toolchain_build_mipsel/gcc-3.4.2/configure --prefix=/home/winfred/RT288x_SDK/toolchain/buildroot-gdb --build=i386-pc-linux-gnu --host=i386-pc-linux-gnu --target=mipsel-linux-uclibc --enable-languages=c,c++ --disable-__cxa_atexit --enable-target-optspace --with-gnu-ld --disable-shared --disable-nls --enable-threads --enable-multilib --enable-sjlj-exceptions
Thread model: posix
gcc version 3.4.2
configure:3284: $? = 0
configure:3273: mipsel-linux-gcc -V >&5
mipsel-linux-gcc: `-V' option must have argument
configure:3284: $? = 1
configure:3273: mipsel-linux-gcc -qversion >&5
mipsel-linux-gcc: unrecognized option `-qversion'
mipsel-linux-gcc: no input files
configure:3284: $? = 1
configure:3304: checking whether the C compiler works
configure:3326: mipsel-linux-gcc    conftest.c  >&5
configure:3330: $? = 0
configure:3378: result: yes
configure:3381: checking for C compiler default output file name
configure:3383: result: a.out
configure:3389: checking for suffix of executables
configure:3396: mipsel-linux-gcc -o conftest    conftest.c  >&5
configure:3400: $? = 0
configure:3422: result: 
configure:3444: checking whether we are cross compiling
configure:3452: mipsel-linux-gcc -o conftest    conftest.c  >&5
configure:3456: $? = 0
configure:3463: ./conftest
./configure: line 3465: ./conftest: cannot execute binary file
configure:3467: $? = 126
configure:3482: result: yes
configure:3487: checking for suffix of object files
configure:3509: mipsel-linux-gcc -c   conftest.c >&5
configure:3513: $? = 0
configure:3534: result: o
configure:3538: checking whether we are using the GNU C compiler
configure:3557: mipsel-linux-gcc -c   conftest.c >&5
configure:3557: $? = 0
configure:3566: result: yes
configure:3575: checking whether mipsel-linux-gcc accepts -g
configure:3595: mipsel-linux-gcc -c -g  conftest.c >&5
configure:3595: $? = 0
configure:3636: result: yes
configure:3653: checking for mipsel-linux-gcc option to accept ISO C89
configure:3716: mipsel-linux-gcc  -c -g -O2  conftest.c >&5
configure:3716: $? = 0
configure:3729: result: none needed
configure:3754: checking whether mipsel-linux-gcc understands -c and -o together
configure:3776: mipsel-linux-gcc -c conftest.c -o conftest2.o
configure:3779: $? = 0
configure:3776: mipsel-linux-gcc -c conftest.c -o conftest2.o
configure:3779: $? = 0
configure:3791: result: yes
configure:3819: checking for style of include used by make
configure:3847: result: GNU
configure:3873: checking dependency style of mipsel-linux-gcc
configure:3984: result: gcc3
configure:4028: checking build system type
configure:4042: result: i686-pc-linux-uclibc
configure:4062: checking host system type
configure:4075: result: i386-pc-linux-gnu
configure:4116: checking how to print strings
configure:4143: result: printf
configure:4164: checking for a sed that does not truncate output
configure:4228: result: /bin/sed
configure:4246: checking for grep that handles long lines and -e
configure:4304: result: /bin/grep
configure:4309: checking for egrep
configure:4371: result: /bin/grep -E
configure:4376: checking for fgrep
configure:4438: result: /bin/grep -F
configure:4473: checking for ld used by mipsel-linux-gcc
configure:4540: result: /home/felix/qodome/RT288x_SDK/toolchain/buildroot-gcc342/mipsel-linux-uclibc/bin/ld
configure:4547: checking if the linker (/home/felix/qodome/RT288x_SDK/toolchain/buildroot-gcc342/mipsel-linux-uclibc/bin/ld) is GNU ld
configure:4562: result: yes
configure:4574: checking for BSD- or MS-compatible name lister (nm)
configure:4623: result: no
configure:4637: checking for i386-linux-dumpbin
configure:4667: result: no
configure:4637: checking for i386-linux-link
configure:4667: result: no
configure:4681: checking for dumpbin
configure:4711: result: no
configure:4681: checking for link
configure:4697: found /usr/bin/link
configure:4708: result: link -dump
configure:4724: WARNING: using cross tools not prefixed with host triplet
configure:4753: checking the name lister (nm) interface
configure:4760: mipsel-linux-gcc -c -g -O2  conftest.c >&5
configure:4763: nm "conftest.o"
configure:4766: output
00000000 B some_variable
configure:4773: result: BSD nm
configure:4776: checking whether ln -s works
configure:4780: result: yes
configure:4788: checking the maximum length of command line arguments
configure:4919: result: 1572864
configure:4936: checking whether the shell understands some XSI constructs
configure:4946: result: yes
configure:4950: checking whether the shell understands "+="
configure:4956: result: yes
configure:4991: checking how to convert i686-pc-linux-uclibc file names to i386-pc-linux-gnu format
configure:5031: result: func_convert_file_noop
configure:5038: checking how to convert i686-pc-linux-uclibc file names to toolchain format
configure:5058: result: func_convert_file_noop
configure:5065: checking for /home/felix/qodome/RT288x_SDK/toolchain/buildroot-gcc342/mipsel-linux-uclibc/bin/ld option to reload object files
configure:5072: result: -r
configure:5106: checking for i386-linux-objdump
configure:5136: result: no
configure:5146: checking for objdump
configure:5162: found /usr/bin/objdump
configure:5173: result: objdump
configure:5205: checking how to recognize dependent libraries
configure:5403: result: pass_all
configure:5448: checking for i386-linux-dlltool
configure:5478: result: no
configure:5488: checking for dlltool
configure:5518: result: no
configure:5548: checking how to associate runtime and link libraries
configure:5575: result: printf %s\n
configure:5592: checking for i386-linux-ar
configure:5622: result: no
configure:5636: checking for ar
configure:5652: found /usr/bin/ar
configure:5663: result: ar
configure:5700: checking for archiver @FILE support
configure:5717: mipsel-linux-gcc -c -g -O2  conftest.c >&5
configure:5717: $? = 0
configure:5720: ar cru libconftest.a @conftest.lst >&5
configure:5723: $? = 0
configure:5728: ar cru libconftest.a @conftest.lst >&5
ar: conftest.o: No such file or directory
configure:5731: $? = 1
configure:5743: result: @
configure:5761: checking for i386-linux-strip
configure:5788: result: strip
configure:5860: checking for i386-linux-ranlib
configure:5890: result: no
configure:5900: checking for ranlib
configure:5916: found /usr/bin/ranlib
configure:5927: result: ranlib
configure:6029: checking command to parse nm output from mipsel-linux-gcc object
configure:6149: mipsel-linux-gcc -c -g -O2  conftest.c >&5
configure:6152: $? = 0
configure:6156: nm conftest.o \| sed -n -e 's/^.*[ ]\([ABCDGIRSTW][ABCDGIRSTW]*\)[ ][ ]*\([_A-Za-z][_A-Za-z0-9]*\)$/\1 \2 \2/p' | sed '/ __gnu_lto/d' \> conftest.nm
configure:6159: $? = 0
configure:6225: mipsel-linux-gcc -o conftest -g -O2   conftest.c conftstm.o >&5
configure:6228: $? = 0
configure:6266: result: ok
configure:6303: checking for sysroot
configure:6333: result: no
configure:6562: checking for i386-linux-mt
configure:6592: result: no
configure:6602: checking for mt
configure:6618: found /bin/mt
configure:6629: result: mt
configure:6652: checking if mt is a manifest tool
configure:6658: mt '-?'
configure:6666: result: no
configure:7308: checking how to run the C preprocessor
configure:7339: mipsel-linux-gcc -E  conftest.c
configure:7339: $? = 0
configure:7353: mipsel-linux-gcc -E  conftest.c
conftest.c:11:28: ac_nonexistent.h: No such file or directory
configure:7353: $? = 1
configure: failed program was:
| /* confdefs.h */
| #define PACKAGE_NAME "jansson"
| #define PACKAGE_TARNAME "jansson"
| #define PACKAGE_VERSION "2.7"
| #define PACKAGE_STRING "jansson 2.7"
| #define PACKAGE_BUGREPORT "petri@digip.org"
| #define PACKAGE_URL ""
| #define PACKAGE "jansson"
| #define VERSION "2.7"
| /* end confdefs.h.  */
| #include <ac_nonexistent.h>
configure:7378: result: mipsel-linux-gcc -E
configure:7398: mipsel-linux-gcc -E  conftest.c
configure:7398: $? = 0
configure:7412: mipsel-linux-gcc -E  conftest.c
conftest.c:11:28: ac_nonexistent.h: No such file or directory
configure:7412: $? = 1
configure: failed program was:
| /* confdefs.h */
| #define PACKAGE_NAME "jansson"
| #define PACKAGE_TARNAME "jansson"
| #define PACKAGE_VERSION "2.7"
| #define PACKAGE_STRING "jansson 2.7"
| #define PACKAGE_BUGREPORT "petri@digip.org"
| #define PACKAGE_URL ""
| #define PACKAGE "jansson"
| #define VERSION "2.7"
| /* end confdefs.h.  */
| #include <ac_nonexistent.h>
configure:7441: checking for ANSI C header files
configure:7461: mipsel-linux-gcc -c -g -O2  conftest.c >&5
configure:7461: $? = 0
configure:7545: result: yes
configure:7558: checking for sys/types.h
configure:7558: mipsel-linux-gcc -c -g -O2  conftest.c >&5
configure:7558: $? = 0
configure:7558: result: yes
configure:7558: checking for sys/stat.h
configure:7558: mipsel-linux-gcc -c -g -O2  conftest.c >&5
configure:7558: $? = 0
configure:7558: result: yes
configure:7558: checking for stdlib.h
configure:7558: mipsel-linux-gcc -c -g -O2  conftest.c >&5
configure:7558: $? = 0
configure:7558: result: yes
configure:7558: checking for string.h
configure:7558: mipsel-linux-gcc -c -g -O2  conftest.c >&5
configure:7558: $? = 0
configure:7558: result: yes
configure:7558: checking for memory.h
configure:7558: mipsel-linux-gcc -c -g -O2  conftest.c >&5
configure:7558: $? = 0
configure:7558: result: yes
configure:7558: checking for strings.h
configure:7558: mipsel-linux-gcc -c -g -O2  conftest.c >&5
configure:7558: $? = 0
configure:7558: result: yes
configure:7558: checking for inttypes.h
configure:7558: mipsel-linux-gcc -c -g -O2  conftest.c >&5
configure:7558: $? = 0
configure:7558: result: yes
configure:7558: checking for stdint.h
configure:7558: mipsel-linux-gcc -c -g -O2  conftest.c >&5
configure:7558: $? = 0
configure:7558: result: yes
configure:7558: checking for unistd.h
configure:7558: mipsel-linux-gcc -c -g -O2  conftest.c >&5
configure:7558: $? = 0
configure:7558: result: yes
configure:7572: checking for dlfcn.h
configure:7572: mipsel-linux-gcc -c -g -O2  conftest.c >&5
configure:7572: $? = 0
configure:7572: result: yes
configure:7778: checking for objdir
configure:7793: result: .libs
configure:8060: checking if mipsel-linux-gcc supports -fno-rtti -fno-exceptions
configure:8078: mipsel-linux-gcc -c -g -O2  -fno-rtti -fno-exceptions conftest.c >&5
cc1: warning: command line option "-fno-rtti" is valid for C++/ObjC++ but not for C
configure:8082: $? = 0
configure:8095: result: no
configure:8422: checking for mipsel-linux-gcc option to produce PIC
configure:8429: result: -fPIC -DPIC
configure:8437: checking if mipsel-linux-gcc PIC flag -fPIC -DPIC works
configure:8455: mipsel-linux-gcc -c -g -O2  -fPIC -DPIC -DPIC conftest.c >&5
configure:8459: $? = 0
configure:8472: result: yes
configure:8501: checking if mipsel-linux-gcc static flag -static works
configure:8529: result: yes
configure:8544: checking if mipsel-linux-gcc supports -c -o file.o
configure:8565: mipsel-linux-gcc -c -g -O2  -o out/conftest2.o conftest.c >&5
configure:8569: $? = 0
configure:8591: result: yes
configure:8599: checking if mipsel-linux-gcc supports -c -o file.o
configure:8646: result: yes
configure:8679: checking whether the mipsel-linux-gcc linker (/home/felix/qodome/RT288x_SDK/toolchain/buildroot-gcc342/mipsel-linux-uclibc/bin/ld) supports shared libraries
configure:9836: result: yes
configure:9873: checking whether -lc should be explicitly linked in
configure:9881: mipsel-linux-gcc -c -g -O2  conftest.c >&5
configure:9884: $? = 0
configure:9899: mipsel-linux-gcc -shared  -fPIC -DPIC conftest.o  -v -Wl,-soname -Wl,conftest -o conftest 2\>\&1 \| /bin/grep  -lc  \>/dev/null 2\>\&1
configure:9902: $? = 0
configure:9916: result: no
configure:10076: checking dynamic linker characteristics
configure:10576: mipsel-linux-gcc -o conftest -g -O2   -Wl,-rpath -Wl,/foo conftest.c  >&5
configure:10576: $? = 0
configure:10810: result: GNU/Linux ld.so
configure:10917: checking how to hardcode library paths into programs
configure:10942: result: immediate
configure:11482: checking whether stripping libraries is possible
configure:11487: result: yes
configure:11522: checking if libtool supports shared libraries
configure:11524: result: yes
configure:11527: checking whether to build shared libraries
configure:11548: result: yes
configure:11551: checking whether to build static libraries
configure:11555: result: yes
configure:11607: checking endian.h usability
configure:11607: mipsel-linux-gcc -c -g -O2  conftest.c >&5
configure:11607: $? = 0
configure:11607: result: yes
configure:11607: checking endian.h presence
configure:11607: mipsel-linux-gcc -E  conftest.c
configure:11607: $? = 0
configure:11607: result: yes
configure:11607: checking for endian.h
configure:11607: result: yes
configure:11607: checking fcntl.h usability
configure:11607: mipsel-linux-gcc -c -g -O2  conftest.c >&5
configure:11607: $? = 0
configure:11607: result: yes
configure:11607: checking fcntl.h presence
configure:11607: mipsel-linux-gcc -E  conftest.c
configure:11607: $? = 0
configure:11607: result: yes
configure:11607: checking for fcntl.h
configure:11607: result: yes
configure:11607: checking locale.h usability
configure:11607: mipsel-linux-gcc -c -g -O2  conftest.c >&5
configure:11607: $? = 0
configure:11607: result: yes
configure:11607: checking locale.h presence
configure:11607: mipsel-linux-gcc -E  conftest.c
configure:11607: $? = 0
configure:11607: result: yes
configure:11607: checking for locale.h
configure:11607: result: yes
configure:11607: checking sched.h usability
configure:11607: mipsel-linux-gcc -c -g -O2  conftest.c >&5
configure:11607: $? = 0
configure:11607: result: yes
configure:11607: checking sched.h presence
configure:11607: mipsel-linux-gcc -E  conftest.c
configure:11607: $? = 0
configure:11607: result: yes
configure:11607: checking for sched.h
configure:11607: result: yes
configure:11607: checking for unistd.h
configure:11607: result: yes
configure:11607: checking sys/param.h usability
configure:11607: mipsel-linux-gcc -c -g -O2  conftest.c >&5
configure:11607: $? = 0
configure:11607: result: yes
configure:11607: checking sys/param.h presence
configure:11607: mipsel-linux-gcc -E  conftest.c
configure:11607: $? = 0
configure:11607: result: yes
configure:11607: checking for sys/param.h
configure:11607: result: yes
configure:11607: checking for sys/stat.h
configure:11607: result: yes
configure:11607: checking sys/time.h usability
configure:11607: mipsel-linux-gcc -c -g -O2  conftest.c >&5
configure:11607: $? = 0
configure:11607: result: yes
configure:11607: checking sys/time.h presence
configure:11607: mipsel-linux-gcc -E  conftest.c
configure:11607: $? = 0
configure:11607: result: yes
configure:11607: checking for sys/time.h
configure:11607: result: yes
configure:11607: checking for sys/types.h
configure:11607: result: yes
configure:11619: checking for int32_t
configure:11619: mipsel-linux-gcc -c -g -O2  conftest.c >&5
configure:11619: $? = 0
configure:11619: mipsel-linux-gcc -c -g -O2  conftest.c >&5
conftest.c: In function `main':
conftest.c:70: warning: integer overflow in expression
conftest.c:70: error: size of array `test_array' is negative
configure:11619: $? = 1
configure: failed program was:
| /* confdefs.h */
| #define PACKAGE_NAME "jansson"
| #define PACKAGE_TARNAME "jansson"
| #define PACKAGE_VERSION "2.7"
| #define PACKAGE_STRING "jansson 2.7"
| #define PACKAGE_BUGREPORT "petri@digip.org"
| #define PACKAGE_URL ""
| #define PACKAGE "jansson"
| #define VERSION "2.7"
| #define STDC_HEADERS 1
| #define HAVE_SYS_TYPES_H 1
| #define HAVE_SYS_STAT_H 1
| #define HAVE_STDLIB_H 1
| #define HAVE_STRING_H 1
| #define HAVE_MEMORY_H 1
| #define HAVE_STRINGS_H 1
| #define HAVE_INTTYPES_H 1
| #define HAVE_STDINT_H 1
| #define HAVE_UNISTD_H 1
| #define HAVE_DLFCN_H 1
| #define LT_OBJDIR ".libs/"
| #define HAVE_ENDIAN_H 1
| #define HAVE_FCNTL_H 1
| #define HAVE_LOCALE_H 1
| #define HAVE_SCHED_H 1
| #define HAVE_UNISTD_H 1
| #define HAVE_SYS_PARAM_H 1
| #define HAVE_SYS_STAT_H 1
| #define HAVE_SYS_TIME_H 1
| #define HAVE_SYS_TYPES_H 1
| /* end confdefs.h.  */
| #include <stdio.h>
| #ifdef HAVE_SYS_TYPES_H
| # include <sys/types.h>
| #endif
| #ifdef HAVE_SYS_STAT_H
| # include <sys/stat.h>
| #endif
| #ifdef STDC_HEADERS
| # include <stdlib.h>
| # include <stddef.h>
| #else
| # ifdef HAVE_STDLIB_H
| #  include <stdlib.h>
| # endif
| #endif
| #ifdef HAVE_STRING_H
| # if !defined STDC_HEADERS && defined HAVE_MEMORY_H
| #  include <memory.h>
| # endif
| # include <string.h>
| #endif
| #ifdef HAVE_STRINGS_H
| # include <strings.h>
| #endif
| #ifdef HAVE_INTTYPES_H
| # include <inttypes.h>
| #endif
| #ifdef HAVE_STDINT_H
| # include <stdint.h>
| #endif
| #ifdef HAVE_UNISTD_H
| # include <unistd.h>
| #endif
| 	        enum { N = 32 / 2 - 1 };
| int
| main ()
| {
| static int test_array [1 - 2 * !((int32_t) (((((int32_t) 1 << N) << N) - 1) * 2 + 1)
| 		 < (int32_t) (((((int32_t) 1 << N) << N) - 1) * 2 + 2))];
| test_array [0] = 0;
| return test_array [0];
| 
|   ;
|   return 0;
| }
configure:11619: result: yes
configure:11630: checking for uint32_t
configure:11630: mipsel-linux-gcc -c -g -O2  conftest.c >&5
configure:11630: $? = 0
configure:11630: result: yes
configure:11644: checking for uint16_t
configure:11644: mipsel-linux-gcc -c -g -O2  conftest.c >&5
configure:11644: $? = 0
configure:11644: result: yes
configure:11656: checking for uint8_t
configure:11656: mipsel-linux-gcc -c -g -O2  conftest.c >&5
configure:11656: $? = 0
configure:11656: result: yes
configure:11671: checking for unsigned long long int
configure:11710: mipsel-linux-gcc -o conftest -g -O2   conftest.c  >&5
configure:11710: $? = 0
configure:11719: result: yes
configure:11729: checking for long long int
configure:11779: result: yes
configure:11788: checking for inline
configure:11804: mipsel-linux-gcc -c -g -O2  conftest.c >&5
configure:11804: $? = 0
configure:11812: result: inline
configure:11841: checking for close
configure:11841: mipsel-linux-gcc -o conftest -g -O2   conftest.c  >&5
configure:11841: $? = 0
configure:11841: result: yes
configure:11841: checking for getpid
configure:11841: mipsel-linux-gcc -o conftest -g -O2   conftest.c  >&5
configure:11841: $? = 0
configure:11841: result: yes
configure:11841: checking for gettimeofday
configure:11841: mipsel-linux-gcc -o conftest -g -O2   conftest.c  >&5
configure:11841: $? = 0
configure:11841: result: yes
configure:11841: checking for localeconv
configure:11841: mipsel-linux-gcc -o conftest -g -O2   conftest.c  >&5
configure:11841: $? = 0
configure:11841: result: yes
configure:11841: checking for open
configure:11841: mipsel-linux-gcc -o conftest -g -O2   conftest.c  >&5
configure:11841: $? = 0
configure:11841: result: yes
configure:11841: checking for read
configure:11841: mipsel-linux-gcc -o conftest -g -O2   conftest.c  >&5
configure:11841: $? = 0
configure:11841: result: yes
configure:11841: checking for sched_yield
configure:11841: mipsel-linux-gcc -o conftest -g -O2   conftest.c  >&5
configure:11841: $? = 0
configure:11841: result: yes
configure:11841: checking for strtoll
configure:11841: mipsel-linux-gcc -o conftest -g -O2   conftest.c  >&5
configure:11841: $? = 0
configure:11841: result: yes
configure:11851: checking for gcc __sync builtins
configure:11865: mipsel-linux-gcc -o conftest -g -O2   conftest.c  >&5
/tmp/ccIeY3U7.o: In function `main':/home/felix/jansson-2.7/conftest.c:46: undefined reference to `__sync_bool_compare_and_swap'
collect2: ld returned 1 exit status
configure:11865: $? = 1
configure: failed program was:
| /* confdefs.h */
| #define PACKAGE_NAME "jansson"
| #define PACKAGE_TARNAME "jansson"
| #define PACKAGE_VERSION "2.7"
| #define PACKAGE_STRING "jansson 2.7"
| #define PACKAGE_BUGREPORT "petri@digip.org"
| #define PACKAGE_URL ""
| #define PACKAGE "jansson"
| #define VERSION "2.7"
| #define STDC_HEADERS 1
| #define HAVE_SYS_TYPES_H 1
| #define HAVE_SYS_STAT_H 1
| #define HAVE_STDLIB_H 1
| #define HAVE_STRING_H 1
| #define HAVE_MEMORY_H 1
| #define HAVE_STRINGS_H 1
| #define HAVE_INTTYPES_H 1
| #define HAVE_STDINT_H 1
| #define HAVE_UNISTD_H 1
| #define HAVE_DLFCN_H 1
| #define LT_OBJDIR ".libs/"
| #define HAVE_ENDIAN_H 1
| #define HAVE_FCNTL_H 1
| #define HAVE_LOCALE_H 1
| #define HAVE_SCHED_H 1
| #define HAVE_UNISTD_H 1
| #define HAVE_SYS_PARAM_H 1
| #define HAVE_SYS_STAT_H 1
| #define HAVE_SYS_TIME_H 1
| #define HAVE_SYS_TYPES_H 1
| #define HAVE_UNSIGNED_LONG_LONG_INT 1
| #define HAVE_LONG_LONG_INT 1
| #define HAVE_CLOSE 1
| #define HAVE_GETPID 1
| #define HAVE_GETTIMEOFDAY 1
| #define HAVE_LOCALECONV 1
| #define HAVE_OPEN 1
| #define HAVE_READ 1
| #define HAVE_SCHED_YIELD 1
| #define HAVE_STRTOLL 1
| /* end confdefs.h.  */
| 
| int
| main ()
| {
| unsigned long val; __sync_bool_compare_and_swap(&val, 0, 1);
|   ;
|   return 0;
| }
configure:11875: result: no
configure:11878: checking for gcc __atomic builtins
configure:11892: mipsel-linux-gcc -o conftest -g -O2   conftest.c  >&5
conftest.c: In function `main':
conftest.c:46: error: `__ATOMIC_RELAXED' undeclared (first use in this function)
conftest.c:46: error: (Each undeclared identifier is reported only once
conftest.c:46: error: for each function it appears in.)
conftest.c:46: error: `__ATOMIC_RELEASE' undeclared (first use in this function)
conftest.c:46: error: `__ATOMIC_ACQUIRE' undeclared (first use in this function)
configure:11892: $? = 1
configure: failed program was:
| /* confdefs.h */
| #define PACKAGE_NAME "jansson"
| #define PACKAGE_TARNAME "jansson"
| #define PACKAGE_VERSION "2.7"
| #define PACKAGE_STRING "jansson 2.7"
| #define PACKAGE_BUGREPORT "petri@digip.org"
| #define PACKAGE_URL ""
| #define PACKAGE "jansson"
| #define VERSION "2.7"
| #define STDC_HEADERS 1
| #define HAVE_SYS_TYPES_H 1
| #define HAVE_SYS_STAT_H 1
| #define HAVE_STDLIB_H 1
| #define HAVE_STRING_H 1
| #define HAVE_MEMORY_H 1
| #define HAVE_STRINGS_H 1
| #define HAVE_INTTYPES_H 1
| #define HAVE_STDINT_H 1
| #define HAVE_UNISTD_H 1
| #define HAVE_DLFCN_H 1
| #define LT_OBJDIR ".libs/"
| #define HAVE_ENDIAN_H 1
| #define HAVE_FCNTL_H 1
| #define HAVE_LOCALE_H 1
| #define HAVE_SCHED_H 1
| #define HAVE_UNISTD_H 1
| #define HAVE_SYS_PARAM_H 1
| #define HAVE_SYS_STAT_H 1
| #define HAVE_SYS_TIME_H 1
| #define HAVE_SYS_TYPES_H 1
| #define HAVE_UNSIGNED_LONG_LONG_INT 1
| #define HAVE_LONG_LONG_INT 1
| #define HAVE_CLOSE 1
| #define HAVE_GETPID 1
| #define HAVE_GETTIMEOFDAY 1
| #define HAVE_LOCALECONV 1
| #define HAVE_OPEN 1
| #define HAVE_READ 1
| #define HAVE_SCHED_YIELD 1
| #define HAVE_STRTOLL 1
| /* end confdefs.h.  */
| 
| int
| main ()
| {
| char l; unsigned long v; __atomic_test_and_set(&l, __ATOMIC_RELAXED); __atomic_store_n(&v, 1, __ATOMIC_RELEASE); __atomic_load_n(&v, __ATOMIC_ACQUIRE);
|   ;
|   return 0;
| }
configure:11902: result: no
configure:12062: checking that generated files are newer than configure
configure:12068: result: done
configure:12095: creating ./config.status

## ---------------------- ##
## Running config.status. ##
## ---------------------- ##

This file was extended by jansson config.status 2.7, which was
generated by GNU Autoconf 2.69.  Invocation command line was

  CONFIG_FILES    = 
  CONFIG_HEADERS  = 
  CONFIG_LINKS    = 
  CONFIG_COMMANDS = 
  $ ./config.status 

on ubuntu

config.status:1115: creating jansson.pc
config.status:1115: creating Makefile
config.status:1115: creating doc/Makefile
config.status:1115: creating src/Makefile
config.status:1115: creating src/jansson_config.h
config.status:1115: creating test/Makefile
config.status:1115: creating test/bin/Makefile
config.status:1115: creating test/suites/Makefile
config.status:1115: creating test/suites/api/Makefile
config.status:1115: creating jansson_private_config.h
config.status:1344: executing depfiles commands
config.status:1344: executing libtool commands

## ---------------- ##
## Cache variables. ##
## ---------------- ##

ac_cv_build=i686-pc-linux-uclibc
ac_cv_c_compiler_gnu=yes
ac_cv_c_inline=inline
ac_cv_c_int32_t=yes
ac_cv_c_uint16_t=yes
ac_cv_c_uint32_t=yes
ac_cv_c_uint8_t=yes
ac_cv_env_CC_set=set
ac_cv_env_CC_value=mipsel-linux-gcc
ac_cv_env_CFLAGS_set=
ac_cv_env_CFLAGS_value=
ac_cv_env_CPPFLAGS_set=
ac_cv_env_CPPFLAGS_value=
ac_cv_env_CPP_set=
ac_cv_env_CPP_value=
ac_cv_env_LDFLAGS_set=
ac_cv_env_LDFLAGS_value=
ac_cv_env_LIBS_set=
ac_cv_env_LIBS_value=
ac_cv_env_build_alias_set=
ac_cv_env_build_alias_value=
ac_cv_env_host_alias_set=set
ac_cv_env_host_alias_value=i386-linux
ac_cv_env_target_alias_set=set
ac_cv_env_target_alias_value=mipsel-linux
ac_cv_func_close=yes
ac_cv_func_getpid=yes
ac_cv_func_gettimeofday=yes
ac_cv_func_localeconv=yes
ac_cv_func_open=yes
ac_cv_func_read=yes
ac_cv_func_sched_yield=yes
ac_cv_func_strtoll=yes
ac_cv_header_dlfcn_h=yes
ac_cv_header_endian_h=yes
ac_cv_header_fcntl_h=yes
ac_cv_header_inttypes_h=yes
ac_cv_header_locale_h=yes
ac_cv_header_memory_h=yes
ac_cv_header_sched_h=yes
ac_cv_header_stdc=yes
ac_cv_header_stdint_h=yes
ac_cv_header_stdlib_h=yes
ac_cv_header_string_h=yes
ac_cv_header_strings_h=yes
ac_cv_header_sys_param_h=yes
ac_cv_header_sys_stat_h=yes
ac_cv_header_sys_time_h=yes
ac_cv_header_sys_types_h=yes
ac_cv_header_unistd_h=yes
ac_cv_host=i386-pc-linux-gnu
ac_cv_objext=o
ac_cv_path_EGREP='/bin/grep -E'
ac_cv_path_FGREP='/bin/grep -F'
ac_cv_path_GREP=/bin/grep
ac_cv_path_SED=/bin/sed
ac_cv_path_install='/usr/bin/install -c'
ac_cv_path_mkdir=/bin/mkdir
ac_cv_prog_AWK=gawk
ac_cv_prog_CC=mipsel-linux-gcc
ac_cv_prog_CPP='mipsel-linux-gcc -E'
ac_cv_prog_STRIP=strip
ac_cv_prog_ac_ct_AR=ar
ac_cv_prog_ac_ct_DUMPBIN='link -dump'
ac_cv_prog_ac_ct_MANIFEST_TOOL=mt
ac_cv_prog_ac_ct_OBJDUMP=objdump
ac_cv_prog_ac_ct_RANLIB=ranlib
ac_cv_prog_ac_ct_STRIP=strip
ac_cv_prog_cc_c89=
ac_cv_prog_cc_g=yes
ac_cv_prog_make_make_set=yes
ac_cv_type_long_long_int=yes
ac_cv_type_unsigned_long_long_int=yes
am_cv_CC_dependencies_compiler_type=gcc3
am_cv_make_support_nested_variables=yes
am_cv_prog_cc_c_o=yes
lt_cv_ar_at_file=@
lt_cv_archive_cmds_need_lc=no
lt_cv_deplibs_check_method=pass_all
lt_cv_file_magic_cmd='$MAGIC_CMD'
lt_cv_file_magic_test_file=
lt_cv_ld_reload_flag=-r
lt_cv_nm_interface='BSD nm'
lt_cv_objdir=.libs
lt_cv_path_LD=/home/felix/qodome/RT288x_SDK/toolchain/buildroot-gcc342/mipsel-linux-uclibc/bin/ld
lt_cv_path_NM=no
lt_cv_path_mainfest_tool=no
lt_cv_prog_compiler_c_o=yes
lt_cv_prog_compiler_pic='-fPIC -DPIC'
lt_cv_prog_compiler_pic_works=yes
lt_cv_prog_compiler_rtti_exceptions=no
lt_cv_prog_compiler_static_works=yes
lt_cv_prog_gnu_ld=yes
lt_cv_sharedlib_from_linklib_cmd='printf %s\n'
lt_cv_shlibpath_overrides_runpath=no
lt_cv_sys_global_symbol_pipe='sed -n -e '\''s/^.*[	 ]\([ABCDGIRSTW][ABCDGIRSTW]*\)[	 ][	 ]*\([_A-Za-z][_A-Za-z0-9]*\)$/\1 \2 \2/p'\'' | sed '\''/ __gnu_lto/d'\'''
lt_cv_sys_global_symbol_to_c_name_address='sed -n -e '\''s/^: \([^ ]*\)[ ]*$/  {\"\1\", (void *) 0},/p'\'' -e '\''s/^[ABCDGIRSTW]* \([^ ]*\) \([^ ]*\)$/  {"\2", (void *) \&\2},/p'\'''
lt_cv_sys_global_symbol_to_c_name_address_lib_prefix='sed -n -e '\''s/^: \([^ ]*\)[ ]*$/  {\"\1\", (void *) 0},/p'\'' -e '\''s/^[ABCDGIRSTW]* \([^ ]*\) \(lib[^ ]*\)$/  {"\2", (void *) \&\2},/p'\'' -e '\''s/^[ABCDGIRSTW]* \([^ ]*\) \([^ ]*\)$/  {"lib\2", (void *) \&\2},/p'\'''
lt_cv_sys_global_symbol_to_cdecl='sed -n -e '\''s/^T .* \(.*\)$/extern int \1();/p'\'' -e '\''s/^[ABCDGIRSTW]* .* \(.*\)$/extern char \1;/p'\'''
lt_cv_sys_max_cmd_len=1572864
lt_cv_to_host_file_cmd=func_convert_file_noop
lt_cv_to_tool_file_cmd=func_convert_file_noop

## ----------------- ##
## Output variables. ##
## ----------------- ##

ACLOCAL='${SHELL} /home/felix/jansson-2.7/missing aclocal-1.14'
AMDEPBACKSLASH='\'
AMDEP_FALSE='#'
AMDEP_TRUE=''
AMTAR='$${TAR-tar}'
AM_BACKSLASH='\'
AM_CFLAGS='-Wall -Wextra -Wdeclaration-after-statement'
AM_DEFAULT_V='$(AM_DEFAULT_VERBOSITY)'
AM_DEFAULT_VERBOSITY='1'
AM_V='$(V)'
AR='ar'
AUTOCONF='${SHELL} /home/felix/jansson-2.7/missing autoconf'
AUTOHEADER='${SHELL} /home/felix/jansson-2.7/missing autoheader'
AUTOMAKE='${SHELL} /home/felix/jansson-2.7/missing automake-1.14'
AWK='gawk'
CC='mipsel-linux-gcc'
CCDEPMODE='depmode=gcc3'
CFLAGS='-g -O2'
CPP='mipsel-linux-gcc -E'
CPPFLAGS=''
CYGPATH_W='echo'
DEFS='-DHAVE_CONFIG_H'
DEPDIR='.deps'
DLLTOOL='false'
DSYMUTIL=''
DUMPBIN=':'
ECHO_C=''
ECHO_N='-n'
ECHO_T=''
EGREP='/bin/grep -E'
EXEEXT=''
FGREP='/bin/grep -F'
GCC_FALSE='#'
GCC_TRUE=''
GREP='/bin/grep'
INSTALL_DATA='${INSTALL} -m 644'
INSTALL_PROGRAM='${INSTALL}'
INSTALL_SCRIPT='${INSTALL}'
INSTALL_STRIP_PROGRAM='$(install_sh) -c -s'
LD='/home/felix/qodome/RT288x_SDK/toolchain/buildroot-gcc342/mipsel-linux-uclibc/bin/ld'
LDFLAGS=''
LIBOBJS=''
LIBS=''
LIBTOOL='$(SHELL) $(top_builddir)/libtool'
LIPO=''
LN_S='ln -s'
LTLIBOBJS=''
MAKEINFO='${SHELL} /home/felix/jansson-2.7/missing makeinfo'
MANIFEST_TOOL=':'
MKDIR_P='/bin/mkdir -p'
NM='nm'
NMEDIT=''
OBJDUMP='objdump'
OBJEXT='o'
OTOOL64=''
OTOOL=''
PACKAGE='jansson'
PACKAGE_BUGREPORT='petri@digip.org'
PACKAGE_NAME='jansson'
PACKAGE_STRING='jansson 2.7'
PACKAGE_TARNAME='jansson'
PACKAGE_URL=''
PACKAGE_VERSION='2.7'
PATH_SEPARATOR=':'
RANLIB='ranlib'
SED='/bin/sed'
SET_MAKE=''
SHELL='/bin/bash'
STRIP='strip'
VERSION='2.7'
ac_ct_AR='ar'
ac_ct_CC=''
ac_ct_DUMPBIN='link -dump'
am__EXEEXT_FALSE=''
am__EXEEXT_TRUE='#'
am__fastdepCC_FALSE='#'
am__fastdepCC_TRUE=''
am__include='include'
am__isrc=''
am__leading_dot='.'
am__nodep='_no'
am__quote=''
am__tar='$${TAR-tar} chof - "$$tardir"'
am__untar='$${TAR-tar} xf -'
bindir='${exec_prefix}/bin'
build='i686-pc-linux-uclibc'
build_alias=''
build_cpu='i686'
build_os='linux-uclibc'
build_vendor='pc'
datadir='${datarootdir}'
datarootdir='${prefix}/share'
docdir='${datarootdir}/doc/${PACKAGE_TARNAME}'
dvidir='${docdir}'
exec_prefix='${prefix}'
host='i386-pc-linux-gnu'
host_alias='i386-linux'
host_cpu='i386'
host_os='linux-gnu'
host_vendor='pc'
htmldir='${docdir}'
includedir='${prefix}/include'
infodir='${datarootdir}/info'
install_sh='${SHELL} /home/felix/jansson-2.7/install-sh'
json_have_localeconv='1'
json_have_long_long='1'
json_inline='inline'
libdir='${exec_prefix}/lib'
libexecdir='${exec_prefix}/libexec'
localedir='${datarootdir}/locale'
localstatedir='${prefix}/var'
mandir='${datarootdir}/man'
mkdir_p='$(MKDIR_P)'
oldincludedir='/usr/include'
pdfdir='${docdir}'
prefix='/usr/local'
program_transform_name='s,x,x,'
psdir='${docdir}'
sbindir='${exec_prefix}/sbin'
sharedstatedir='${prefix}/com'
sysconfdir='${prefix}/etc'
target_alias='mipsel-linux'

## ----------- ##
## confdefs.h. ##
## ----------- ##

/* confdefs.h */
#define PACKAGE_NAME "jansson"
#define PACKAGE_TARNAME "jansson"
#define PACKAGE_VERSION "2.7"
#define PACKAGE_STRING "jansson 2.7"
#define PACKAGE_BUGREPORT "petri@digip.org"
#define PACKAGE_URL ""
#define PACKAGE "jansson"
#define VERSION "2.7"
#define STDC_HEADERS 1
#define HAVE_SYS_TYPES_H 1
#define HAVE_SYS_STAT_H 1
#define HAVE_STDLIB_H 1
#define HAVE_STRING_H 1
#define HAVE_MEMORY_H 1
#define HAVE_STRINGS_H 1
#define HAVE_INTTYPES_H 1
#define HAVE_STDINT_H 1
#define HAVE_UNISTD_H 1
#define HAVE_DLFCN_H 1
#define LT_OBJDIR ".libs/"
#define HAVE_ENDIAN_H 1
#define HAVE_FCNTL_H 1
#define HAVE_LOCALE_H 1
#define HAVE_SCHED_H 1
#define HAVE_UNISTD_H 1
#define HAVE_SYS_PARAM_H 1
#define HAVE_SYS_STAT_H 1
#define HAVE_SYS_TIME_H 1
#define HAVE_SYS_TYPES_H 1
#define HAVE_UNSIGNED_LONG_LONG_INT 1
#define HAVE_LONG_LONG_INT 1
#define HAVE_CLOSE 1
#define HAVE_GETPID 1
#define HAVE_GETTIMEOFDAY 1
#define HAVE_LOCALECONV 1
#define HAVE_OPEN 1
#define HAVE_READ 1
#define HAVE_SCHED_YIELD 1
#define HAVE_STRTOLL 1
#define USE_URANDOM 1
#define USE_WINDOWS_CRYPTOAPI 1

configure: exit 0
