find . -type f \
		\( -name 'core' -o -name '*.bak' -o -name '*~' \
		-o -name '*.o'  -o -name '*.a'  \) -print \
		| xargs rm -f
find ./ -name '.depend' -print | xargs rm -f
rm -f examples/hello_world examples/timer \
	      examples/eepro100_eeprom examples/sched \
	      examples/mem_to_mem_idma2intr examples/82559_eeprom
rm -f tools/img2srec tools/mkimage tools/envcrc tools/gen_eth_addr
rm -f tools/mpc86x_clk tools/ncb
rm -f tools/easylogo/easylogo tools/bmp_logo
rm -f tools/gdb/astest tools/gdb/gdbcont tools/gdb/gdbsend
rm -f tools/env/fw_printenv tools/env/fw_setenv
rm -f board/cray/L1/bootscript.c board/cray/L1/bootscript.image
rm -f board/trab/trab_fkt
rm -f stage1/stage2.bin stage1/stage1n2.elf stage1/stage1n2.map
rm -f ./uboot.bin ./uboot.img ./u-boot ./u-boot.*
rm -f scripts/lxdialog/lxdialog
make[1]: Entering directory `/home/felix/qodome/RT288x_SDK/Uboot/tools'
make[1]: Nothing to be done for `.depend'.
make[1]: Leaving directory `/home/felix/qodome/RT288x_SDK/Uboot/tools'
make -C tools all
make[1]: Entering directory `/home/felix/qodome/RT288x_SDK/Uboot/tools'
gcc -I./ -DUSE_HOSTCC -c mkimage.c
gcc -I./ -DUSE_HOSTCC -c crc32.c
gcc -o mkimage mkimage.o crc32.o
make[1]: Leaving directory `/home/felix/qodome/RT288x_SDK/Uboot/tools'
echo make -C tools all
make -C tools all
"/home/felix/qodome/RT288x_SDK/toolchain/buildroot-gcc342/bin"/mipsel-linux-gcc -Wa,-gstabs -D__ASSEMBLY__ -gdwarf-2 -DDEBUG -Os   -D__KERNEL__ -DTEXT_BASE=0xA0200000 -I/home/felix/qodome/RT288x_SDK/Uboot/include -fno-builtin -ffreestanding -nostdinc -isystem /usr/lib/gcc/i686-linux-gnu/4.6.1/include -pipe  -DCONFIG_MIPS -D__MIPS__ -march=4kc -mtune=4kc -mabicalls -DRALINK_MDIO_ACCESS_FUN -DRALINK_SPI_UPGRADE_CHECK -DRALINK_RW_RF_REG_FUN -DRALINK_UPGRADE_BY_SERIAL -DRALINK_CMDLINE -DRALINK_EPHY_INIT -DCONFIG_GZIP -DCONFIG_LZMA -DP5_MAC_TO_NONE_MODE -DASIC_BOARD -DRT5350_ASIC_BOARD -DRT5350_MP -DUBOOT_RAM -DON_BOARD_SDR -DON_BOARD_16BIT_DRAM_BUS -DON_BOARD_256M_DRAM_COMPONENT -DCFG_ENV_IS_IN_SPI -c -o cpu/ralink_soc/start.o /home/felix/qodome/RT288x_SDK/Uboot/cpu/ralink_soc/start.S
make -C `dirname lib_generic/libgeneric.a`
make[1]: Entering directory `/home/felix/qodome/RT288x_SDK/Uboot/lib_generic'
"/home/felix/qodome/RT288x_SDK/toolchain/buildroot-gcc342/bin"/mipsel-linux-gcc -M -gdwarf-2 -DDEBUG -Os   -D__KERNEL__ -DTEXT_BASE=0xA0200000 -I/home/felix/qodome/RT288x_SDK/Uboot/include -fno-builtin -ffreestanding -nostdinc -isystem /home/felix/qodome/RT288x_SDK/toolchain/buildroot-gcc342/bin/../lib/gcc/mipsel-linux-uclibc/3.4.2/include -pipe  -DCONFIG_MIPS -D__MIPS__ -march=4kc -mtune=4kc -mabicalls -DRALINK_MDIO_ACCESS_FUN -DRALINK_SPI_UPGRADE_CHECK -DRALINK_RW_RF_REG_FUN -DRALINK_UPGRADE_BY_SERIAL -DRALINK_CMDLINE -DRALINK_EPHY_INIT -DCONFIG_GZIP -DCONFIG_LZMA -DP5_MAC_TO_NONE_MODE -DASIC_BOARD -DRT5350_ASIC_BOARD -DRT5350_MP -DUBOOT_RAM -DON_BOARD_SDR -DON_BOARD_16BIT_DRAM_BUS -DON_BOARD_256M_DRAM_COMPONENT -DCFG_ENV_IS_IN_SPI -Wall -Wstrict-prototypes crc32.c ctype.c display_options.c string.c vsprintf.c zlib.c LzmaDecode.c > .depend
make[1]: Leaving directory `/home/felix/qodome/RT288x_SDK/Uboot/lib_generic'
make[1]: Entering directory `/home/felix/qodome/RT288x_SDK/Uboot/lib_generic'
"/home/felix/qodome/RT288x_SDK/toolchain/buildroot-gcc342/bin"/mipsel-linux-gcc -gdwarf-2 -DDEBUG -Os   -D__KERNEL__ -DTEXT_BASE=0xA0200000 -I/home/felix/qodome/RT288x_SDK/Uboot/include -fno-builtin -ffreestanding -nostdinc -isystem /home/felix/qodome/RT288x_SDK/toolchain/buildroot-gcc342/bin/../lib/gcc/mipsel-linux-uclibc/3.4.2/include -pipe  -DCONFIG_MIPS -D__MIPS__ -march=4kc -mtune=4kc -mabicalls -DRALINK_MDIO_ACCESS_FUN -DRALINK_SPI_UPGRADE_CHECK -DRALINK_RW_RF_REG_FUN -DRALINK_UPGRADE_BY_SERIAL -DRALINK_CMDLINE -DRALINK_EPHY_INIT -DCONFIG_GZIP -DCONFIG_LZMA -DP5_MAC_TO_NONE_MODE -DASIC_BOARD -DRT5350_ASIC_BOARD -DRT5350_MP -DUBOOT_RAM -DON_BOARD_SDR -DON_BOARD_16BIT_DRAM_BUS -DON_BOARD_256M_DRAM_COMPONENT -DCFG_ENV_IS_IN_SPI -Wall -Wstrict-prototypes -c -o crc32.o crc32.c
"/home/felix/qodome/RT288x_SDK/toolchain/buildroot-gcc342/bin"/mipsel-linux-gcc -gdwarf-2 -DDEBUG -Os   -D__KERNEL__ -DTEXT_BASE=0xA0200000 -I/home/felix/qodome/RT288x_SDK/Uboot/include -fno-builtin -ffreestanding -nostdinc -isystem /home/felix/qodome/RT288x_SDK/toolchain/buildroot-gcc342/bin/../lib/gcc/mipsel-linux-uclibc/3.4.2/include -pipe  -DCONFIG_MIPS -D__MIPS__ -march=4kc -mtune=4kc -mabicalls -DRALINK_MDIO_ACCESS_FUN -DRALINK_SPI_UPGRADE_CHECK -DRALINK_RW_RF_REG_FUN -DRALINK_UPGRADE_BY_SERIAL -DRALINK_CMDLINE -DRALINK_EPHY_INIT -DCONFIG_GZIP -DCONFIG_LZMA -DP5_MAC_TO_NONE_MODE -DASIC_BOARD -DRT5350_ASIC_BOARD -DRT5350_MP -DUBOOT_RAM -DON_BOARD_SDR -DON_BOARD_16BIT_DRAM_BUS -DON_BOARD_256M_DRAM_COMPONENT -DCFG_ENV_IS_IN_SPI -Wall -Wstrict-prototypes -c -o ctype.o ctype.c
"/home/felix/qodome/RT288x_SDK/toolchain/buildroot-gcc342/bin"/mipsel-linux-gcc -gdwarf-2 -DDEBUG -Os   -D__KERNEL__ -DTEXT_BASE=0xA0200000 -I/home/felix/qodome/RT288x_SDK/Uboot/include -fno-builtin -ffreestanding -nostdinc -isystem /home/felix/qodome/RT288x_SDK/toolchain/buildroot-gcc342/bin/../lib/gcc/mipsel-linux-uclibc/3.4.2/include -pipe  -DCONFIG_MIPS -D__MIPS__ -march=4kc -mtune=4kc -mabicalls -DRALINK_MDIO_ACCESS_FUN -DRALINK_SPI_UPGRADE_CHECK -DRALINK_RW_RF_REG_FUN -DRALINK_UPGRADE_BY_SERIAL -DRALINK_CMDLINE -DRALINK_EPHY_INIT -DCONFIG_GZIP -DCONFIG_LZMA -DP5_MAC_TO_NONE_MODE -DASIC_BOARD -DRT5350_ASIC_BOARD -DRT5350_MP -DUBOOT_RAM -DON_BOARD_SDR -DON_BOARD_16BIT_DRAM_BUS -DON_BOARD_256M_DRAM_COMPONENT -DCFG_ENV_IS_IN_SPI -Wall -Wstrict-prototypes -c -o display_options.o display_options.c
"/home/felix/qodome/RT288x_SDK/toolchain/buildroot-gcc342/bin"/mipsel-linux-gcc -gdwarf-2 -DDEBUG -Os   -D__KERNEL__ -DTEXT_BASE=0xA0200000 -I/home/felix/qodome/RT288x_SDK/Uboot/include -fno-builtin -ffreestanding -nostdinc -isystem /home/felix/qodome/RT288x_SDK/toolchain/buildroot-gcc342/bin/../lib/gcc/mipsel-linux-uclibc/3.4.2/include -pipe  -DCONFIG_MIPS -D__MIPS__ -march=4kc -mtune=4kc -mabicalls -DRALINK_MDIO_ACCESS_FUN -DRALINK_SPI_UPGRADE_CHECK -DRALINK_RW_RF_REG_FUN -DRALINK_UPGRADE_BY_SERIAL -DRALINK_CMDLINE -DRALINK_EPHY_INIT -DCONFIG_GZIP -DCONFIG_LZMA -DP5_MAC_TO_NONE_MODE -DASIC_BOARD -DRT5350_ASIC_BOARD -DRT5350_MP -DUBOOT_RAM -DON_BOARD_SDR -DON_BOARD_16BIT_DRAM_BUS -DON_BOARD_256M_DRAM_COMPONENT -DCFG_ENV_IS_IN_SPI -Wall -Wstrict-prototypes -c -o string.o string.c
"/home/felix/qodome/RT288x_SDK/toolchain/buildroot-gcc342/bin"/mipsel-linux-gcc -gdwarf-2 -DDEBUG -Os   -D__KERNEL__ -DTEXT_BASE=0xA0200000 -I/home/felix/qodome/RT288x_SDK/Uboot/include -fno-builtin -ffreestanding -nostdinc -isystem /home/felix/qodome/RT288x_SDK/toolchain/buildroot-gcc342/bin/../lib/gcc/mipsel-linux-uclibc/3.4.2/include -pipe  -DCONFIG_MIPS -D__MIPS__ -march=4kc -mtune=4kc -mabicalls -DRALINK_MDIO_ACCESS_FUN -DRALINK_SPI_UPGRADE_CHECK -DRALINK_RW_RF_REG_FUN -DRALINK_UPGRADE_BY_SERIAL -DRALINK_CMDLINE -DRALINK_EPHY_INIT -DCONFIG_GZIP -DCONFIG_LZMA -DP5_MAC_TO_NONE_MODE -DASIC_BOARD -DRT5350_ASIC_BOARD -DRT5350_MP -DUBOOT_RAM -DON_BOARD_SDR -DON_BOARD_16BIT_DRAM_BUS -DON_BOARD_256M_DRAM_COMPONENT -DCFG_ENV_IS_IN_SPI -Wall -Wstrict-prototypes -c -o vsprintf.o vsprintf.c
"/home/felix/qodome/RT288x_SDK/toolchain/buildroot-gcc342/bin"/mipsel-linux-gcc -gdwarf-2 -DDEBUG -Os   -D__KERNEL__ -DTEXT_BASE=0xA0200000 -I/home/felix/qodome/RT288x_SDK/Uboot/include -fno-builtin -ffreestanding -nostdinc -isystem /home/felix/qodome/RT288x_SDK/toolchain/buildroot-gcc342/bin/../lib/gcc/mipsel-linux-uclibc/3.4.2/include -pipe  -DCONFIG_MIPS -D__MIPS__ -march=4kc -mtune=4kc -mabicalls -DRALINK_MDIO_ACCESS_FUN -DRALINK_SPI_UPGRADE_CHECK -DRALINK_RW_RF_REG_FUN -DRALINK_UPGRADE_BY_SERIAL -DRALINK_CMDLINE -DRALINK_EPHY_INIT -DCONFIG_GZIP -DCONFIG_LZMA -DP5_MAC_TO_NONE_MODE -DASIC_BOARD -DRT5350_ASIC_BOARD -DRT5350_MP -DUBOOT_RAM -DON_BOARD_SDR -DON_BOARD_16BIT_DRAM_BUS -DON_BOARD_256M_DRAM_COMPONENT -DCFG_ENV_IS_IN_SPI -Wall -Wstrict-prototypes -c -o zlib.o zlib.c
"/home/felix/qodome/RT288x_SDK/toolchain/buildroot-gcc342/bin"/mipsel-linux-gcc -gdwarf-2 -DDEBUG -Os   -D__KERNEL__ -DTEXT_BASE=0xA0200000 -I/home/felix/qodome/RT288x_SDK/Uboot/include -fno-builtin -ffreestanding -nostdinc -isystem /home/felix/qodome/RT288x_SDK/toolchain/buildroot-gcc342/bin/../lib/gcc/mipsel-linux-uclibc/3.4.2/include -pipe  -DCONFIG_MIPS -D__MIPS__ -march=4kc -mtune=4kc -mabicalls -DRALINK_MDIO_ACCESS_FUN -DRALINK_SPI_UPGRADE_CHECK -DRALINK_RW_RF_REG_FUN -DRALINK_UPGRADE_BY_SERIAL -DRALINK_CMDLINE -DRALINK_EPHY_INIT -DCONFIG_GZIP -DCONFIG_LZMA -DP5_MAC_TO_NONE_MODE -DASIC_BOARD -DRT5350_ASIC_BOARD -DRT5350_MP -DUBOOT_RAM -DON_BOARD_SDR -DON_BOARD_16BIT_DRAM_BUS -DON_BOARD_256M_DRAM_COMPONENT -DCFG_ENV_IS_IN_SPI -Wall -Wstrict-prototypes -c -o LzmaDecode.o LzmaDecode.c
"/home/felix/qodome/RT288x_SDK/toolchain/buildroot-gcc342/bin"/mipsel-linux-ar crv libgeneric.a crc32.o ctype.o display_options.o string.o vsprintf.o zlib.o LzmaDecode.o
a - crc32.o
a - ctype.o
a - display_options.o
a - string.o
a - vsprintf.o
a - zlib.o
a - LzmaDecode.o
make[1]: Leaving directory `/home/felix/qodome/RT288x_SDK/Uboot/lib_generic'
echo make -C `dirname lib_generic/libgeneric.a`
make -C lib_generic
make -C `dirname board/rt2880/librt2880.a`
make[1]: Entering directory `/home/felix/qodome/RT288x_SDK/Uboot/board/rt2880'
"/home/felix/qodome/RT288x_SDK/toolchain/buildroot-gcc342/bin"/mipsel-linux-gcc -M -g -gdwarf-2 -DDEBUG -Os   -D__KERNEL__ -DTEXT_BASE=0xA0200000 -I/home/felix/qodome/RT288x_SDK/Uboot/include -fno-builtin -ffreestanding -nostdinc -isystem /home/felix/qodome/RT288x_SDK/toolchain/buildroot-gcc342/bin/../lib/gcc/mipsel-linux-uclibc/3.4.2/include -pipe  -DCONFIG_MIPS -D__MIPS__ -march=4kc -mtune=4kc -mabicalls -DRALINK_MDIO_ACCESS_FUN -DRALINK_SPI_UPGRADE_CHECK -DRALINK_RW_RF_REG_FUN -DRALINK_UPGRADE_BY_SERIAL -DRALINK_CMDLINE -DRALINK_EPHY_INIT -DCONFIG_GZIP -DCONFIG_LZMA -DP5_MAC_TO_NONE_MODE -DASIC_BOARD -DRT5350_ASIC_BOARD -DRT5350_MP -DUBOOT_RAM -DON_BOARD_SDR -DON_BOARD_16BIT_DRAM_BUS -DON_BOARD_256M_DRAM_COMPONENT -DCFG_ENV_IS_IN_SPI -Wall -Wstrict-prototypes rt2880_init.S memsetup.S rt2880.c serial.c> .depend
make[1]: Leaving directory `/home/felix/qodome/RT288x_SDK/Uboot/board/rt2880'
make[1]: Entering directory `/home/felix/qodome/RT288x_SDK/Uboot/board/rt2880'
"/home/felix/qodome/RT288x_SDK/toolchain/buildroot-gcc342/bin"/mipsel-linux-gcc -gdwarf-2 -DDEBUG -Os   -D__KERNEL__ -DTEXT_BASE=0xA0200000 -I/home/felix/qodome/RT288x_SDK/Uboot/include -fno-builtin -ffreestanding -nostdinc -isystem /home/felix/qodome/RT288x_SDK/toolchain/buildroot-gcc342/bin/../lib/gcc/mipsel-linux-uclibc/3.4.2/include -pipe  -DCONFIG_MIPS -D__MIPS__ -march=4kc -mtune=4kc -mabicalls -DRALINK_MDIO_ACCESS_FUN -DRALINK_SPI_UPGRADE_CHECK -DRALINK_RW_RF_REG_FUN -DRALINK_UPGRADE_BY_SERIAL -DRALINK_CMDLINE -DRALINK_EPHY_INIT -DCONFIG_GZIP -DCONFIG_LZMA -DP5_MAC_TO_NONE_MODE -DASIC_BOARD -DRT5350_ASIC_BOARD -DRT5350_MP -DUBOOT_RAM -DON_BOARD_SDR -DON_BOARD_16BIT_DRAM_BUS -DON_BOARD_256M_DRAM_COMPONENT -DCFG_ENV_IS_IN_SPI -Wall -Wstrict-prototypes -c -o rt2880.o rt2880.c
"/home/felix/qodome/RT288x_SDK/toolchain/buildroot-gcc342/bin"/mipsel-linux-gcc -gdwarf-2 -DDEBUG -Os   -D__KERNEL__ -DTEXT_BASE=0xA0200000 -I/home/felix/qodome/RT288x_SDK/Uboot/include -fno-builtin -ffreestanding -nostdinc -isystem /home/felix/qodome/RT288x_SDK/toolchain/buildroot-gcc342/bin/../lib/gcc/mipsel-linux-uclibc/3.4.2/include -pipe  -DCONFIG_MIPS -D__MIPS__ -march=4kc -mtune=4kc -mabicalls -DRALINK_MDIO_ACCESS_FUN -DRALINK_SPI_UPGRADE_CHECK -DRALINK_RW_RF_REG_FUN -DRALINK_UPGRADE_BY_SERIAL -DRALINK_CMDLINE -DRALINK_EPHY_INIT -DCONFIG_GZIP -DCONFIG_LZMA -DP5_MAC_TO_NONE_MODE -DASIC_BOARD -DRT5350_ASIC_BOARD -DRT5350_MP -DUBOOT_RAM -DON_BOARD_SDR -DON_BOARD_16BIT_DRAM_BUS -DON_BOARD_256M_DRAM_COMPONENT -DCFG_ENV_IS_IN_SPI -Wall -Wstrict-prototypes -c -o serial.o serial.c
"/home/felix/qodome/RT288x_SDK/toolchain/buildroot-gcc342/bin"/mipsel-linux-gcc -Wa,-gstabs -D__ASSEMBLY__ -gdwarf-2 -DDEBUG -Os   -D__KERNEL__ -DTEXT_BASE=0xA0200000 -I/home/felix/qodome/RT288x_SDK/Uboot/include -fno-builtin -ffreestanding -nostdinc -isystem /home/felix/qodome/RT288x_SDK/toolchain/buildroot-gcc342/bin/../lib/gcc/mipsel-linux-uclibc/3.4.2/include -pipe  -DCONFIG_MIPS -D__MIPS__ -march=4kc -mtune=4kc -mabicalls -DRALINK_MDIO_ACCESS_FUN -DRALINK_SPI_UPGRADE_CHECK -DRALINK_RW_RF_REG_FUN -DRALINK_UPGRADE_BY_SERIAL -DRALINK_CMDLINE -DRALINK_EPHY_INIT -DCONFIG_GZIP -DCONFIG_LZMA -DP5_MAC_TO_NONE_MODE -DASIC_BOARD -DRT5350_ASIC_BOARD -DRT5350_MP -DUBOOT_RAM -DON_BOARD_SDR -DON_BOARD_16BIT_DRAM_BUS -DON_BOARD_256M_DRAM_COMPONENT -DCFG_ENV_IS_IN_SPI -c -o rt2880_init.o /home/felix/qodome/RT288x_SDK/Uboot/board/rt2880/rt2880_init.S
"/home/felix/qodome/RT288x_SDK/toolchain/buildroot-gcc342/bin"/mipsel-linux-gcc -Wa,-gstabs -D__ASSEMBLY__ -gdwarf-2 -DDEBUG -Os   -D__KERNEL__ -DTEXT_BASE=0xA0200000 -I/home/felix/qodome/RT288x_SDK/Uboot/include -fno-builtin -ffreestanding -nostdinc -isystem /home/felix/qodome/RT288x_SDK/toolchain/buildroot-gcc342/bin/../lib/gcc/mipsel-linux-uclibc/3.4.2/include -pipe  -DCONFIG_MIPS -D__MIPS__ -march=4kc -mtune=4kc -mabicalls -DRALINK_MDIO_ACCESS_FUN -DRALINK_SPI_UPGRADE_CHECK -DRALINK_RW_RF_REG_FUN -DRALINK_UPGRADE_BY_SERIAL -DRALINK_CMDLINE -DRALINK_EPHY_INIT -DCONFIG_GZIP -DCONFIG_LZMA -DP5_MAC_TO_NONE_MODE -DASIC_BOARD -DRT5350_ASIC_BOARD -DRT5350_MP -DUBOOT_RAM -DON_BOARD_SDR -DON_BOARD_16BIT_DRAM_BUS -DON_BOARD_256M_DRAM_COMPONENT -DCFG_ENV_IS_IN_SPI -c -o memsetup.o /home/felix/qodome/RT288x_SDK/Uboot/board/rt2880/memsetup.S
"/home/felix/qodome/RT288x_SDK/toolchain/buildroot-gcc342/bin"/mipsel-linux-ar crv librt2880.a rt2880.o serial.o  rt2880_init.o memsetup.o
a - rt2880.o
a - serial.o
a - rt2880_init.o
a - memsetup.o
make[1]: Leaving directory `/home/felix/qodome/RT288x_SDK/Uboot/board/rt2880'
echo make -C `dirname board/rt2880/librt2880.a`
make -C board/rt2880
make -C `dirname cpu/ralink_soc/libralink_soc.a`
make[1]: Entering directory `/home/felix/qodome/RT288x_SDK/Uboot/cpu/ralink_soc'
"/home/felix/qodome/RT288x_SDK/toolchain/buildroot-gcc342/bin"/mipsel-linux-gcc -M  -gdwarf-2 -DDEBUG -Os   -D__KERNEL__ -DTEXT_BASE=0xA0200000 -I/home/felix/qodome/RT288x_SDK/Uboot/include -fno-builtin -ffreestanding -nostdinc -isystem /home/felix/qodome/RT288x_SDK/toolchain/buildroot-gcc342/bin/../lib/gcc/mipsel-linux-uclibc/3.4.2/include -pipe  -DCONFIG_MIPS -D__MIPS__ -march=4kc -mtune=4kc -mabicalls -DRALINK_MDIO_ACCESS_FUN -DRALINK_SPI_UPGRADE_CHECK -DRALINK_RW_RF_REG_FUN -DRALINK_UPGRADE_BY_SERIAL -DRALINK_CMDLINE -DRALINK_EPHY_INIT -DCONFIG_GZIP -DCONFIG_LZMA -DP5_MAC_TO_NONE_MODE -DASIC_BOARD -DRT5350_ASIC_BOARD -DRT5350_MP -DUBOOT_RAM -DON_BOARD_SDR -DON_BOARD_16BIT_DRAM_BUS -DON_BOARD_256M_DRAM_COMPONENT -DCFG_ENV_IS_IN_SPI -Wall -Wstrict-prototypes start.S cpu.c > .depend
make[1]: Leaving directory `/home/felix/qodome/RT288x_SDK/Uboot/cpu/ralink_soc'
make[1]: Entering directory `/home/felix/qodome/RT288x_SDK/Uboot/cpu/ralink_soc'
"/home/felix/qodome/RT288x_SDK/toolchain/buildroot-gcc342/bin"/mipsel-linux-gcc -gdwarf-2 -DDEBUG -Os   -D__KERNEL__ -DTEXT_BASE=0xA0200000 -I/home/felix/qodome/RT288x_SDK/Uboot/include -fno-builtin -ffreestanding -nostdinc -isystem /home/felix/qodome/RT288x_SDK/toolchain/buildroot-gcc342/bin/../lib/gcc/mipsel-linux-uclibc/3.4.2/include -pipe  -DCONFIG_MIPS -D__MIPS__ -march=4kc -mtune=4kc -mabicalls -DRALINK_MDIO_ACCESS_FUN -DRALINK_SPI_UPGRADE_CHECK -DRALINK_RW_RF_REG_FUN -DRALINK_UPGRADE_BY_SERIAL -DRALINK_CMDLINE -DRALINK_EPHY_INIT -DCONFIG_GZIP -DCONFIG_LZMA -DP5_MAC_TO_NONE_MODE -DASIC_BOARD -DRT5350_ASIC_BOARD -DRT5350_MP -DUBOOT_RAM -DON_BOARD_SDR -DON_BOARD_16BIT_DRAM_BUS -DON_BOARD_256M_DRAM_COMPONENT -DCFG_ENV_IS_IN_SPI -Wall -Wstrict-prototypes -c -o cpu.o cpu.c
"/home/felix/qodome/RT288x_SDK/toolchain/buildroot-gcc342/bin"/mipsel-linux-gcc -Wa,-gstabs -D__ASSEMBLY__ -gdwarf-2 -DDEBUG -Os   -D__KERNEL__ -DTEXT_BASE=0xA0200000 -I/home/felix/qodome/RT288x_SDK/Uboot/include -fno-builtin -ffreestanding -nostdinc -isystem /home/felix/qodome/RT288x_SDK/toolchain/buildroot-gcc342/bin/../lib/gcc/mipsel-linux-uclibc/3.4.2/include -pipe  -DCONFIG_MIPS -D__MIPS__ -march=4kc -mtune=4kc -mabicalls -DRALINK_MDIO_ACCESS_FUN -DRALINK_SPI_UPGRADE_CHECK -DRALINK_RW_RF_REG_FUN -DRALINK_UPGRADE_BY_SERIAL -DRALINK_CMDLINE -DRALINK_EPHY_INIT -DCONFIG_GZIP -DCONFIG_LZMA -DP5_MAC_TO_NONE_MODE -DASIC_BOARD -DRT5350_ASIC_BOARD -DRT5350_MP -DUBOOT_RAM -DON_BOARD_SDR -DON_BOARD_16BIT_DRAM_BUS -DON_BOARD_256M_DRAM_COMPONENT -DCFG_ENV_IS_IN_SPI -c -o cache.o /home/felix/qodome/RT288x_SDK/Uboot/cpu/ralink_soc/cache.S
"/home/felix/qodome/RT288x_SDK/toolchain/buildroot-gcc342/bin"/mipsel-linux-ar crv libralink_soc.a cpu.o cache.o
a - cpu.o
a - cache.o
make[1]: Leaving directory `/home/felix/qodome/RT288x_SDK/Uboot/cpu/ralink_soc'
echo make -C `dirname cpu/ralink_soc/libralink_soc.a`
make -C cpu/ralink_soc
make -C `dirname lib_mips/libmips.a`
make[1]: Entering directory `/home/felix/qodome/RT288x_SDK/Uboot/lib_mips'
"/home/felix/qodome/RT288x_SDK/toolchain/buildroot-gcc342/bin"/mipsel-linux-gcc -M -gdwarf-2 -DDEBUG -Os   -D__KERNEL__ -DTEXT_BASE=0xA0200000 -I/home/felix/qodome/RT288x_SDK/Uboot/include -fno-builtin -ffreestanding -nostdinc -isystem /home/felix/qodome/RT288x_SDK/toolchain/buildroot-gcc342/bin/../lib/gcc/mipsel-linux-uclibc/3.4.2/include -pipe  -DCONFIG_MIPS -D__MIPS__ -march=4kc -mtune=4kc -mabicalls -DRALINK_MDIO_ACCESS_FUN -DRALINK_SPI_UPGRADE_CHECK -DRALINK_RW_RF_REG_FUN -DRALINK_UPGRADE_BY_SERIAL -DRALINK_CMDLINE -DRALINK_EPHY_INIT -DCONFIG_GZIP -DCONFIG_LZMA -DP5_MAC_TO_NONE_MODE -DASIC_BOARD -DRT5350_ASIC_BOARD -DRT5350_MP -DUBOOT_RAM -DON_BOARD_SDR -DON_BOARD_16BIT_DRAM_BUS -DON_BOARD_256M_DRAM_COMPONENT -DCFG_ENV_IS_IN_SPI -Wall -Wstrict-prototypes  board.c time.c mips_linux.c > .depend
make[1]: Leaving directory `/home/felix/qodome/RT288x_SDK/Uboot/lib_mips'
make[1]: Entering directory `/home/felix/qodome/RT288x_SDK/Uboot/lib_mips'
"/home/felix/qodome/RT288x_SDK/toolchain/buildroot-gcc342/bin"/mipsel-linux-gcc -gdwarf-2 -DDEBUG -Os   -D__KERNEL__ -DTEXT_BASE=0xA0200000 -I/home/felix/qodome/RT288x_SDK/Uboot/include -fno-builtin -ffreestanding -nostdinc -isystem /home/felix/qodome/RT288x_SDK/toolchain/buildroot-gcc342/bin/../lib/gcc/mipsel-linux-uclibc/3.4.2/include -pipe  -DCONFIG_MIPS -D__MIPS__ -march=4kc -mtune=4kc -mabicalls -DRALINK_MDIO_ACCESS_FUN -DRALINK_SPI_UPGRADE_CHECK -DRALINK_RW_RF_REG_FUN -DRALINK_UPGRADE_BY_SERIAL -DRALINK_CMDLINE -DRALINK_EPHY_INIT -DCONFIG_GZIP -DCONFIG_LZMA -DP5_MAC_TO_NONE_MODE -DASIC_BOARD -DRT5350_ASIC_BOARD -DRT5350_MP -DUBOOT_RAM -DON_BOARD_SDR -DON_BOARD_16BIT_DRAM_BUS -DON_BOARD_256M_DRAM_COMPONENT -DCFG_ENV_IS_IN_SPI -Wall -Wstrict-prototypes -c -o board.o board.c
"/home/felix/qodome/RT288x_SDK/toolchain/buildroot-gcc342/bin"/mipsel-linux-gcc -gdwarf-2 -DDEBUG -Os   -D__KERNEL__ -DTEXT_BASE=0xA0200000 -I/home/felix/qodome/RT288x_SDK/Uboot/include -fno-builtin -ffreestanding -nostdinc -isystem /home/felix/qodome/RT288x_SDK/toolchain/buildroot-gcc342/bin/../lib/gcc/mipsel-linux-uclibc/3.4.2/include -pipe  -DCONFIG_MIPS -D__MIPS__ -march=4kc -mtune=4kc -mabicalls -DRALINK_MDIO_ACCESS_FUN -DRALINK_SPI_UPGRADE_CHECK -DRALINK_RW_RF_REG_FUN -DRALINK_UPGRADE_BY_SERIAL -DRALINK_CMDLINE -DRALINK_EPHY_INIT -DCONFIG_GZIP -DCONFIG_LZMA -DP5_MAC_TO_NONE_MODE -DASIC_BOARD -DRT5350_ASIC_BOARD -DRT5350_MP -DUBOOT_RAM -DON_BOARD_SDR -DON_BOARD_16BIT_DRAM_BUS -DON_BOARD_256M_DRAM_COMPONENT -DCFG_ENV_IS_IN_SPI -Wall -Wstrict-prototypes -c -o time.o time.c
"/home/felix/qodome/RT288x_SDK/toolchain/buildroot-gcc342/bin"/mipsel-linux-gcc -gdwarf-2 -DDEBUG -Os   -D__KERNEL__ -DTEXT_BASE=0xA0200000 -I/home/felix/qodome/RT288x_SDK/Uboot/include -fno-builtin -ffreestanding -nostdinc -isystem /home/felix/qodome/RT288x_SDK/toolchain/buildroot-gcc342/bin/../lib/gcc/mipsel-linux-uclibc/3.4.2/include -pipe  -DCONFIG_MIPS -D__MIPS__ -march=4kc -mtune=4kc -mabicalls -DRALINK_MDIO_ACCESS_FUN -DRALINK_SPI_UPGRADE_CHECK -DRALINK_RW_RF_REG_FUN -DRALINK_UPGRADE_BY_SERIAL -DRALINK_CMDLINE -DRALINK_EPHY_INIT -DCONFIG_GZIP -DCONFIG_LZMA -DP5_MAC_TO_NONE_MODE -DASIC_BOARD -DRT5350_ASIC_BOARD -DRT5350_MP -DUBOOT_RAM -DON_BOARD_SDR -DON_BOARD_16BIT_DRAM_BUS -DON_BOARD_256M_DRAM_COMPONENT -DCFG_ENV_IS_IN_SPI -Wall -Wstrict-prototypes -c -o mips_linux.o mips_linux.c
"/home/felix/qodome/RT288x_SDK/toolchain/buildroot-gcc342/bin"/mipsel-linux-ar crv libmips.a  board.o time.o mips_linux.o
a - board.o
a - time.o
a - mips_linux.o
make[1]: Leaving directory `/home/felix/qodome/RT288x_SDK/Uboot/lib_mips'
echo make -C `dirname lib_mips/libmips.a`
make -C lib_mips
make -C `dirname net/libnet.a`
make[1]: Entering directory `/home/felix/qodome/RT288x_SDK/Uboot/net'
"/home/felix/qodome/RT288x_SDK/toolchain/buildroot-gcc342/bin"/mipsel-linux-gcc -M -gdwarf-2 -DDEBUG -Os   -D__KERNEL__ -DTEXT_BASE=0xA0200000 -I/home/felix/qodome/RT288x_SDK/Uboot/include -fno-builtin -ffreestanding -nostdinc -isystem /home/felix/qodome/RT288x_SDK/toolchain/buildroot-gcc342/bin/../lib/gcc/mipsel-linux-uclibc/3.4.2/include -pipe  -DCONFIG_MIPS -D__MIPS__ -march=4kc -mtune=4kc -mabicalls -DRALINK_MDIO_ACCESS_FUN -DRALINK_SPI_UPGRADE_CHECK -DRALINK_RW_RF_REG_FUN -DRALINK_UPGRADE_BY_SERIAL -DRALINK_CMDLINE -DRALINK_EPHY_INIT -DCONFIG_GZIP -DCONFIG_LZMA -DP5_MAC_TO_NONE_MODE -DASIC_BOARD -DRT5350_ASIC_BOARD -DRT5350_MP -DUBOOT_RAM -DON_BOARD_SDR -DON_BOARD_16BIT_DRAM_BUS -DON_BOARD_256M_DRAM_COMPONENT -DCFG_ENV_IS_IN_SPI -Wall -Wstrict-prototypes net.c tftp.c eth.c > .depend
make[1]: Leaving directory `/home/felix/qodome/RT288x_SDK/Uboot/net'
make[1]: Entering directory `/home/felix/qodome/RT288x_SDK/Uboot/net'
"/home/felix/qodome/RT288x_SDK/toolchain/buildroot-gcc342/bin"/mipsel-linux-gcc -gdwarf-2 -DDEBUG -Os   -D__KERNEL__ -DTEXT_BASE=0xA0200000 -I/home/felix/qodome/RT288x_SDK/Uboot/include -fno-builtin -ffreestanding -nostdinc -isystem /home/felix/qodome/RT288x_SDK/toolchain/buildroot-gcc342/bin/../lib/gcc/mipsel-linux-uclibc/3.4.2/include -pipe  -DCONFIG_MIPS -D__MIPS__ -march=4kc -mtune=4kc -mabicalls -DRALINK_MDIO_ACCESS_FUN -DRALINK_SPI_UPGRADE_CHECK -DRALINK_RW_RF_REG_FUN -DRALINK_UPGRADE_BY_SERIAL -DRALINK_CMDLINE -DRALINK_EPHY_INIT -DCONFIG_GZIP -DCONFIG_LZMA -DP5_MAC_TO_NONE_MODE -DASIC_BOARD -DRT5350_ASIC_BOARD -DRT5350_MP -DUBOOT_RAM -DON_BOARD_SDR -DON_BOARD_16BIT_DRAM_BUS -DON_BOARD_256M_DRAM_COMPONENT -DCFG_ENV_IS_IN_SPI -Wall -Wstrict-prototypes -c -o net.o net.c
"/home/felix/qodome/RT288x_SDK/toolchain/buildroot-gcc342/bin"/mipsel-linux-gcc -gdwarf-2 -DDEBUG -Os   -D__KERNEL__ -DTEXT_BASE=0xA0200000 -I/home/felix/qodome/RT288x_SDK/Uboot/include -fno-builtin -ffreestanding -nostdinc -isystem /home/felix/qodome/RT288x_SDK/toolchain/buildroot-gcc342/bin/../lib/gcc/mipsel-linux-uclibc/3.4.2/include -pipe  -DCONFIG_MIPS -D__MIPS__ -march=4kc -mtune=4kc -mabicalls -DRALINK_MDIO_ACCESS_FUN -DRALINK_SPI_UPGRADE_CHECK -DRALINK_RW_RF_REG_FUN -DRALINK_UPGRADE_BY_SERIAL -DRALINK_CMDLINE -DRALINK_EPHY_INIT -DCONFIG_GZIP -DCONFIG_LZMA -DP5_MAC_TO_NONE_MODE -DASIC_BOARD -DRT5350_ASIC_BOARD -DRT5350_MP -DUBOOT_RAM -DON_BOARD_SDR -DON_BOARD_16BIT_DRAM_BUS -DON_BOARD_256M_DRAM_COMPONENT -DCFG_ENV_IS_IN_SPI -Wall -Wstrict-prototypes -c -o tftp.o tftp.c
"/home/felix/qodome/RT288x_SDK/toolchain/buildroot-gcc342/bin"/mipsel-linux-gcc -gdwarf-2 -DDEBUG -Os   -D__KERNEL__ -DTEXT_BASE=0xA0200000 -I/home/felix/qodome/RT288x_SDK/Uboot/include -fno-builtin -ffreestanding -nostdinc -isystem /home/felix/qodome/RT288x_SDK/toolchain/buildroot-gcc342/bin/../lib/gcc/mipsel-linux-uclibc/3.4.2/include -pipe  -DCONFIG_MIPS -D__MIPS__ -march=4kc -mtune=4kc -mabicalls -DRALINK_MDIO_ACCESS_FUN -DRALINK_SPI_UPGRADE_CHECK -DRALINK_RW_RF_REG_FUN -DRALINK_UPGRADE_BY_SERIAL -DRALINK_CMDLINE -DRALINK_EPHY_INIT -DCONFIG_GZIP -DCONFIG_LZMA -DP5_MAC_TO_NONE_MODE -DASIC_BOARD -DRT5350_ASIC_BOARD -DRT5350_MP -DUBOOT_RAM -DON_BOARD_SDR -DON_BOARD_16BIT_DRAM_BUS -DON_BOARD_256M_DRAM_COMPONENT -DCFG_ENV_IS_IN_SPI -Wall -Wstrict-prototypes -c -o eth.o eth.c
"/home/felix/qodome/RT288x_SDK/toolchain/buildroot-gcc342/bin"/mipsel-linux-ar crv libnet.a net.o tftp.o eth.o 
a - net.o
a - tftp.o
a - eth.o
make[1]: Leaving directory `/home/felix/qodome/RT288x_SDK/Uboot/net'
echo make -C `dirname net/libnet.a`
make -C net
make -C `dirname drivers/libdrivers.a`
make[1]: Entering directory `/home/felix/qodome/RT288x_SDK/Uboot/drivers'
"/home/felix/qodome/RT288x_SDK/toolchain/buildroot-gcc342/bin"/mipsel-linux-gcc -M -gdwarf-2 -DDEBUG -Os   -D__KERNEL__ -DTEXT_BASE=0xA0200000 -I/home/felix/qodome/RT288x_SDK/Uboot/include -fno-builtin -ffreestanding -nostdinc -isystem /home/felix/qodome/RT288x_SDK/toolchain/buildroot-gcc342/bin/../lib/gcc/mipsel-linux-uclibc/3.4.2/include -pipe  -DCONFIG_MIPS -D__MIPS__ -march=4kc -mtune=4kc -mabicalls -DRALINK_MDIO_ACCESS_FUN -DRALINK_SPI_UPGRADE_CHECK -DRALINK_RW_RF_REG_FUN -DRALINK_UPGRADE_BY_SERIAL -DRALINK_CMDLINE -DRALINK_EPHY_INIT -DCONFIG_GZIP -DCONFIG_LZMA -DP5_MAC_TO_NONE_MODE -DASIC_BOARD -DRT5350_ASIC_BOARD -DRT5350_MP -DUBOOT_RAM -DON_BOARD_SDR -DON_BOARD_16BIT_DRAM_BUS -DON_BOARD_256M_DRAM_COMPONENT -DCFG_ENV_IS_IN_SPI -Wall -Wstrict-prototypes rt2880_eth.c mii_mgr.c spi_flash.c > .depend
make[1]: Leaving directory `/home/felix/qodome/RT288x_SDK/Uboot/drivers'
make[1]: Entering directory `/home/felix/qodome/RT288x_SDK/Uboot/drivers'
"/home/felix/qodome/RT288x_SDK/toolchain/buildroot-gcc342/bin"/mipsel-linux-gcc -gdwarf-2 -DDEBUG -Os   -D__KERNEL__ -DTEXT_BASE=0xA0200000 -I/home/felix/qodome/RT288x_SDK/Uboot/include -fno-builtin -ffreestanding -nostdinc -isystem /home/felix/qodome/RT288x_SDK/toolchain/buildroot-gcc342/bin/../lib/gcc/mipsel-linux-uclibc/3.4.2/include -pipe  -DCONFIG_MIPS -D__MIPS__ -march=4kc -mtune=4kc -mabicalls -DRALINK_MDIO_ACCESS_FUN -DRALINK_SPI_UPGRADE_CHECK -DRALINK_RW_RF_REG_FUN -DRALINK_UPGRADE_BY_SERIAL -DRALINK_CMDLINE -DRALINK_EPHY_INIT -DCONFIG_GZIP -DCONFIG_LZMA -DP5_MAC_TO_NONE_MODE -DASIC_BOARD -DRT5350_ASIC_BOARD -DRT5350_MP -DUBOOT_RAM -DON_BOARD_SDR -DON_BOARD_16BIT_DRAM_BUS -DON_BOARD_256M_DRAM_COMPONENT -DCFG_ENV_IS_IN_SPI -Wall -Wstrict-prototypes -c -o rt2880_eth.o rt2880_eth.c
"/home/felix/qodome/RT288x_SDK/toolchain/buildroot-gcc342/bin"/mipsel-linux-gcc -gdwarf-2 -DDEBUG -Os   -D__KERNEL__ -DTEXT_BASE=0xA0200000 -I/home/felix/qodome/RT288x_SDK/Uboot/include -fno-builtin -ffreestanding -nostdinc -isystem /home/felix/qodome/RT288x_SDK/toolchain/buildroot-gcc342/bin/../lib/gcc/mipsel-linux-uclibc/3.4.2/include -pipe  -DCONFIG_MIPS -D__MIPS__ -march=4kc -mtune=4kc -mabicalls -DRALINK_MDIO_ACCESS_FUN -DRALINK_SPI_UPGRADE_CHECK -DRALINK_RW_RF_REG_FUN -DRALINK_UPGRADE_BY_SERIAL -DRALINK_CMDLINE -DRALINK_EPHY_INIT -DCONFIG_GZIP -DCONFIG_LZMA -DP5_MAC_TO_NONE_MODE -DASIC_BOARD -DRT5350_ASIC_BOARD -DRT5350_MP -DUBOOT_RAM -DON_BOARD_SDR -DON_BOARD_16BIT_DRAM_BUS -DON_BOARD_256M_DRAM_COMPONENT -DCFG_ENV_IS_IN_SPI -Wall -Wstrict-prototypes -c -o mii_mgr.o mii_mgr.c
"/home/felix/qodome/RT288x_SDK/toolchain/buildroot-gcc342/bin"/mipsel-linux-gcc -gdwarf-2 -DDEBUG -Os   -D__KERNEL__ -DTEXT_BASE=0xA0200000 -I/home/felix/qodome/RT288x_SDK/Uboot/include -fno-builtin -ffreestanding -nostdinc -isystem /home/felix/qodome/RT288x_SDK/toolchain/buildroot-gcc342/bin/../lib/gcc/mipsel-linux-uclibc/3.4.2/include -pipe  -DCONFIG_MIPS -D__MIPS__ -march=4kc -mtune=4kc -mabicalls -DRALINK_MDIO_ACCESS_FUN -DRALINK_SPI_UPGRADE_CHECK -DRALINK_RW_RF_REG_FUN -DRALINK_UPGRADE_BY_SERIAL -DRALINK_CMDLINE -DRALINK_EPHY_INIT -DCONFIG_GZIP -DCONFIG_LZMA -DP5_MAC_TO_NONE_MODE -DASIC_BOARD -DRT5350_ASIC_BOARD -DRT5350_MP -DUBOOT_RAM -DON_BOARD_SDR -DON_BOARD_16BIT_DRAM_BUS -DON_BOARD_256M_DRAM_COMPONENT -DCFG_ENV_IS_IN_SPI -Wall -Wstrict-prototypes -c -o spi_flash.o spi_flash.c
"/home/felix/qodome/RT288x_SDK/toolchain/buildroot-gcc342/bin"/mipsel-linux-ar crv libdrivers.a rt2880_eth.o  mii_mgr.o spi_flash.o 
a - rt2880_eth.o
a - mii_mgr.o
a - spi_flash.o
make[1]: Leaving directory `/home/felix/qodome/RT288x_SDK/Uboot/drivers'
echo make -C `dirname drivers/libdrivers.a`
make -C drivers
make -C `dirname common/libcommon.a`
make[1]: Entering directory `/home/felix/qodome/RT288x_SDK/Uboot/common'
"/home/felix/qodome/RT288x_SDK/toolchain/buildroot-gcc342/bin"/mipsel-linux-gcc -M -gdwarf-2 -DDEBUG -Os   -D__KERNEL__ -DTEXT_BASE=0xA0200000 -I/home/felix/qodome/RT288x_SDK/Uboot/include -fno-builtin -ffreestanding -nostdinc -isystem /home/felix/qodome/RT288x_SDK/toolchain/buildroot-gcc342/bin/../lib/gcc/mipsel-linux-uclibc/3.4.2/include -pipe  -DCONFIG_MIPS -D__MIPS__ -march=4kc -mtune=4kc -mabicalls -DRALINK_MDIO_ACCESS_FUN -DRALINK_SPI_UPGRADE_CHECK -DRALINK_RW_RF_REG_FUN -DRALINK_UPGRADE_BY_SERIAL -DRALINK_CMDLINE -DRALINK_EPHY_INIT -DCONFIG_GZIP -DCONFIG_LZMA -DP5_MAC_TO_NONE_MODE -DASIC_BOARD -DRT5350_ASIC_BOARD -DRT5350_MP -DUBOOT_RAM -DON_BOARD_SDR -DON_BOARD_16BIT_DRAM_BUS -DON_BOARD_256M_DRAM_COMPONENT -DCFG_ENV_IS_IN_SPI -Wall -Wstrict-prototypes  main.c cmd_bdinfo.c cmd_boot.c cmd_bootm.c cmd_console.c cmd_load.c cmd_misc.c cmd_net.c cmd_mem.c cmd_nvedit.c command.c console.c devices.c dlmalloc.c env_common.c exports.c lists.c cmd_load.c usb.c usb_storage.c cmd_usb.c cmd_fat.c > .depend
make[1]: Leaving directory `/home/felix/qodome/RT288x_SDK/Uboot/common'
make[1]: Entering directory `/home/felix/qodome/RT288x_SDK/Uboot/common'
"/home/felix/qodome/RT288x_SDK/toolchain/buildroot-gcc342/bin"/mipsel-linux-gcc -gdwarf-2 -DDEBUG -Os   -D__KERNEL__ -DTEXT_BASE=0xA0200000 -I/home/felix/qodome/RT288x_SDK/Uboot/include -fno-builtin -ffreestanding -nostdinc -isystem /home/felix/qodome/RT288x_SDK/toolchain/buildroot-gcc342/bin/../lib/gcc/mipsel-linux-uclibc/3.4.2/include -pipe  -DCONFIG_MIPS -D__MIPS__ -march=4kc -mtune=4kc -mabicalls -DRALINK_MDIO_ACCESS_FUN -DRALINK_SPI_UPGRADE_CHECK -DRALINK_RW_RF_REG_FUN -DRALINK_UPGRADE_BY_SERIAL -DRALINK_CMDLINE -DRALINK_EPHY_INIT -DCONFIG_GZIP -DCONFIG_LZMA -DP5_MAC_TO_NONE_MODE -DASIC_BOARD -DRT5350_ASIC_BOARD -DRT5350_MP -DUBOOT_RAM -DON_BOARD_SDR -DON_BOARD_16BIT_DRAM_BUS -DON_BOARD_256M_DRAM_COMPONENT -DCFG_ENV_IS_IN_SPI -Wall -Wstrict-prototypes -c -o main.o main.c
"/home/felix/qodome/RT288x_SDK/toolchain/buildroot-gcc342/bin"/mipsel-linux-gcc -gdwarf-2 -DDEBUG -Os   -D__KERNEL__ -DTEXT_BASE=0xA0200000 -I/home/felix/qodome/RT288x_SDK/Uboot/include -fno-builtin -ffreestanding -nostdinc -isystem /home/felix/qodome/RT288x_SDK/toolchain/buildroot-gcc342/bin/../lib/gcc/mipsel-linux-uclibc/3.4.2/include -pipe  -DCONFIG_MIPS -D__MIPS__ -march=4kc -mtune=4kc -mabicalls -DRALINK_MDIO_ACCESS_FUN -DRALINK_SPI_UPGRADE_CHECK -DRALINK_RW_RF_REG_FUN -DRALINK_UPGRADE_BY_SERIAL -DRALINK_CMDLINE -DRALINK_EPHY_INIT -DCONFIG_GZIP -DCONFIG_LZMA -DP5_MAC_TO_NONE_MODE -DASIC_BOARD -DRT5350_ASIC_BOARD -DRT5350_MP -DUBOOT_RAM -DON_BOARD_SDR -DON_BOARD_16BIT_DRAM_BUS -DON_BOARD_256M_DRAM_COMPONENT -DCFG_ENV_IS_IN_SPI -Wall -Wstrict-prototypes -c -o cmd_bdinfo.o cmd_bdinfo.c
"/home/felix/qodome/RT288x_SDK/toolchain/buildroot-gcc342/bin"/mipsel-linux-gcc -gdwarf-2 -DDEBUG -Os   -D__KERNEL__ -DTEXT_BASE=0xA0200000 -I/home/felix/qodome/RT288x_SDK/Uboot/include -fno-builtin -ffreestanding -nostdinc -isystem /home/felix/qodome/RT288x_SDK/toolchain/buildroot-gcc342/bin/../lib/gcc/mipsel-linux-uclibc/3.4.2/include -pipe  -DCONFIG_MIPS -D__MIPS__ -march=4kc -mtune=4kc -mabicalls -DRALINK_MDIO_ACCESS_FUN -DRALINK_SPI_UPGRADE_CHECK -DRALINK_RW_RF_REG_FUN -DRALINK_UPGRADE_BY_SERIAL -DRALINK_CMDLINE -DRALINK_EPHY_INIT -DCONFIG_GZIP -DCONFIG_LZMA -DP5_MAC_TO_NONE_MODE -DASIC_BOARD -DRT5350_ASIC_BOARD -DRT5350_MP -DUBOOT_RAM -DON_BOARD_SDR -DON_BOARD_16BIT_DRAM_BUS -DON_BOARD_256M_DRAM_COMPONENT -DCFG_ENV_IS_IN_SPI -Wall -Wstrict-prototypes -c -o cmd_boot.o cmd_boot.c
"/home/felix/qodome/RT288x_SDK/toolchain/buildroot-gcc342/bin"/mipsel-linux-gcc -gdwarf-2 -DDEBUG -Os   -D__KERNEL__ -DTEXT_BASE=0xA0200000 -I/home/felix/qodome/RT288x_SDK/Uboot/include -fno-builtin -ffreestanding -nostdinc -isystem /home/felix/qodome/RT288x_SDK/toolchain/buildroot-gcc342/bin/../lib/gcc/mipsel-linux-uclibc/3.4.2/include -pipe  -DCONFIG_MIPS -D__MIPS__ -march=4kc -mtune=4kc -mabicalls -DRALINK_MDIO_ACCESS_FUN -DRALINK_SPI_UPGRADE_CHECK -DRALINK_RW_RF_REG_FUN -DRALINK_UPGRADE_BY_SERIAL -DRALINK_CMDLINE -DRALINK_EPHY_INIT -DCONFIG_GZIP -DCONFIG_LZMA -DP5_MAC_TO_NONE_MODE -DASIC_BOARD -DRT5350_ASIC_BOARD -DRT5350_MP -DUBOOT_RAM -DON_BOARD_SDR -DON_BOARD_16BIT_DRAM_BUS -DON_BOARD_256M_DRAM_COMPONENT -DCFG_ENV_IS_IN_SPI -Wall -Wstrict-prototypes -c -o cmd_bootm.o cmd_bootm.c
"/home/felix/qodome/RT288x_SDK/toolchain/buildroot-gcc342/bin"/mipsel-linux-gcc -gdwarf-2 -DDEBUG -Os   -D__KERNEL__ -DTEXT_BASE=0xA0200000 -I/home/felix/qodome/RT288x_SDK/Uboot/include -fno-builtin -ffreestanding -nostdinc -isystem /home/felix/qodome/RT288x_SDK/toolchain/buildroot-gcc342/bin/../lib/gcc/mipsel-linux-uclibc/3.4.2/include -pipe  -DCONFIG_MIPS -D__MIPS__ -march=4kc -mtune=4kc -mabicalls -DRALINK_MDIO_ACCESS_FUN -DRALINK_SPI_UPGRADE_CHECK -DRALINK_RW_RF_REG_FUN -DRALINK_UPGRADE_BY_SERIAL -DRALINK_CMDLINE -DRALINK_EPHY_INIT -DCONFIG_GZIP -DCONFIG_LZMA -DP5_MAC_TO_NONE_MODE -DASIC_BOARD -DRT5350_ASIC_BOARD -DRT5350_MP -DUBOOT_RAM -DON_BOARD_SDR -DON_BOARD_16BIT_DRAM_BUS -DON_BOARD_256M_DRAM_COMPONENT -DCFG_ENV_IS_IN_SPI -Wall -Wstrict-prototypes -c -o cmd_console.o cmd_console.c
"/home/felix/qodome/RT288x_SDK/toolchain/buildroot-gcc342/bin"/mipsel-linux-gcc -gdwarf-2 -DDEBUG -Os   -D__KERNEL__ -DTEXT_BASE=0xA0200000 -I/home/felix/qodome/RT288x_SDK/Uboot/include -fno-builtin -ffreestanding -nostdinc -isystem /home/felix/qodome/RT288x_SDK/toolchain/buildroot-gcc342/bin/../lib/gcc/mipsel-linux-uclibc/3.4.2/include -pipe  -DCONFIG_MIPS -D__MIPS__ -march=4kc -mtune=4kc -mabicalls -DRALINK_MDIO_ACCESS_FUN -DRALINK_SPI_UPGRADE_CHECK -DRALINK_RW_RF_REG_FUN -DRALINK_UPGRADE_BY_SERIAL -DRALINK_CMDLINE -DRALINK_EPHY_INIT -DCONFIG_GZIP -DCONFIG_LZMA -DP5_MAC_TO_NONE_MODE -DASIC_BOARD -DRT5350_ASIC_BOARD -DRT5350_MP -DUBOOT_RAM -DON_BOARD_SDR -DON_BOARD_16BIT_DRAM_BUS -DON_BOARD_256M_DRAM_COMPONENT -DCFG_ENV_IS_IN_SPI -Wall -Wstrict-prototypes -c -o cmd_load.o cmd_load.c
"/home/felix/qodome/RT288x_SDK/toolchain/buildroot-gcc342/bin"/mipsel-linux-gcc -gdwarf-2 -DDEBUG -Os   -D__KERNEL__ -DTEXT_BASE=0xA0200000 -I/home/felix/qodome/RT288x_SDK/Uboot/include -fno-builtin -ffreestanding -nostdinc -isystem /home/felix/qodome/RT288x_SDK/toolchain/buildroot-gcc342/bin/../lib/gcc/mipsel-linux-uclibc/3.4.2/include -pipe  -DCONFIG_MIPS -D__MIPS__ -march=4kc -mtune=4kc -mabicalls -DRALINK_MDIO_ACCESS_FUN -DRALINK_SPI_UPGRADE_CHECK -DRALINK_RW_RF_REG_FUN -DRALINK_UPGRADE_BY_SERIAL -DRALINK_CMDLINE -DRALINK_EPHY_INIT -DCONFIG_GZIP -DCONFIG_LZMA -DP5_MAC_TO_NONE_MODE -DASIC_BOARD -DRT5350_ASIC_BOARD -DRT5350_MP -DUBOOT_RAM -DON_BOARD_SDR -DON_BOARD_16BIT_DRAM_BUS -DON_BOARD_256M_DRAM_COMPONENT -DCFG_ENV_IS_IN_SPI -Wall -Wstrict-prototypes -c -o cmd_misc.o cmd_misc.c
"/home/felix/qodome/RT288x_SDK/toolchain/buildroot-gcc342/bin"/mipsel-linux-gcc -gdwarf-2 -DDEBUG -Os   -D__KERNEL__ -DTEXT_BASE=0xA0200000 -I/home/felix/qodome/RT288x_SDK/Uboot/include -fno-builtin -ffreestanding -nostdinc -isystem /home/felix/qodome/RT288x_SDK/toolchain/buildroot-gcc342/bin/../lib/gcc/mipsel-linux-uclibc/3.4.2/include -pipe  -DCONFIG_MIPS -D__MIPS__ -march=4kc -mtune=4kc -mabicalls -DRALINK_MDIO_ACCESS_FUN -DRALINK_SPI_UPGRADE_CHECK -DRALINK_RW_RF_REG_FUN -DRALINK_UPGRADE_BY_SERIAL -DRALINK_CMDLINE -DRALINK_EPHY_INIT -DCONFIG_GZIP -DCONFIG_LZMA -DP5_MAC_TO_NONE_MODE -DASIC_BOARD -DRT5350_ASIC_BOARD -DRT5350_MP -DUBOOT_RAM -DON_BOARD_SDR -DON_BOARD_16BIT_DRAM_BUS -DON_BOARD_256M_DRAM_COMPONENT -DCFG_ENV_IS_IN_SPI -Wall -Wstrict-prototypes -c -o cmd_net.o cmd_net.c
"/home/felix/qodome/RT288x_SDK/toolchain/buildroot-gcc342/bin"/mipsel-linux-gcc -gdwarf-2 -DDEBUG -Os   -D__KERNEL__ -DTEXT_BASE=0xA0200000 -I/home/felix/qodome/RT288x_SDK/Uboot/include -fno-builtin -ffreestanding -nostdinc -isystem /home/felix/qodome/RT288x_SDK/toolchain/buildroot-gcc342/bin/../lib/gcc/mipsel-linux-uclibc/3.4.2/include -pipe  -DCONFIG_MIPS -D__MIPS__ -march=4kc -mtune=4kc -mabicalls -DRALINK_MDIO_ACCESS_FUN -DRALINK_SPI_UPGRADE_CHECK -DRALINK_RW_RF_REG_FUN -DRALINK_UPGRADE_BY_SERIAL -DRALINK_CMDLINE -DRALINK_EPHY_INIT -DCONFIG_GZIP -DCONFIG_LZMA -DP5_MAC_TO_NONE_MODE -DASIC_BOARD -DRT5350_ASIC_BOARD -DRT5350_MP -DUBOOT_RAM -DON_BOARD_SDR -DON_BOARD_16BIT_DRAM_BUS -DON_BOARD_256M_DRAM_COMPONENT -DCFG_ENV_IS_IN_SPI -Wall -Wstrict-prototypes -c -o cmd_mem.o cmd_mem.c
"/home/felix/qodome/RT288x_SDK/toolchain/buildroot-gcc342/bin"/mipsel-linux-gcc -gdwarf-2 -DDEBUG -Os   -D__KERNEL__ -DTEXT_BASE=0xA0200000 -I/home/felix/qodome/RT288x_SDK/Uboot/include -fno-builtin -ffreestanding -nostdinc -isystem /home/felix/qodome/RT288x_SDK/toolchain/buildroot-gcc342/bin/../lib/gcc/mipsel-linux-uclibc/3.4.2/include -pipe  -DCONFIG_MIPS -D__MIPS__ -march=4kc -mtune=4kc -mabicalls -DRALINK_MDIO_ACCESS_FUN -DRALINK_SPI_UPGRADE_CHECK -DRALINK_RW_RF_REG_FUN -DRALINK_UPGRADE_BY_SERIAL -DRALINK_CMDLINE -DRALINK_EPHY_INIT -DCONFIG_GZIP -DCONFIG_LZMA -DP5_MAC_TO_NONE_MODE -DASIC_BOARD -DRT5350_ASIC_BOARD -DRT5350_MP -DUBOOT_RAM -DON_BOARD_SDR -DON_BOARD_16BIT_DRAM_BUS -DON_BOARD_256M_DRAM_COMPONENT -DCFG_ENV_IS_IN_SPI -Wall -Wstrict-prototypes -c -o cmd_nvedit.o cmd_nvedit.c
"/home/felix/qodome/RT288x_SDK/toolchain/buildroot-gcc342/bin"/mipsel-linux-gcc -gdwarf-2 -DDEBUG -Os   -D__KERNEL__ -DTEXT_BASE=0xA0200000 -I/home/felix/qodome/RT288x_SDK/Uboot/include -fno-builtin -ffreestanding -nostdinc -isystem /home/felix/qodome/RT288x_SDK/toolchain/buildroot-gcc342/bin/../lib/gcc/mipsel-linux-uclibc/3.4.2/include -pipe  -DCONFIG_MIPS -D__MIPS__ -march=4kc -mtune=4kc -mabicalls -DRALINK_MDIO_ACCESS_FUN -DRALINK_SPI_UPGRADE_CHECK -DRALINK_RW_RF_REG_FUN -DRALINK_UPGRADE_BY_SERIAL -DRALINK_CMDLINE -DRALINK_EPHY_INIT -DCONFIG_GZIP -DCONFIG_LZMA -DP5_MAC_TO_NONE_MODE -DASIC_BOARD -DRT5350_ASIC_BOARD -DRT5350_MP -DUBOOT_RAM -DON_BOARD_SDR -DON_BOARD_16BIT_DRAM_BUS -DON_BOARD_256M_DRAM_COMPONENT -DCFG_ENV_IS_IN_SPI -Wall -Wstrict-prototypes -c -o command.o command.c
"/home/felix/qodome/RT288x_SDK/toolchain/buildroot-gcc342/bin"/mipsel-linux-gcc -gdwarf-2 -DDEBUG -Os   -D__KERNEL__ -DTEXT_BASE=0xA0200000 -I/home/felix/qodome/RT288x_SDK/Uboot/include -fno-builtin -ffreestanding -nostdinc -isystem /home/felix/qodome/RT288x_SDK/toolchain/buildroot-gcc342/bin/../lib/gcc/mipsel-linux-uclibc/3.4.2/include -pipe  -DCONFIG_MIPS -D__MIPS__ -march=4kc -mtune=4kc -mabicalls -DRALINK_MDIO_ACCESS_FUN -DRALINK_SPI_UPGRADE_CHECK -DRALINK_RW_RF_REG_FUN -DRALINK_UPGRADE_BY_SERIAL -DRALINK_CMDLINE -DRALINK_EPHY_INIT -DCONFIG_GZIP -DCONFIG_LZMA -DP5_MAC_TO_NONE_MODE -DASIC_BOARD -DRT5350_ASIC_BOARD -DRT5350_MP -DUBOOT_RAM -DON_BOARD_SDR -DON_BOARD_16BIT_DRAM_BUS -DON_BOARD_256M_DRAM_COMPONENT -DCFG_ENV_IS_IN_SPI -Wall -Wstrict-prototypes -c -o console.o console.c
"/home/felix/qodome/RT288x_SDK/toolchain/buildroot-gcc342/bin"/mipsel-linux-gcc -gdwarf-2 -DDEBUG -Os   -D__KERNEL__ -DTEXT_BASE=0xA0200000 -I/home/felix/qodome/RT288x_SDK/Uboot/include -fno-builtin -ffreestanding -nostdinc -isystem /home/felix/qodome/RT288x_SDK/toolchain/buildroot-gcc342/bin/../lib/gcc/mipsel-linux-uclibc/3.4.2/include -pipe  -DCONFIG_MIPS -D__MIPS__ -march=4kc -mtune=4kc -mabicalls -DRALINK_MDIO_ACCESS_FUN -DRALINK_SPI_UPGRADE_CHECK -DRALINK_RW_RF_REG_FUN -DRALINK_UPGRADE_BY_SERIAL -DRALINK_CMDLINE -DRALINK_EPHY_INIT -DCONFIG_GZIP -DCONFIG_LZMA -DP5_MAC_TO_NONE_MODE -DASIC_BOARD -DRT5350_ASIC_BOARD -DRT5350_MP -DUBOOT_RAM -DON_BOARD_SDR -DON_BOARD_16BIT_DRAM_BUS -DON_BOARD_256M_DRAM_COMPONENT -DCFG_ENV_IS_IN_SPI -Wall -Wstrict-prototypes -c -o devices.o devices.c
"/home/felix/qodome/RT288x_SDK/toolchain/buildroot-gcc342/bin"/mipsel-linux-gcc -gdwarf-2 -DDEBUG -Os   -D__KERNEL__ -DTEXT_BASE=0xA0200000 -I/home/felix/qodome/RT288x_SDK/Uboot/include -fno-builtin -ffreestanding -nostdinc -isystem /home/felix/qodome/RT288x_SDK/toolchain/buildroot-gcc342/bin/../lib/gcc/mipsel-linux-uclibc/3.4.2/include -pipe  -DCONFIG_MIPS -D__MIPS__ -march=4kc -mtune=4kc -mabicalls -DRALINK_MDIO_ACCESS_FUN -DRALINK_SPI_UPGRADE_CHECK -DRALINK_RW_RF_REG_FUN -DRALINK_UPGRADE_BY_SERIAL -DRALINK_CMDLINE -DRALINK_EPHY_INIT -DCONFIG_GZIP -DCONFIG_LZMA -DP5_MAC_TO_NONE_MODE -DASIC_BOARD -DRT5350_ASIC_BOARD -DRT5350_MP -DUBOOT_RAM -DON_BOARD_SDR -DON_BOARD_16BIT_DRAM_BUS -DON_BOARD_256M_DRAM_COMPONENT -DCFG_ENV_IS_IN_SPI -Wall -Wstrict-prototypes -c -o dlmalloc.o dlmalloc.c
"/home/felix/qodome/RT288x_SDK/toolchain/buildroot-gcc342/bin"/mipsel-linux-gcc -gdwarf-2 -DDEBUG -Os   -D__KERNEL__ -DTEXT_BASE=0xA0200000 -I/home/felix/qodome/RT288x_SDK/Uboot/include -fno-builtin -ffreestanding -nostdinc -isystem /home/felix/qodome/RT288x_SDK/toolchain/buildroot-gcc342/bin/../lib/gcc/mipsel-linux-uclibc/3.4.2/include -pipe  -DCONFIG_MIPS -D__MIPS__ -march=4kc -mtune=4kc -mabicalls -DRALINK_MDIO_ACCESS_FUN -DRALINK_SPI_UPGRADE_CHECK -DRALINK_RW_RF_REG_FUN -DRALINK_UPGRADE_BY_SERIAL -DRALINK_CMDLINE -DRALINK_EPHY_INIT -DCONFIG_GZIP -DCONFIG_LZMA -DP5_MAC_TO_NONE_MODE -DASIC_BOARD -DRT5350_ASIC_BOARD -DRT5350_MP -DUBOOT_RAM -DON_BOARD_SDR -DON_BOARD_16BIT_DRAM_BUS -DON_BOARD_256M_DRAM_COMPONENT -DCFG_ENV_IS_IN_SPI -Wall -Wstrict-prototypes -c -o env_common.o env_common.c
"/home/felix/qodome/RT288x_SDK/toolchain/buildroot-gcc342/bin"/mipsel-linux-gcc -gdwarf-2 -DDEBUG -Os   -D__KERNEL__ -DTEXT_BASE=0xA0200000 -I/home/felix/qodome/RT288x_SDK/Uboot/include -fno-builtin -ffreestanding -nostdinc -isystem /home/felix/qodome/RT288x_SDK/toolchain/buildroot-gcc342/bin/../lib/gcc/mipsel-linux-uclibc/3.4.2/include -pipe  -DCONFIG_MIPS -D__MIPS__ -march=4kc -mtune=4kc -mabicalls -DRALINK_MDIO_ACCESS_FUN -DRALINK_SPI_UPGRADE_CHECK -DRALINK_RW_RF_REG_FUN -DRALINK_UPGRADE_BY_SERIAL -DRALINK_CMDLINE -DRALINK_EPHY_INIT -DCONFIG_GZIP -DCONFIG_LZMA -DP5_MAC_TO_NONE_MODE -DASIC_BOARD -DRT5350_ASIC_BOARD -DRT5350_MP -DUBOOT_RAM -DON_BOARD_SDR -DON_BOARD_16BIT_DRAM_BUS -DON_BOARD_256M_DRAM_COMPONENT -DCFG_ENV_IS_IN_SPI -Wall -Wstrict-prototypes -c -o exports.o exports.c
"/home/felix/qodome/RT288x_SDK/toolchain/buildroot-gcc342/bin"/mipsel-linux-gcc -gdwarf-2 -DDEBUG -Os   -D__KERNEL__ -DTEXT_BASE=0xA0200000 -I/home/felix/qodome/RT288x_SDK/Uboot/include -fno-builtin -ffreestanding -nostdinc -isystem /home/felix/qodome/RT288x_SDK/toolchain/buildroot-gcc342/bin/../lib/gcc/mipsel-linux-uclibc/3.4.2/include -pipe  -DCONFIG_MIPS -D__MIPS__ -march=4kc -mtune=4kc -mabicalls -DRALINK_MDIO_ACCESS_FUN -DRALINK_SPI_UPGRADE_CHECK -DRALINK_RW_RF_REG_FUN -DRALINK_UPGRADE_BY_SERIAL -DRALINK_CMDLINE -DRALINK_EPHY_INIT -DCONFIG_GZIP -DCONFIG_LZMA -DP5_MAC_TO_NONE_MODE -DASIC_BOARD -DRT5350_ASIC_BOARD -DRT5350_MP -DUBOOT_RAM -DON_BOARD_SDR -DON_BOARD_16BIT_DRAM_BUS -DON_BOARD_256M_DRAM_COMPONENT -DCFG_ENV_IS_IN_SPI -Wall -Wstrict-prototypes -c -o lists.o lists.c
"/home/felix/qodome/RT288x_SDK/toolchain/buildroot-gcc342/bin"/mipsel-linux-gcc -gdwarf-2 -DDEBUG -Os   -D__KERNEL__ -DTEXT_BASE=0xA0200000 -I/home/felix/qodome/RT288x_SDK/Uboot/include -fno-builtin -ffreestanding -nostdinc -isystem /home/felix/qodome/RT288x_SDK/toolchain/buildroot-gcc342/bin/../lib/gcc/mipsel-linux-uclibc/3.4.2/include -pipe  -DCONFIG_MIPS -D__MIPS__ -march=4kc -mtune=4kc -mabicalls -DRALINK_MDIO_ACCESS_FUN -DRALINK_SPI_UPGRADE_CHECK -DRALINK_RW_RF_REG_FUN -DRALINK_UPGRADE_BY_SERIAL -DRALINK_CMDLINE -DRALINK_EPHY_INIT -DCONFIG_GZIP -DCONFIG_LZMA -DP5_MAC_TO_NONE_MODE -DASIC_BOARD -DRT5350_ASIC_BOARD -DRT5350_MP -DUBOOT_RAM -DON_BOARD_SDR -DON_BOARD_16BIT_DRAM_BUS -DON_BOARD_256M_DRAM_COMPONENT -DCFG_ENV_IS_IN_SPI -Wall -Wstrict-prototypes -c -o usb.o usb.c
"/home/felix/qodome/RT288x_SDK/toolchain/buildroot-gcc342/bin"/mipsel-linux-gcc -gdwarf-2 -DDEBUG -Os   -D__KERNEL__ -DTEXT_BASE=0xA0200000 -I/home/felix/qodome/RT288x_SDK/Uboot/include -fno-builtin -ffreestanding -nostdinc -isystem /home/felix/qodome/RT288x_SDK/toolchain/buildroot-gcc342/bin/../lib/gcc/mipsel-linux-uclibc/3.4.2/include -pipe  -DCONFIG_MIPS -D__MIPS__ -march=4kc -mtune=4kc -mabicalls -DRALINK_MDIO_ACCESS_FUN -DRALINK_SPI_UPGRADE_CHECK -DRALINK_RW_RF_REG_FUN -DRALINK_UPGRADE_BY_SERIAL -DRALINK_CMDLINE -DRALINK_EPHY_INIT -DCONFIG_GZIP -DCONFIG_LZMA -DP5_MAC_TO_NONE_MODE -DASIC_BOARD -DRT5350_ASIC_BOARD -DRT5350_MP -DUBOOT_RAM -DON_BOARD_SDR -DON_BOARD_16BIT_DRAM_BUS -DON_BOARD_256M_DRAM_COMPONENT -DCFG_ENV_IS_IN_SPI -Wall -Wstrict-prototypes -c -o usb_storage.o usb_storage.c
"/home/felix/qodome/RT288x_SDK/toolchain/buildroot-gcc342/bin"/mipsel-linux-gcc -gdwarf-2 -DDEBUG -Os   -D__KERNEL__ -DTEXT_BASE=0xA0200000 -I/home/felix/qodome/RT288x_SDK/Uboot/include -fno-builtin -ffreestanding -nostdinc -isystem /home/felix/qodome/RT288x_SDK/toolchain/buildroot-gcc342/bin/../lib/gcc/mipsel-linux-uclibc/3.4.2/include -pipe  -DCONFIG_MIPS -D__MIPS__ -march=4kc -mtune=4kc -mabicalls -DRALINK_MDIO_ACCESS_FUN -DRALINK_SPI_UPGRADE_CHECK -DRALINK_RW_RF_REG_FUN -DRALINK_UPGRADE_BY_SERIAL -DRALINK_CMDLINE -DRALINK_EPHY_INIT -DCONFIG_GZIP -DCONFIG_LZMA -DP5_MAC_TO_NONE_MODE -DASIC_BOARD -DRT5350_ASIC_BOARD -DRT5350_MP -DUBOOT_RAM -DON_BOARD_SDR -DON_BOARD_16BIT_DRAM_BUS -DON_BOARD_256M_DRAM_COMPONENT -DCFG_ENV_IS_IN_SPI -Wall -Wstrict-prototypes -c -o cmd_usb.o cmd_usb.c
"/home/felix/qodome/RT288x_SDK/toolchain/buildroot-gcc342/bin"/mipsel-linux-gcc -gdwarf-2 -DDEBUG -Os   -D__KERNEL__ -DTEXT_BASE=0xA0200000 -I/home/felix/qodome/RT288x_SDK/Uboot/include -fno-builtin -ffreestanding -nostdinc -isystem /home/felix/qodome/RT288x_SDK/toolchain/buildroot-gcc342/bin/../lib/gcc/mipsel-linux-uclibc/3.4.2/include -pipe  -DCONFIG_MIPS -D__MIPS__ -march=4kc -mtune=4kc -mabicalls -DRALINK_MDIO_ACCESS_FUN -DRALINK_SPI_UPGRADE_CHECK -DRALINK_RW_RF_REG_FUN -DRALINK_UPGRADE_BY_SERIAL -DRALINK_CMDLINE -DRALINK_EPHY_INIT -DCONFIG_GZIP -DCONFIG_LZMA -DP5_MAC_TO_NONE_MODE -DASIC_BOARD -DRT5350_ASIC_BOARD -DRT5350_MP -DUBOOT_RAM -DON_BOARD_SDR -DON_BOARD_16BIT_DRAM_BUS -DON_BOARD_256M_DRAM_COMPONENT -DCFG_ENV_IS_IN_SPI -Wall -Wstrict-prototypes -c -o cmd_fat.o cmd_fat.c
"/home/felix/qodome/RT288x_SDK/toolchain/buildroot-gcc342/bin"/mipsel-linux-gcc -gdwarf-2 -DDEBUG -Os   -D__KERNEL__ -DTEXT_BASE=0xA0200000 -I/home/felix/qodome/RT288x_SDK/Uboot/include -fno-builtin -ffreestanding -nostdinc -isystem /home/felix/qodome/RT288x_SDK/toolchain/buildroot-gcc342/bin/../lib/gcc/mipsel-linux-uclibc/3.4.2/include -pipe  -DCONFIG_MIPS -D__MIPS__ -march=4kc -mtune=4kc -mabicalls -DRALINK_MDIO_ACCESS_FUN -DRALINK_SPI_UPGRADE_CHECK -DRALINK_RW_RF_REG_FUN -DRALINK_UPGRADE_BY_SERIAL -DRALINK_CMDLINE -DRALINK_EPHY_INIT -DCONFIG_GZIP -DCONFIG_LZMA -DP5_MAC_TO_NONE_MODE -DASIC_BOARD -DRT5350_ASIC_BOARD -DRT5350_MP -DUBOOT_RAM -DON_BOARD_SDR -DON_BOARD_16BIT_DRAM_BUS -DON_BOARD_256M_DRAM_COMPONENT -DCFG_ENV_IS_IN_SPI -Wall -Wstrict-prototypes -c -o env_spi.o env_spi.c
"/home/felix/qodome/RT288x_SDK/toolchain/buildroot-gcc342/bin"/mipsel-linux-ar crv libcommon.a  main.o cmd_bdinfo.o cmd_boot.o cmd_bootm.o cmd_console.o cmd_load.o cmd_misc.o cmd_net.o cmd_mem.o cmd_nvedit.o command.o console.o devices.o dlmalloc.o env_common.o exports.o lists.o   cmd_load.o usb.o usb_storage.o cmd_usb.o cmd_fat.o env_spi.o
a - main.o
a - cmd_bdinfo.o
a - cmd_boot.o
a - cmd_bootm.o
a - cmd_console.o
a - cmd_load.o
a - cmd_misc.o
a - cmd_net.o
a - cmd_mem.o
a - cmd_nvedit.o
a - command.o
a - console.o
a - devices.o
a - dlmalloc.o
a - env_common.o
a - exports.o
a - lists.o
a - cmd_load.o
a - usb.o
a - usb_storage.o
a - cmd_usb.o
a - cmd_fat.o
a - env_spi.o
make[1]: Leaving directory `/home/felix/qodome/RT288x_SDK/Uboot/common'
echo make -C `dirname common/libcommon.a`
make -C common
UNDEF_SYM=`"/home/felix/qodome/RT288x_SDK/toolchain/buildroot-gcc342/bin"/mipsel-linux-objdump -x lib_generic/libgeneric.a board/rt2880/librt2880.a cpu/ralink_soc/libralink_soc.a lib_mips/libmips.a net/libnet.a drivers/libdrivers.a common/libcommon.a |sed  -n -e 's/.*\(__u_boot_cmd_.*\)/-u\1/p'|sort|uniq`;\
		"/home/felix/qodome/RT288x_SDK/toolchain/buildroot-gcc342/bin"/mipsel-linux-ld -Bstatic -T /home/felix/qodome/RT288x_SDK/Uboot/board/rt2880/u-boot.lds -Ttext 0xA0200000  $UNDEF_SYM cpu/ralink_soc/start.o \
			--start-group lib_generic/libgeneric.a board/rt2880/librt2880.a cpu/ralink_soc/libralink_soc.a lib_mips/libmips.a net/libnet.a drivers/libdrivers.a common/libcommon.a --end-group -L /home/felix/qodome/RT288x_SDK/toolchain/buildroot-gcc342/bin/../lib/gcc/mipsel-linux-uclibc/3.4.2 \
			-Map u-boot.map -o u-boot
"/home/felix/qodome/RT288x_SDK/toolchain/buildroot-gcc342/bin"/mipsel-linux-objcopy --gap-fill=0xff -O srec u-boot u-boot.srec
"/home/felix/qodome/RT288x_SDK/toolchain/buildroot-gcc342/bin"/mipsel-linux-objcopy --gap-fill=0xff -O binary u-boot uboot.bin

===============<<IMPORTANT>>==================
Notes:Uboot firmware in flash is uboot.img NOT uboot.bin
================================================

./tools/mkimage -A mips -T standalone -C none \
		-a 0xA0200000 -e 0xa0200000 \
		-n "SPI Flash Image" \
		-r SDR -s 16 -t 32 -u 16 \
		-y 0xd1825272 -z 0xe0120300 -w 0xFF -d uboot.bin uboot.img
Image Name:   SPI Flash Image
Created:      Sat Dec 27 19:21:00 2014
Image Type:   MIPS Linux Standalone Program (uncompressed)
Data Size:    98120 Bytes = 95.82 kB = 0.09 MB
Load Address: 0xA0200000
Entry Point:  0xA0200000
DRAM Parameter: 6 (Parm0=d1825272 Parm1=e0120300)
