This file contains any messages produced by compilers while
running configure, to aid debugging if configure makes a mistake.

It was created by nss-mdns configure 0.10, which was
generated by GNU Autoconf 2.61.  Invocation command line was

  $ ./configure --host=mipsel-linux

## --------- ##
## Platform. ##
## --------- ##

hostname = ubuntu
uname -m = i686
uname -r = 3.0.0-14-generic
uname -s = Linux
uname -v = #23-Ubuntu SMP Mon Nov 21 20:34:47 UTC 2011

/usr/bin/uname -p = unknown
/bin/uname -X     = unknown

/bin/arch              = unknown
/usr/bin/arch -k       = unknown
/usr/convex/getsysinfo = unknown
/usr/bin/hostinfo      = unknown
/bin/machine           = unknown
/usr/bin/oslevel       = unknown
/bin/universe          = unknown

PATH: /usr/lib/lightdm/lightdm
PATH: /usr/local/sbin
PATH: /usr/local/bin
PATH: /usr/sbin
PATH: /usr/bin
PATH: /sbin
PATH: /bin
PATH: /usr/games
PATH: /home/felix/pegasus//bin
PATH: /home/felix/qodome/RT288x_SDK/toolchain/buildroot-gcc342/bin/
PATH: /home/felix/pegasus//bin
PATH: /home/felix/qodome/RT288x_SDK/toolchain/buildroot-gcc342/bin/


## ----------- ##
## Core tests. ##
## ----------- ##

configure:1998: checking for a BSD-compatible install
configure:2054: result: /usr/bin/install -c
configure:2065: checking whether build environment is sane
configure:2108: result: yes
configure:2173: checking for gawk
configure:2189: found /usr/bin/gawk
configure:2200: result: gawk
configure:2211: checking whether make sets $(MAKE)
configure:2232: result: yes
configure:2308: checking for mipsel-linux-strip
configure:2324: found /home/felix/qodome/RT288x_SDK/toolchain/buildroot-gcc342/bin//mipsel-linux-strip
configure:2335: result: mipsel-linux-strip
configure:2438: checking for mipsel-linux-gcc
configure:2465: result: mipsel-linux-gcc
configure:2743: checking for C compiler version
configure:2750: mipsel-linux-gcc --version >&5
mipsel-linux-gcc (GCC) 3.4.2
Copyright (C) 2004 Free Software Foundation, Inc.
This is free software; see the source for copying conditions.  There is NO
warranty; not even for MERCHANTABILITY or FITNESS FOR A PARTICULAR PURPOSE.

configure:2753: $? = 0
configure:2760: mipsel-linux-gcc -v >&5
Reading specs from /home/felix/qodome/RT288x_SDK/toolchain/buildroot-gcc342/bin/../lib/gcc/mipsel-linux-uclibc/3.4.2/specs
Configured with: /home/winfred/RT288x_SDK/toolchain/buildroot/toolchain_build_mipsel/gcc-3.4.2/configure --prefix=/home/winfred/RT288x_SDK/toolchain/buildroot-gdb --build=i386-pc-linux-gnu --host=i386-pc-linux-gnu --target=mipsel-linux-uclibc --enable-languages=c,c++ --disable-__cxa_atexit --enable-target-optspace --with-gnu-ld --disable-shared --disable-nls --enable-threads --enable-multilib --enable-sjlj-exceptions : (reconfigured) /home/winfred/RT288x_SDK/toolchain/buildroot/toolchain_build_mipsel/gcc-3.4.2/configure --prefix=/home/winfred/RT288x_SDK/toolchain/buildroot-gdb --build=i386-pc-linux-gnu --host=i386-pc-linux-gnu --target=mipsel-linux-uclibc --enable-languages=c,c++ --disable-__cxa_atexit --enable-target-optspace --with-gnu-ld --disable-shared --disable-nls --enable-threads --enable-multilib --enable-sjlj-exceptions
Thread model: posix
gcc version 3.4.2
configure:2763: $? = 0
configure:2770: mipsel-linux-gcc -V >&5
mipsel-linux-gcc: `-V' option must have argument
configure:2773: $? = 1
configure:2796: checking for C compiler default output file name
configure:2823: mipsel-linux-gcc    conftest.c  >&5
configure:2826: $? = 0
configure:2864: result: a.out
configure:2881: checking whether the C compiler works
configure:2891: ./a.out
./configure: line 2892: ./a.out: cannot execute binary file
configure:2894: $? = 126
configure:2911: result: yes
configure:2918: checking whether we are cross compiling
configure:2920: result: yes
configure:2923: checking for suffix of executables
configure:2930: mipsel-linux-gcc -o conftest    conftest.c  >&5
configure:2933: $? = 0
configure:2957: result: 
configure:2963: checking for suffix of object files
configure:2989: mipsel-linux-gcc -c   conftest.c >&5
configure:2992: $? = 0
configure:3015: result: o
configure:3019: checking whether we are using the GNU C compiler
configure:3048: mipsel-linux-gcc -c   conftest.c >&5
configure:3054: $? = 0
configure:3071: result: yes
configure:3076: checking whether mipsel-linux-gcc accepts -g
configure:3106: mipsel-linux-gcc -c -g  conftest.c >&5
configure:3112: $? = 0
configure:3211: result: yes
configure:3228: checking for mipsel-linux-gcc option to accept ISO C89
configure:3302: mipsel-linux-gcc  -c -g -O2  conftest.c >&5
configure:3308: $? = 0
configure:3331: result: none needed
configure:3360: checking for style of include used by make
configure:3388: result: GNU
configure:3416: checking dependency style of mipsel-linux-gcc
configure:3506: result: gcc3
configure:3528: checking how to run the C preprocessor
configure:3568: mipsel-linux-gcc -E  conftest.c
configure:3574: $? = 0
configure:3605: mipsel-linux-gcc -E  conftest.c
conftest.c:11:28: ac_nonexistent.h: No such file or directory
configure:3611: $? = 1
configure: failed program was:
| /* confdefs.h.  */
| #define PACKAGE_NAME "nss-mdns"
| #define PACKAGE_TARNAME "nss-mdns"
| #define PACKAGE_VERSION "0.10"
| #define PACKAGE_STRING "nss-mdns 0.10"
| #define PACKAGE_BUGREPORT "mzaffzqaf (at) 0pointer (dot) de"
| #define PACKAGE "nss-mdns"
| #define VERSION "0.10"
| #define _GNU_SOURCE 1
| /* end confdefs.h.  */
| #include <ac_nonexistent.h>
configure:3644: result: mipsel-linux-gcc -E
configure:3673: mipsel-linux-gcc -E  conftest.c
configure:3679: $? = 0
configure:3710: mipsel-linux-gcc -E  conftest.c
conftest.c:11:28: ac_nonexistent.h: No such file or directory
configure:3716: $? = 1
configure: failed program was:
| /* confdefs.h.  */
| #define PACKAGE_NAME "nss-mdns"
| #define PACKAGE_TARNAME "nss-mdns"
| #define PACKAGE_VERSION "0.10"
| #define PACKAGE_STRING "nss-mdns 0.10"
| #define PACKAGE_BUGREPORT "mzaffzqaf (at) 0pointer (dot) de"
| #define PACKAGE "nss-mdns"
| #define VERSION "0.10"
| #define _GNU_SOURCE 1
| /* end confdefs.h.  */
| #include <ac_nonexistent.h>
configure:3766: checking for a BSD-compatible install
configure:3822: result: /usr/bin/install -c
configure:3833: checking whether ln -s works
configure:3837: result: yes
configure:3844: checking whether make sets $(MAKE)
configure:3865: result: yes
configure:3893: checking whether mipsel-linux-gcc accepts -std=gnu99
configure:3897: result: yes
configure:3893: checking whether mipsel-linux-gcc accepts -Wall
configure:3897: result: yes
configure:3893: checking whether mipsel-linux-gcc accepts -W
configure:3897: result: yes
configure:3893: checking whether mipsel-linux-gcc accepts -Wextra
configure:3897: result: yes
configure:3893: checking whether mipsel-linux-gcc accepts -pedantic
configure:3897: result: yes
configure:3893: checking whether mipsel-linux-gcc accepts -pipe
configure:3897: result: yes
configure:3893: checking whether mipsel-linux-gcc accepts -Wformat
configure:3897: result: yes
configure:3893: checking whether mipsel-linux-gcc accepts -Wold-style-definition
configure:3897: result: yes
configure:3893: checking whether mipsel-linux-gcc accepts -Wdeclaration-after-statement
configure:3897: result: yes
configure:3893: checking whether mipsel-linux-gcc accepts -Wfloat-equal
configure:3897: result: yes
configure:3893: checking whether mipsel-linux-gcc accepts -Wmissing-declarations
configure:3897: result: yes
configure:3893: checking whether mipsel-linux-gcc accepts -Wmissing-prototypes
configure:3897: result: yes
configure:3893: checking whether mipsel-linux-gcc accepts -Wstrict-prototypes
configure:3897: result: yes
configure:3893: checking whether mipsel-linux-gcc accepts -Wredundant-decls
configure:3897: result: yes
configure:3893: checking whether mipsel-linux-gcc accepts -Wmissing-noreturn
configure:3897: result: yes
configure:3893: checking whether mipsel-linux-gcc accepts -Wshadow
configure:3897: result: yes
configure:3893: checking whether mipsel-linux-gcc accepts -Wendif-labels
configure:3897: result: yes
configure:3893: checking whether mipsel-linux-gcc accepts -Wpointer-arith
configure:3897: result: yes
configure:3893: checking whether mipsel-linux-gcc accepts -Wbad-function-cast
configure:3897: result: yes
configure:3893: checking whether mipsel-linux-gcc accepts -Wcast-qual
configure:3897: result: yes
configure:3893: checking whether mipsel-linux-gcc accepts -Wcast-align
configure:3897: result: yes
configure:3893: checking whether mipsel-linux-gcc accepts -Wwrite-strings
configure:3897: result: yes
configure:3893: checking whether mipsel-linux-gcc accepts -Winline
configure:3897: result: yes
configure:3893: checking whether mipsel-linux-gcc accepts -Wno-unused-parameter
configure:3897: result: yes
configure:3986: checking build system type
configure:4004: result: i686-pc-linux-gnu
configure:4026: checking host system type
configure:4041: result: mipsel-unknown-linux-gnu
configure:4063: checking for a sed that does not truncate output
configure:4117: result: /bin/sed
configure:4120: checking for grep that handles long lines and -e
configure:4194: result: /bin/grep
configure:4199: checking for egrep
configure:4277: result: /bin/grep -E
configure:4293: checking for ld used by mipsel-linux-gcc
configure:4360: result: /home/felix/qodome/RT288x_SDK/toolchain/buildroot-gcc342/mipsel-linux-uclibc/bin/ld
configure:4369: checking if the linker (/home/felix/qodome/RT288x_SDK/toolchain/buildroot-gcc342/mipsel-linux-uclibc/bin/ld) is GNU ld
configure:4384: result: yes
configure:4389: checking for /home/felix/qodome/RT288x_SDK/toolchain/buildroot-gcc342/mipsel-linux-uclibc/bin/ld option to reload object files
configure:4396: result: -r
configure:4414: checking for BSD-compatible nm
configure:4463: result: /home/felix/qodome/RT288x_SDK/toolchain/buildroot-gcc342/bin//mipsel-linux-nm -B
configure:4467: checking how to recognise dependent libraries
configure:4643: result: pass_all
configure:4873: checking for ANSI C header files
configure:4903: mipsel-linux-gcc -c -g -O2 -std=gnu99 -Wall -W -Wextra -pedantic -pipe -Wformat -Wold-style-definition -Wdeclaration-after-statement -Wfloat-equal -Wmissing-declarations -Wmissing-prototypes -Wstrict-prototypes -Wredundant-decls -Wmissing-noreturn -Wshadow -Wendif-labels -Wpointer-arith -Wbad-function-cast -Wcast-qual -Wcast-align -Wwrite-strings -Winline -Wno-unused-parameter  conftest.c >&5
conftest.c:18: warning: function declaration isn't a prototype
conftest.c: In function `main':
conftest.c:18: warning: old-style parameter declaration
configure:4909: $? = 0
configure:5037: result: yes
configure:5061: checking for sys/types.h
configure:5082: mipsel-linux-gcc -c -g -O2 -std=gnu99 -Wall -W -Wextra -pedantic -pipe -Wformat -Wold-style-definition -Wdeclaration-after-statement -Wfloat-equal -Wmissing-declarations -Wmissing-prototypes -Wstrict-prototypes -Wredundant-decls -Wmissing-noreturn -Wshadow -Wendif-labels -Wpointer-arith -Wbad-function-cast -Wcast-qual -Wcast-align -Wwrite-strings -Winline -Wno-unused-parameter  conftest.c >&5
configure:5088: $? = 0
configure:5104: result: yes
configure:5061: checking for sys/stat.h
configure:5082: mipsel-linux-gcc -c -g -O2 -std=gnu99 -Wall -W -Wextra -pedantic -pipe -Wformat -Wold-style-definition -Wdeclaration-after-statement -Wfloat-equal -Wmissing-declarations -Wmissing-prototypes -Wstrict-prototypes -Wredundant-decls -Wmissing-noreturn -Wshadow -Wendif-labels -Wpointer-arith -Wbad-function-cast -Wcast-qual -Wcast-align -Wwrite-strings -Winline -Wno-unused-parameter  conftest.c >&5
configure:5088: $? = 0
configure:5104: result: yes
configure:5061: checking for stdlib.h
configure:5082: mipsel-linux-gcc -c -g -O2 -std=gnu99 -Wall -W -Wextra -pedantic -pipe -Wformat -Wold-style-definition -Wdeclaration-after-statement -Wfloat-equal -Wmissing-declarations -Wmissing-prototypes -Wstrict-prototypes -Wredundant-decls -Wmissing-noreturn -Wshadow -Wendif-labels -Wpointer-arith -Wbad-function-cast -Wcast-qual -Wcast-align -Wwrite-strings -Winline -Wno-unused-parameter  conftest.c >&5
configure:5088: $? = 0
configure:5104: result: yes
configure:5061: checking for string.h
configure:5082: mipsel-linux-gcc -c -g -O2 -std=gnu99 -Wall -W -Wextra -pedantic -pipe -Wformat -Wold-style-definition -Wdeclaration-after-statement -Wfloat-equal -Wmissing-declarations -Wmissing-prototypes -Wstrict-prototypes -Wredundant-decls -Wmissing-noreturn -Wshadow -Wendif-labels -Wpointer-arith -Wbad-function-cast -Wcast-qual -Wcast-align -Wwrite-strings -Winline -Wno-unused-parameter  conftest.c >&5
configure:5088: $? = 0
configure:5104: result: yes
configure:5061: checking for memory.h
configure:5082: mipsel-linux-gcc -c -g -O2 -std=gnu99 -Wall -W -Wextra -pedantic -pipe -Wformat -Wold-style-definition -Wdeclaration-after-statement -Wfloat-equal -Wmissing-declarations -Wmissing-prototypes -Wstrict-prototypes -Wredundant-decls -Wmissing-noreturn -Wshadow -Wendif-labels -Wpointer-arith -Wbad-function-cast -Wcast-qual -Wcast-align -Wwrite-strings -Winline -Wno-unused-parameter  conftest.c >&5
configure:5088: $? = 0
configure:5104: result: yes
configure:5061: checking for strings.h
configure:5082: mipsel-linux-gcc -c -g -O2 -std=gnu99 -Wall -W -Wextra -pedantic -pipe -Wformat -Wold-style-definition -Wdeclaration-after-statement -Wfloat-equal -Wmissing-declarations -Wmissing-prototypes -Wstrict-prototypes -Wredundant-decls -Wmissing-noreturn -Wshadow -Wendif-labels -Wpointer-arith -Wbad-function-cast -Wcast-qual -Wcast-align -Wwrite-strings -Winline -Wno-unused-parameter  conftest.c >&5
configure:5088: $? = 0
configure:5104: result: yes
configure:5061: checking for inttypes.h
configure:5082: mipsel-linux-gcc -c -g -O2 -std=gnu99 -Wall -W -Wextra -pedantic -pipe -Wformat -Wold-style-definition -Wdeclaration-after-statement -Wfloat-equal -Wmissing-declarations -Wmissing-prototypes -Wstrict-prototypes -Wredundant-decls -Wmissing-noreturn -Wshadow -Wendif-labels -Wpointer-arith -Wbad-function-cast -Wcast-qual -Wcast-align -Wwrite-strings -Winline -Wno-unused-parameter  conftest.c >&5
configure:5088: $? = 0
configure:5104: result: yes
configure:5061: checking for stdint.h
configure:5082: mipsel-linux-gcc -c -g -O2 -std=gnu99 -Wall -W -Wextra -pedantic -pipe -Wformat -Wold-style-definition -Wdeclaration-after-statement -Wfloat-equal -Wmissing-declarations -Wmissing-prototypes -Wstrict-prototypes -Wredundant-decls -Wmissing-noreturn -Wshadow -Wendif-labels -Wpointer-arith -Wbad-function-cast -Wcast-qual -Wcast-align -Wwrite-strings -Winline -Wno-unused-parameter  conftest.c >&5
configure:5088: $? = 0
configure:5104: result: yes
configure:5061: checking for unistd.h
configure:5082: mipsel-linux-gcc -c -g -O2 -std=gnu99 -Wall -W -Wextra -pedantic -pipe -Wformat -Wold-style-definition -Wdeclaration-after-statement -Wfloat-equal -Wmissing-declarations -Wmissing-prototypes -Wstrict-prototypes -Wredundant-decls -Wmissing-noreturn -Wshadow -Wendif-labels -Wpointer-arith -Wbad-function-cast -Wcast-qual -Wcast-align -Wwrite-strings -Winline -Wno-unused-parameter  conftest.c >&5
configure:5088: $? = 0
configure:5104: result: yes
configure:5131: checking dlfcn.h usability
configure:5148: mipsel-linux-gcc -c -g -O2 -std=gnu99 -Wall -W -Wextra -pedantic -pipe -Wformat -Wold-style-definition -Wdeclaration-after-statement -Wfloat-equal -Wmissing-declarations -Wmissing-prototypes -Wstrict-prototypes -Wredundant-decls -Wmissing-noreturn -Wshadow -Wendif-labels -Wpointer-arith -Wbad-function-cast -Wcast-qual -Wcast-align -Wwrite-strings -Winline -Wno-unused-parameter  conftest.c >&5
configure:5154: $? = 0
configure:5168: result: yes
configure:5172: checking dlfcn.h presence
configure:5187: mipsel-linux-gcc -E  conftest.c
configure:5193: $? = 0
configure:5207: result: yes
configure:5240: checking for dlfcn.h
configure:5248: result: yes
configure:5275: checking for mipsel-linux-g++
configure:5291: found /home/felix/qodome/RT288x_SDK/toolchain/buildroot-gcc342/bin//mipsel-linux-g++
configure:5302: result: mipsel-linux-g++
configure:5377: checking for C++ compiler version
configure:5384: mipsel-linux-g++ --version >&5
mipsel-linux-g++ (GCC) 3.4.2
Copyright (C) 2004 Free Software Foundation, Inc.
This is free software; see the source for copying conditions.  There is NO
warranty; not even for MERCHANTABILITY or FITNESS FOR A PARTICULAR PURPOSE.

configure:5387: $? = 0
configure:5394: mipsel-linux-g++ -v >&5
Reading specs from /home/felix/qodome/RT288x_SDK/toolchain/buildroot-gcc342/bin/../lib/gcc/mipsel-linux-uclibc/3.4.2/specs
Configured with: /home/winfred/RT288x_SDK/toolchain/buildroot/toolchain_build_mipsel/gcc-3.4.2/configure --prefix=/home/winfred/RT288x_SDK/toolchain/buildroot-gdb --build=i386-pc-linux-gnu --host=i386-pc-linux-gnu --target=mipsel-linux-uclibc --enable-languages=c,c++ --disable-__cxa_atexit --enable-target-optspace --with-gnu-ld --disable-shared --disable-nls --enable-threads --enable-multilib --enable-sjlj-exceptions : (reconfigured) /home/winfred/RT288x_SDK/toolchain/buildroot/toolchain_build_mipsel/gcc-3.4.2/configure --prefix=/home/winfred/RT288x_SDK/toolchain/buildroot-gdb --build=i386-pc-linux-gnu --host=i386-pc-linux-gnu --target=mipsel-linux-uclibc --enable-languages=c,c++ --disable-__cxa_atexit --enable-target-optspace --with-gnu-ld --disable-shared --disable-nls --enable-threads --enable-multilib --enable-sjlj-exceptions
Thread model: posix
gcc version 3.4.2
configure:5397: $? = 0
configure:5404: mipsel-linux-g++ -V >&5
mipsel-linux-g++: `-V' option must have argument
configure:5407: $? = 1
configure:5410: checking whether we are using the GNU C++ compiler
configure:5439: mipsel-linux-g++ -c   conftest.cpp >&5
configure:5445: $? = 0
configure:5462: result: yes
configure:5467: checking whether mipsel-linux-g++ accepts -g
configure:5497: mipsel-linux-g++ -c -g  conftest.cpp >&5
configure:5503: $? = 0
configure:5602: result: yes
configure:5627: checking dependency style of mipsel-linux-g++
configure:5717: result: gcc3
configure:5744: checking how to run the C++ preprocessor
configure:5780: mipsel-linux-g++ -E  conftest.cpp
configure:5786: $? = 0
configure:5817: mipsel-linux-g++ -E  conftest.cpp
conftest.cpp:22:28: ac_nonexistent.h: No such file or directory
configure:5823: $? = 1
configure: failed program was:
| /* confdefs.h.  */
| #define PACKAGE_NAME "nss-mdns"
| #define PACKAGE_TARNAME "nss-mdns"
| #define PACKAGE_VERSION "0.10"
| #define PACKAGE_STRING "nss-mdns 0.10"
| #define PACKAGE_BUGREPORT "mzaffzqaf (at) 0pointer (dot) de"
| #define PACKAGE "nss-mdns"
| #define VERSION "0.10"
| #define _GNU_SOURCE 1
| #define STDC_HEADERS 1
| #define HAVE_SYS_TYPES_H 1
| #define HAVE_SYS_STAT_H 1
| #define HAVE_STDLIB_H 1
| #define HAVE_STRING_H 1
| #define HAVE_MEMORY_H 1
| #define HAVE_STRINGS_H 1
| #define HAVE_INTTYPES_H 1
| #define HAVE_STDINT_H 1
| #define HAVE_UNISTD_H 1
| #define HAVE_DLFCN_H 1
| /* end confdefs.h.  */
| #include <ac_nonexistent.h>
configure:5856: result: mipsel-linux-g++ -E
configure:5885: mipsel-linux-g++ -E  conftest.cpp
configure:5891: $? = 0
configure:5922: mipsel-linux-g++ -E  conftest.cpp
conftest.cpp:22:28: ac_nonexistent.h: No such file or directory
configure:5928: $? = 1
configure: failed program was:
| /* confdefs.h.  */
| #define PACKAGE_NAME "nss-mdns"
| #define PACKAGE_TARNAME "nss-mdns"
| #define PACKAGE_VERSION "0.10"
| #define PACKAGE_STRING "nss-mdns 0.10"
| #define PACKAGE_BUGREPORT "mzaffzqaf (at) 0pointer (dot) de"
| #define PACKAGE "nss-mdns"
| #define VERSION "0.10"
| #define _GNU_SOURCE 1
| #define STDC_HEADERS 1
| #define HAVE_SYS_TYPES_H 1
| #define HAVE_SYS_STAT_H 1
| #define HAVE_STDLIB_H 1
| #define HAVE_STRING_H 1
| #define HAVE_MEMORY_H 1
| #define HAVE_STRINGS_H 1
| #define HAVE_INTTYPES_H 1
| #define HAVE_STDINT_H 1
| #define HAVE_UNISTD_H 1
| #define HAVE_DLFCN_H 1
| /* end confdefs.h.  */
| #include <ac_nonexistent.h>
configure:5977: checking for mipsel-linux-g77
configure:6007: result: no
configure:5977: checking for mipsel-linux-xlf
configure:6007: result: no
configure:5977: checking for mipsel-linux-f77
configure:6007: result: no
configure:5977: checking for mipsel-linux-frt
configure:6007: result: no
configure:5977: checking for mipsel-linux-pgf77
configure:6007: result: no
configure:5977: checking for mipsel-linux-cf77
configure:6007: result: no
configure:5977: checking for mipsel-linux-fort77
configure:6007: result: no
configure:5977: checking for mipsel-linux-fl32
configure:6007: result: no
configure:5977: checking for mipsel-linux-af77
configure:6007: result: no
configure:5977: checking for mipsel-linux-xlf90
configure:6007: result: no
configure:5977: checking for mipsel-linux-f90
configure:6007: result: no
configure:5977: checking for mipsel-linux-pgf90
configure:6007: result: no
configure:5977: checking for mipsel-linux-pghpf
configure:6007: result: no
configure:5977: checking for mipsel-linux-epcf90
configure:6007: result: no
configure:5977: checking for mipsel-linux-gfortran
configure:6007: result: no
configure:5977: checking for mipsel-linux-g95
configure:6007: result: no
configure:5977: checking for mipsel-linux-xlf95
configure:6007: result: no
configure:5977: checking for mipsel-linux-f95
configure:6007: result: no
configure:5977: checking for mipsel-linux-fort
configure:6007: result: no
configure:5977: checking for mipsel-linux-ifort
configure:6007: result: no
configure:5977: checking for mipsel-linux-ifc
configure:6007: result: no
configure:5977: checking for mipsel-linux-efc
configure:6007: result: no
configure:5977: checking for mipsel-linux-pgf95
configure:6007: result: no
configure:5977: checking for mipsel-linux-lf95
configure:6007: result: no
configure:5977: checking for mipsel-linux-ftn
configure:6007: result: no
configure:6021: checking for g77
configure:6051: result: no
configure:6021: checking for xlf
configure:6051: result: no
configure:6021: checking for f77
configure:6051: result: no
configure:6021: checking for frt
configure:6051: result: no
configure:6021: checking for pgf77
configure:6051: result: no
configure:6021: checking for cf77
configure:6051: result: no
configure:6021: checking for fort77
configure:6051: result: no
configure:6021: checking for fl32
configure:6051: result: no
configure:6021: checking for af77
configure:6051: result: no
configure:6021: checking for xlf90
configure:6051: result: no
configure:6021: checking for f90
configure:6051: result: no
configure:6021: checking for pgf90
configure:6051: result: no
configure:6021: checking for pghpf
configure:6051: result: no
configure:6021: checking for epcf90
configure:6051: result: no
configure:6021: checking for gfortran
configure:6051: result: no
configure:6021: checking for g95
configure:6051: result: no
configure:6021: checking for xlf95
configure:6051: result: no
configure:6021: checking for f95
configure:6051: result: no
configure:6021: checking for fort
configure:6051: result: no
configure:6021: checking for ifort
configure:6051: result: no
configure:6021: checking for ifc
configure:6051: result: no
configure:6021: checking for efc
configure:6051: result: no
configure:6021: checking for pgf95
configure:6051: result: no
configure:6021: checking for lf95
configure:6051: result: no
configure:6021: checking for ftn
configure:6051: result: no
configure:6078: checking for Fortran 77 compiler version
configure:6085:  --version >&5
./configure: line 6086: --version: command not found
configure:6088: $? = 127
configure:6095:  -v >&5
./configure: line 6096: -v: command not found
configure:6098: $? = 127
configure:6105:  -V >&5
./configure: line 6106: -V: command not found
configure:6108: $? = 127
configure:6116: checking whether we are using the GNU Fortran 77 compiler
configure:6135:  -c  conftest.F >&5
./configure: line 6136: -c: command not found
configure:6141: $? = 127
configure: failed program was:
|       program main
| #ifndef __GNUC__
|        choke me
| #endif
| 
|       end
configure:6158: result: no
configure:6164: checking whether  accepts -g
configure:6181:  -c -g conftest.f >&5
./configure: line 6182: -c: command not found
configure:6187: $? = 127
configure: failed program was:
|       program main
| 
|       end
configure:6203: result: no
configure:6233: checking the maximum length of command line arguments
configure:6342: result: 32768
configure:6353: checking command to parse /home/felix/qodome/RT288x_SDK/toolchain/buildroot-gcc342/bin//mipsel-linux-nm -B output from mipsel-linux-gcc object
configure:6458: mipsel-linux-gcc -c -g -O2 -std=gnu99 -Wall -W -Wextra -pedantic -pipe -Wformat -Wold-style-definition -Wdeclaration-after-statement -Wfloat-equal -Wmissing-declarations -Wmissing-prototypes -Wstrict-prototypes -Wredundant-decls -Wmissing-noreturn -Wshadow -Wendif-labels -Wpointer-arith -Wbad-function-cast -Wcast-qual -Wcast-align -Wwrite-strings -Winline -Wno-unused-parameter  conftest.c >&5
conftest.c:5: warning: function declaration isn't a prototype
conftest.c: In function `nm_test_func':
conftest.c:5: warning: old-style parameter declaration
conftest.c: At top level:
conftest.c:9: warning: function declaration isn't a prototype
conftest.c: In function `main':
conftest.c:9: warning: old-style parameter declaration
configure:6461: $? = 0
configure:6465: /home/felix/qodome/RT288x_SDK/toolchain/buildroot-gcc342/bin//mipsel-linux-nm -B conftest.o \| sed -n -e 's/^.*[ 	]\([ABCDGIRSTW][ABCDGIRSTW]*\)[ 	][ 	]*\([_A-Za-z][_A-Za-z0-9]*\)$/\1 \2 \2/p' \> conftest.nm
configure:6468: $? = 0
configure:6520: mipsel-linux-gcc -o conftest -g -O2 -std=gnu99 -Wall -W -Wextra -pedantic -pipe -Wformat -Wold-style-definition -Wdeclaration-after-statement -Wfloat-equal -Wmissing-declarations -Wmissing-prototypes -Wstrict-prototypes -Wredundant-decls -Wmissing-noreturn -Wshadow -Wendif-labels -Wpointer-arith -Wbad-function-cast -Wcast-qual -Wcast-align -Wwrite-strings -Winline -Wno-unused-parameter   conftest.c conftstm.o >&5
configure:6523: $? = 0
configure:6561: result: ok
configure:6565: checking for objdir
configure:6580: result: .libs
configure:6632: checking for mipsel-linux-ar
configure:6648: found /home/felix/qodome/RT288x_SDK/toolchain/buildroot-gcc342/bin//mipsel-linux-ar
configure:6659: result: mipsel-linux-ar
configure:6728: checking for mipsel-linux-ranlib
configure:6744: found /home/felix/qodome/RT288x_SDK/toolchain/buildroot-gcc342/bin//mipsel-linux-ranlib
configure:6755: result: mipsel-linux-ranlib
configure:6824: checking for mipsel-linux-strip
configure:6851: result: mipsel-linux-strip
configure:7177: checking if mipsel-linux-gcc supports -fno-rtti -fno-exceptions
configure:7195: mipsel-linux-gcc -c -g -O2 -std=gnu99 -Wall -W -Wextra -pedantic -pipe -Wformat -Wold-style-definition -Wdeclaration-after-statement -Wfloat-equal -Wmissing-declarations -Wmissing-prototypes -Wstrict-prototypes -Wredundant-decls -Wmissing-noreturn -Wshadow -Wendif-labels -Wpointer-arith -Wbad-function-cast -Wcast-qual -Wcast-align -Wwrite-strings -Winline -Wno-unused-parameter  -fno-rtti -fno-exceptions conftest.c >&5
cc1: warning: command line option "-fno-rtti" is valid for C++/ObjC++ but not for C
configure:7199: $? = 0
configure:7212: result: no
configure:7227: checking for mipsel-linux-gcc option to produce PIC
configure:7437: result: -fPIC
configure:7445: checking if mipsel-linux-gcc PIC flag -fPIC works
configure:7463: mipsel-linux-gcc -c -g -O2 -std=gnu99 -Wall -W -Wextra -pedantic -pipe -Wformat -Wold-style-definition -Wdeclaration-after-statement -Wfloat-equal -Wmissing-declarations -Wmissing-prototypes -Wstrict-prototypes -Wredundant-decls -Wmissing-noreturn -Wshadow -Wendif-labels -Wpointer-arith -Wbad-function-cast -Wcast-qual -Wcast-align -Wwrite-strings -Winline -Wno-unused-parameter  -fPIC -DPIC conftest.c >&5
configure:7467: $? = 0
configure:7480: result: yes
configure:7508: checking if mipsel-linux-gcc static flag -static works
conftest.c:1: warning: function declaration isn't a prototype
conftest.c: In function `main':
conftest.c:1: warning: old-style parameter declaration
configure:7536: result: yes
configure:7546: checking if mipsel-linux-gcc supports -c -o file.o
configure:7567: mipsel-linux-gcc -c -g -O2 -std=gnu99 -Wall -W -Wextra -pedantic -pipe -Wformat -Wold-style-definition -Wdeclaration-after-statement -Wfloat-equal -Wmissing-declarations -Wmissing-prototypes -Wstrict-prototypes -Wredundant-decls -Wmissing-noreturn -Wshadow -Wendif-labels -Wpointer-arith -Wbad-function-cast -Wcast-qual -Wcast-align -Wwrite-strings -Winline -Wno-unused-parameter  -o out/conftest2.o conftest.c >&5
configure:7571: $? = 0
configure:7593: result: yes
configure:7619: checking whether the mipsel-linux-gcc linker (/home/felix/qodome/RT288x_SDK/toolchain/buildroot-gcc342/mipsel-linux-uclibc/bin/ld) supports shared libraries
configure:8574: result: yes
configure:8595: checking whether -lc should be explicitly linked in
configure:8600: mipsel-linux-gcc -c -g -O2 -std=gnu99 -Wall -W -Wextra -pedantic -pipe -Wformat -Wold-style-definition -Wdeclaration-after-statement -Wfloat-equal -Wmissing-declarations -Wmissing-prototypes -Wstrict-prototypes -Wredundant-decls -Wmissing-noreturn -Wshadow -Wendif-labels -Wpointer-arith -Wbad-function-cast -Wcast-qual -Wcast-align -Wwrite-strings -Winline -Wno-unused-parameter  conftest.c >&5
configure:8603: $? = 0
configure:8618: mipsel-linux-gcc -shared conftest.o  -v -Wl,-soname -Wl,conftest -o conftest 2\>\&1 \| grep  -lc  \>/dev/null 2\>\&1
configure:8621: $? = 0
configure:8633: result: no
configure:8641: checking dynamic linker characteristics
configure:9217: result: GNU/Linux ld.so
configure:9226: checking how to hardcode library paths into programs
configure:9251: result: immediate
configure:9265: checking whether stripping libraries is possible
configure:9270: result: yes
configure:10071: checking if libtool supports shared libraries
configure:10073: result: yes
configure:10076: checking whether to build shared libraries
configure:10097: result: yes
configure:10100: checking whether to build static libraries
configure:10104: result: no
configure:10196: creating libtool
configure:10784: checking for ld used by mipsel-linux-g++
configure:10851: result: /home/felix/qodome/RT288x_SDK/toolchain/buildroot-gcc342/mipsel-linux-uclibc/bin/ld
configure:10860: checking if the linker (/home/felix/qodome/RT288x_SDK/toolchain/buildroot-gcc342/mipsel-linux-uclibc/bin/ld) is GNU ld
configure:10875: result: yes
configure:10926: checking whether the mipsel-linux-g++ linker (/home/felix/qodome/RT288x_SDK/toolchain/buildroot-gcc342/mipsel-linux-uclibc/bin/ld) supports shared libraries
configure:11860: result: yes
configure:11878: mipsel-linux-g++ -c -g -O2  conftest.cpp >&5
configure:11881: $? = 0
configure:12000: checking for mipsel-linux-g++ option to produce PIC
configure:12274: result: -fPIC
configure:12282: checking if mipsel-linux-g++ PIC flag -fPIC works
configure:12300: mipsel-linux-g++ -c -g -O2  -fPIC -DPIC conftest.cpp >&5
configure:12304: $? = 0
configure:12317: result: yes
configure:12345: checking if mipsel-linux-g++ static flag -static works
configure:12373: result: yes
configure:12383: checking if mipsel-linux-g++ supports -c -o file.o
configure:12404: mipsel-linux-g++ -c -g -O2  -o out/conftest2.o conftest.cpp >&5
configure:12408: $? = 0
configure:12430: result: yes
configure:12456: checking whether the mipsel-linux-g++ linker (/home/felix/qodome/RT288x_SDK/toolchain/buildroot-gcc342/mipsel-linux-uclibc/bin/ld) supports shared libraries
configure:12484: result: yes
configure:12551: checking dynamic linker characteristics
configure:13127: result: GNU/Linux ld.so
configure:13136: checking how to hardcode library paths into programs
configure:13161: result: immediate
configure:19281: checking for ANSI C header files
configure:19445: result: yes
configure:19481: checking arpa/inet.h usability
configure:19498: mipsel-linux-gcc -c -g -O2 -std=gnu99 -Wall -W -Wextra -pedantic -pipe -Wformat -Wold-style-definition -Wdeclaration-after-statement -Wfloat-equal -Wmissing-declarations -Wmissing-prototypes -Wstrict-prototypes -Wredundant-decls -Wmissing-noreturn -Wshadow -Wendif-labels -Wpointer-arith -Wbad-function-cast -Wcast-qual -Wcast-align -Wwrite-strings -Winline -Wno-unused-parameter  conftest.c >&5
configure:19504: $? = 0
configure:19518: result: yes
configure:19522: checking arpa/inet.h presence
configure:19537: mipsel-linux-gcc -E  conftest.c
configure:19543: $? = 0
configure:19557: result: yes
configure:19590: checking for arpa/inet.h
configure:19598: result: yes
configure:19481: checking fcntl.h usability
configure:19498: mipsel-linux-gcc -c -g -O2 -std=gnu99 -Wall -W -Wextra -pedantic -pipe -Wformat -Wold-style-definition -Wdeclaration-after-statement -Wfloat-equal -Wmissing-declarations -Wmissing-prototypes -Wstrict-prototypes -Wredundant-decls -Wmissing-noreturn -Wshadow -Wendif-labels -Wpointer-arith -Wbad-function-cast -Wcast-qual -Wcast-align -Wwrite-strings -Winline -Wno-unused-parameter  conftest.c >&5
configure:19504: $? = 0
configure:19518: result: yes
configure:19522: checking fcntl.h presence
configure:19537: mipsel-linux-gcc -E  conftest.c
configure:19543: $? = 0
configure:19557: result: yes
configure:19590: checking for fcntl.h
configure:19598: result: yes
configure:19471: checking for inttypes.h
configure:19477: result: yes
configure:19481: checking netdb.h usability
configure:19498: mipsel-linux-gcc -c -g -O2 -std=gnu99 -Wall -W -Wextra -pedantic -pipe -Wformat -Wold-style-definition -Wdeclaration-after-statement -Wfloat-equal -Wmissing-declarations -Wmissing-prototypes -Wstrict-prototypes -Wredundant-decls -Wmissing-noreturn -Wshadow -Wendif-labels -Wpointer-arith -Wbad-function-cast -Wcast-qual -Wcast-align -Wwrite-strings -Winline -Wno-unused-parameter  conftest.c >&5
configure:19504: $? = 0
configure:19518: result: yes
configure:19522: checking netdb.h presence
configure:19537: mipsel-linux-gcc -E  conftest.c
configure:19543: $? = 0
configure:19557: result: yes
configure:19590: checking for netdb.h
configure:19598: result: yes
configure:19481: checking netinet/in.h usability
configure:19498: mipsel-linux-gcc -c -g -O2 -std=gnu99 -Wall -W -Wextra -pedantic -pipe -Wformat -Wold-style-definition -Wdeclaration-after-statement -Wfloat-equal -Wmissing-declarations -Wmissing-prototypes -Wstrict-prototypes -Wredundant-decls -Wmissing-noreturn -Wshadow -Wendif-labels -Wpointer-arith -Wbad-function-cast -Wcast-qual -Wcast-align -Wwrite-strings -Winline -Wno-unused-parameter  conftest.c >&5
configure:19504: $? = 0
configure:19518: result: yes
configure:19522: checking netinet/in.h presence
configure:19537: mipsel-linux-gcc -E  conftest.c
configure:19543: $? = 0
configure:19557: result: yes
configure:19590: checking for netinet/in.h
configure:19598: result: yes
configure:19471: checking for stdlib.h
configure:19477: result: yes
configure:19471: checking for string.h
configure:19477: result: yes
configure:19481: checking sys/socket.h usability
configure:19498: mipsel-linux-gcc -c -g -O2 -std=gnu99 -Wall -W -Wextra -pedantic -pipe -Wformat -Wold-style-definition -Wdeclaration-after-statement -Wfloat-equal -Wmissing-declarations -Wmissing-prototypes -Wstrict-prototypes -Wredundant-decls -Wmissing-noreturn -Wshadow -Wendif-labels -Wpointer-arith -Wbad-function-cast -Wcast-qual -Wcast-align -Wwrite-strings -Winline -Wno-unused-parameter  conftest.c >&5
configure:19504: $? = 0
configure:19518: result: yes
configure:19522: checking sys/socket.h presence
configure:19537: mipsel-linux-gcc -E  conftest.c
configure:19543: $? = 0
configure:19557: result: yes
configure:19590: checking for sys/socket.h
configure:19598: result: yes
configure:19481: checking sys/time.h usability
configure:19498: mipsel-linux-gcc -c -g -O2 -std=gnu99 -Wall -W -Wextra -pedantic -pipe -Wformat -Wold-style-definition -Wdeclaration-after-statement -Wfloat-equal -Wmissing-declarations -Wmissing-prototypes -Wstrict-prototypes -Wredundant-decls -Wmissing-noreturn -Wshadow -Wendif-labels -Wpointer-arith -Wbad-function-cast -Wcast-qual -Wcast-align -Wwrite-strings -Winline -Wno-unused-parameter  conftest.c >&5
configure:19504: $? = 0
configure:19518: result: yes
configure:19522: checking sys/time.h presence
configure:19537: mipsel-linux-gcc -E  conftest.c
configure:19543: $? = 0
configure:19557: result: yes
configure:19590: checking for sys/time.h
configure:19598: result: yes
configure:19471: checking for unistd.h
configure:19477: result: yes
configure:19481: checking nss.h usability
configure:19498: mipsel-linux-gcc -c -g -O2 -std=gnu99 -Wall -W -Wextra -pedantic -pipe -Wformat -Wold-style-definition -Wdeclaration-after-statement -Wfloat-equal -Wmissing-declarations -Wmissing-prototypes -Wstrict-prototypes -Wredundant-decls -Wmissing-noreturn -Wshadow -Wendif-labels -Wpointer-arith -Wbad-function-cast -Wcast-qual -Wcast-align -Wwrite-strings -Winline -Wno-unused-parameter  conftest.c >&5
conftest.c:66:17: nss.h: No such file or directory
configure:19504: $? = 1
configure: failed program was:
| /* confdefs.h.  */
| #define PACKAGE_NAME "nss-mdns"
| #define PACKAGE_TARNAME "nss-mdns"
| #define PACKAGE_VERSION "0.10"
| #define PACKAGE_STRING "nss-mdns 0.10"
| #define PACKAGE_BUGREPORT "mzaffzqaf (at) 0pointer (dot) de"
| #define PACKAGE "nss-mdns"
| #define VERSION "0.10"
| #define _GNU_SOURCE 1
| #define STDC_HEADERS 1
| #define HAVE_SYS_TYPES_H 1
| #define HAVE_SYS_STAT_H 1
| #define HAVE_STDLIB_H 1
| #define HAVE_STRING_H 1
| #define HAVE_MEMORY_H 1
| #define HAVE_STRINGS_H 1
| #define HAVE_INTTYPES_H 1
| #define HAVE_STDINT_H 1
| #define HAVE_UNISTD_H 1
| #define HAVE_DLFCN_H 1
| #define STDC_HEADERS 1
| #define HAVE_ARPA_INET_H 1
| #define HAVE_FCNTL_H 1
| #define HAVE_INTTYPES_H 1
| #define HAVE_NETDB_H 1
| #define HAVE_NETINET_IN_H 1
| #define HAVE_STDLIB_H 1
| #define HAVE_STRING_H 1
| #define HAVE_SYS_SOCKET_H 1
| #define HAVE_SYS_TIME_H 1
| #define HAVE_UNISTD_H 1
| /* end confdefs.h.  */
| #include <stdio.h>
| #ifdef HAVE_SYS_TYPES_H
| # include <sys/types.h>
| #endif
| #ifdef HAVE_SYS_STAT_H
| # include <sys/stat.h>
| #endif
| #ifdef STDC_HEADERS
| # include <stdlib.h>
| # include <stddef.h>
| #else
| # ifdef HAVE_STDLIB_H
| #  include <stdlib.h>
| # endif
| #endif
| #ifdef HAVE_STRING_H
| # if !defined STDC_HEADERS && defined HAVE_MEMORY_H
| #  include <memory.h>
| # endif
| # include <string.h>
| #endif
| #ifdef HAVE_STRINGS_H
| # include <strings.h>
| #endif
| #ifdef HAVE_INTTYPES_H
| # include <inttypes.h>
| #endif
| #ifdef HAVE_STDINT_H
| # include <stdint.h>
| #endif
| #ifdef HAVE_UNISTD_H
| # include <unistd.h>
| #endif
| #include <nss.h>
configure:19518: result: no
configure:19522: checking nss.h presence
configure:19537: mipsel-linux-gcc -E  conftest.c
conftest.c:33:17: nss.h: No such file or directory
configure:19543: $? = 1
configure: failed program was:
| /* confdefs.h.  */
| #define PACKAGE_NAME "nss-mdns"
| #define PACKAGE_TARNAME "nss-mdns"
| #define PACKAGE_VERSION "0.10"
| #define PACKAGE_STRING "nss-mdns 0.10"
| #define PACKAGE_BUGREPORT "mzaffzqaf (at) 0pointer (dot) de"
| #define PACKAGE "nss-mdns"
| #define VERSION "0.10"
| #define _GNU_SOURCE 1
| #define STDC_HEADERS 1
| #define HAVE_SYS_TYPES_H 1
| #define HAVE_SYS_STAT_H 1
| #define HAVE_STDLIB_H 1
| #define HAVE_STRING_H 1
| #define HAVE_MEMORY_H 1
| #define HAVE_STRINGS_H 1
| #define HAVE_INTTYPES_H 1
| #define HAVE_STDINT_H 1
| #define HAVE_UNISTD_H 1
| #define HAVE_DLFCN_H 1
| #define STDC_HEADERS 1
| #define HAVE_ARPA_INET_H 1
| #define HAVE_FCNTL_H 1
| #define HAVE_INTTYPES_H 1
| #define HAVE_NETDB_H 1
| #define HAVE_NETINET_IN_H 1
| #define HAVE_STDLIB_H 1
| #define HAVE_STRING_H 1
| #define HAVE_SYS_SOCKET_H 1
| #define HAVE_SYS_TIME_H 1
| #define HAVE_UNISTD_H 1
| /* end confdefs.h.  */
| #include <nss.h>
configure:19557: result: no
configure:19590: checking for nss.h
configure:19598: result: no
configure:19481: checking sys/ioctl.h usability
configure:19498: mipsel-linux-gcc -c -g -O2 -std=gnu99 -Wall -W -Wextra -pedantic -pipe -Wformat -Wold-style-definition -Wdeclaration-after-statement -Wfloat-equal -Wmissing-declarations -Wmissing-prototypes -Wstrict-prototypes -Wredundant-decls -Wmissing-noreturn -Wshadow -Wendif-labels -Wpointer-arith -Wbad-function-cast -Wcast-qual -Wcast-align -Wwrite-strings -Winline -Wno-unused-parameter  conftest.c >&5
configure:19504: $? = 0
configure:19518: result: yes
configure:19522: checking sys/ioctl.h presence
configure:19537: mipsel-linux-gcc -E  conftest.c
configure:19543: $? = 0
configure:19557: result: yes
configure:19590: checking for sys/ioctl.h
configure:19598: result: yes
configure:19613: checking for an ANSI C-conforming const
configure:19688: mipsel-linux-gcc -c -g -O2 -std=gnu99 -Wall -W -Wextra -pedantic -pipe -Wformat -Wold-style-definition -Wdeclaration-after-statement -Wfloat-equal -Wmissing-declarations -Wmissing-prototypes -Wstrict-prototypes -Wredundant-decls -Wmissing-noreturn -Wshadow -Wendif-labels -Wpointer-arith -Wbad-function-cast -Wcast-qual -Wcast-align -Wwrite-strings -Winline -Wno-unused-parameter  conftest.c >&5
conftest.c:37: warning: function declaration isn't a prototype
conftest.c: In function `main':
conftest.c:37: warning: old-style parameter declaration
conftest.c:57: warning: cast discards qualifiers from pointer target type
conftest.c:79: warning: 'b' might be used uninitialized in this function
conftest.c:60: warning: 't' might be used uninitialized in this function
configure:19694: $? = 0
configure:19709: result: yes
configure:19719: checking for size_t
configure:19749: mipsel-linux-gcc -c -g -O2 -std=gnu99 -Wall -W -Wextra -pedantic -pipe -Wformat -Wold-style-definition -Wdeclaration-after-statement -Wfloat-equal -Wmissing-declarations -Wmissing-prototypes -Wstrict-prototypes -Wredundant-decls -Wmissing-noreturn -Wshadow -Wendif-labels -Wpointer-arith -Wbad-function-cast -Wcast-qual -Wcast-align -Wwrite-strings -Winline -Wno-unused-parameter  conftest.c >&5
conftest.c:70: warning: function declaration isn't a prototype
conftest.c: In function `main':
conftest.c:70: warning: old-style parameter declaration
configure:19755: $? = 0
configure:19770: result: yes
configure:19782: checking whether time.h and sys/time.h may both be included
configure:19812: mipsel-linux-gcc -c -g -O2 -std=gnu99 -Wall -W -Wextra -pedantic -pipe -Wformat -Wold-style-definition -Wdeclaration-after-statement -Wfloat-equal -Wmissing-declarations -Wmissing-prototypes -Wstrict-prototypes -Wredundant-decls -Wmissing-noreturn -Wshadow -Wendif-labels -Wpointer-arith -Wbad-function-cast -Wcast-qual -Wcast-align -Wwrite-strings -Winline -Wno-unused-parameter  conftest.c >&5
conftest.c:40: warning: function declaration isn't a prototype
conftest.c: In function `main':
conftest.c:40: warning: old-style parameter declaration
configure:19818: $? = 0
configure:19833: result: yes
configure:19850: checking for stdlib.h
configure:19856: result: yes
configure:19990: checking for GNU libc compatible malloc
configure:20052: result: no
configure:20096: checking sys/select.h usability
configure:20113: mipsel-linux-gcc -c -g -O2 -std=gnu99 -Wall -W -Wextra -pedantic -pipe -Wformat -Wold-style-definition -Wdeclaration-after-statement -Wfloat-equal -Wmissing-declarations -Wmissing-prototypes -Wstrict-prototypes -Wredundant-decls -Wmissing-noreturn -Wshadow -Wendif-labels -Wpointer-arith -Wbad-function-cast -Wcast-qual -Wcast-align -Wwrite-strings -Winline -Wno-unused-parameter  conftest.c >&5
configure:20119: $? = 0
configure:20133: result: yes
configure:20137: checking sys/select.h presence
configure:20152: mipsel-linux-gcc -E  conftest.c
configure:20158: $? = 0
configure:20172: result: yes
configure:20205: checking for sys/select.h
configure:20213: result: yes
configure:20086: checking for sys/socket.h
configure:20092: result: yes
configure:20226: checking types of arguments for select
configure:20264: mipsel-linux-gcc -c -g -O2 -std=gnu99 -Wall -W -Wextra -pedantic -pipe -Wformat -Wold-style-definition -Wdeclaration-after-statement -Wfloat-equal -Wmissing-declarations -Wmissing-prototypes -Wstrict-prototypes -Wredundant-decls -Wmissing-noreturn -Wshadow -Wendif-labels -Wpointer-arith -Wbad-function-cast -Wcast-qual -Wcast-align -Wwrite-strings -Winline -Wno-unused-parameter  conftest.c >&5
conftest.c:82: warning: function declaration isn't a prototype
conftest.c: In function `main':
conftest.c:82: warning: old-style parameter declaration
conftest.c:85: warning: redundant redeclaration of 'select'
/home/felix/qodome/RT288x_SDK/toolchain/buildroot-gcc342/bin/../lib/gcc/mipsel-linux-uclibc/3.4.2/../../../../mipsel-linux-uclibc/sys-include/sys/select.h:99: warning: previous declaration of 'select' was here
configure:20270: $? = 0
configure:20291: result: int,fd_set *,struct timeval *
configure:20330: checking for gethostbyaddr
configure:20386: mipsel-linux-gcc -o conftest -g -O2 -std=gnu99 -Wall -W -Wextra -pedantic -pipe -Wformat -Wold-style-definition -Wdeclaration-after-statement -Wfloat-equal -Wmissing-declarations -Wmissing-prototypes -Wstrict-prototypes -Wredundant-decls -Wmissing-noreturn -Wshadow -Wendif-labels -Wpointer-arith -Wbad-function-cast -Wcast-qual -Wcast-align -Wwrite-strings -Winline -Wno-unused-parameter   conftest.c  >&5
conftest.c:66: warning: function declaration isn't a prototype
conftest.c:76: warning: function declaration isn't a prototype
conftest.c: In function `main':
conftest.c:76: warning: old-style parameter declaration
configure:20392: $? = 0
configure:20410: result: yes
configure:20330: checking for gethostbyname
configure:20386: mipsel-linux-gcc -o conftest -g -O2 -std=gnu99 -Wall -W -Wextra -pedantic -pipe -Wformat -Wold-style-definition -Wdeclaration-after-statement -Wfloat-equal -Wmissing-declarations -Wmissing-prototypes -Wstrict-prototypes -Wredundant-decls -Wmissing-noreturn -Wshadow -Wendif-labels -Wpointer-arith -Wbad-function-cast -Wcast-qual -Wcast-align -Wwrite-strings -Winline -Wno-unused-parameter   conftest.c  >&5
conftest.c:67: warning: function declaration isn't a prototype
conftest.c:77: warning: function declaration isn't a prototype
conftest.c: In function `main':
conftest.c:77: warning: old-style parameter declaration
configure:20392: $? = 0
configure:20410: result: yes
configure:20330: checking for gettimeofday
configure:20386: mipsel-linux-gcc -o conftest -g -O2 -std=gnu99 -Wall -W -Wextra -pedantic -pipe -Wformat -Wold-style-definition -Wdeclaration-after-statement -Wfloat-equal -Wmissing-declarations -Wmissing-prototypes -Wstrict-prototypes -Wredundant-decls -Wmissing-noreturn -Wshadow -Wendif-labels -Wpointer-arith -Wbad-function-cast -Wcast-qual -Wcast-align -Wwrite-strings -Winline -Wno-unused-parameter   conftest.c  >&5
conftest.c:68: warning: function declaration isn't a prototype
conftest.c:78: warning: function declaration isn't a prototype
conftest.c: In function `main':
conftest.c:78: warning: old-style parameter declaration
configure:20392: $? = 0
configure:20410: result: yes
configure:20330: checking for inet_ntoa
configure:20386: mipsel-linux-gcc -o conftest -g -O2 -std=gnu99 -Wall -W -Wextra -pedantic -pipe -Wformat -Wold-style-definition -Wdeclaration-after-statement -Wfloat-equal -Wmissing-declarations -Wmissing-prototypes -Wstrict-prototypes -Wredundant-decls -Wmissing-noreturn -Wshadow -Wendif-labels -Wpointer-arith -Wbad-function-cast -Wcast-qual -Wcast-align -Wwrite-strings -Winline -Wno-unused-parameter   conftest.c  >&5
conftest.c:69: warning: function declaration isn't a prototype
conftest.c:79: warning: function declaration isn't a prototype
conftest.c: In function `main':
conftest.c:79: warning: old-style parameter declaration
configure:20392: $? = 0
configure:20410: result: yes
configure:20330: checking for memset
configure:20386: mipsel-linux-gcc -o conftest -g -O2 -std=gnu99 -Wall -W -Wextra -pedantic -pipe -Wformat -Wold-style-definition -Wdeclaration-after-statement -Wfloat-equal -Wmissing-declarations -Wmissing-prototypes -Wstrict-prototypes -Wredundant-decls -Wmissing-noreturn -Wshadow -Wendif-labels -Wpointer-arith -Wbad-function-cast -Wcast-qual -Wcast-align -Wwrite-strings -Winline -Wno-unused-parameter   conftest.c  >&5
conftest.c:70: warning: function declaration isn't a prototype
conftest.c:70: warning: conflicting types for built-in function 'memset'
conftest.c:80: warning: function declaration isn't a prototype
conftest.c: In function `main':
conftest.c:80: warning: old-style parameter declaration
configure:20392: $? = 0
configure:20410: result: yes
configure:20330: checking for select
configure:20386: mipsel-linux-gcc -o conftest -g -O2 -std=gnu99 -Wall -W -Wextra -pedantic -pipe -Wformat -Wold-style-definition -Wdeclaration-after-statement -Wfloat-equal -Wmissing-declarations -Wmissing-prototypes -Wstrict-prototypes -Wredundant-decls -Wmissing-noreturn -Wshadow -Wendif-labels -Wpointer-arith -Wbad-function-cast -Wcast-qual -Wcast-align -Wwrite-strings -Winline -Wno-unused-parameter   conftest.c  >&5
conftest.c:71: warning: function declaration isn't a prototype
conftest.c:81: warning: function declaration isn't a prototype
conftest.c: In function `main':
conftest.c:81: warning: old-style parameter declaration
configure:20392: $? = 0
configure:20410: result: yes
configure:20330: checking for socket
configure:20386: mipsel-linux-gcc -o conftest -g -O2 -std=gnu99 -Wall -W -Wextra -pedantic -pipe -Wformat -Wold-style-definition -Wdeclaration-after-statement -Wfloat-equal -Wmissing-declarations -Wmissing-prototypes -Wstrict-prototypes -Wredundant-decls -Wmissing-noreturn -Wshadow -Wendif-labels -Wpointer-arith -Wbad-function-cast -Wcast-qual -Wcast-align -Wwrite-strings -Winline -Wno-unused-parameter   conftest.c  >&5
conftest.c:72: warning: function declaration isn't a prototype
conftest.c:82: warning: function declaration isn't a prototype
conftest.c: In function `main':
conftest.c:82: warning: old-style parameter declaration
configure:20392: $? = 0
configure:20410: result: yes
configure:20330: checking for strcspn
configure:20386: mipsel-linux-gcc -o conftest -g -O2 -std=gnu99 -Wall -W -Wextra -pedantic -pipe -Wformat -Wold-style-definition -Wdeclaration-after-statement -Wfloat-equal -Wmissing-declarations -Wmissing-prototypes -Wstrict-prototypes -Wredundant-decls -Wmissing-noreturn -Wshadow -Wendif-labels -Wpointer-arith -Wbad-function-cast -Wcast-qual -Wcast-align -Wwrite-strings -Winline -Wno-unused-parameter   conftest.c  >&5
conftest.c:73: warning: function declaration isn't a prototype
conftest.c:73: warning: conflicting types for built-in function 'strcspn'
conftest.c:83: warning: function declaration isn't a prototype
conftest.c: In function `main':
conftest.c:83: warning: old-style parameter declaration
configure:20392: $? = 0
configure:20410: result: yes
configure:20330: checking for strdup
configure:20386: mipsel-linux-gcc -o conftest -g -O2 -std=gnu99 -Wall -W -Wextra -pedantic -pipe -Wformat -Wold-style-definition -Wdeclaration-after-statement -Wfloat-equal -Wmissing-declarations -Wmissing-prototypes -Wstrict-prototypes -Wredundant-decls -Wmissing-noreturn -Wshadow -Wendif-labels -Wpointer-arith -Wbad-function-cast -Wcast-qual -Wcast-align -Wwrite-strings -Winline -Wno-unused-parameter   conftest.c  >&5
conftest.c:74: warning: function declaration isn't a prototype
conftest.c:74: warning: conflicting types for built-in function 'strdup'
conftest.c:84: warning: function declaration isn't a prototype
conftest.c: In function `main':
conftest.c:84: warning: old-style parameter declaration
configure:20392: $? = 0
configure:20410: result: yes
configure:20330: checking for strerror
configure:20386: mipsel-linux-gcc -o conftest -g -O2 -std=gnu99 -Wall -W -Wextra -pedantic -pipe -Wformat -Wold-style-definition -Wdeclaration-after-statement -Wfloat-equal -Wmissing-declarations -Wmissing-prototypes -Wstrict-prototypes -Wredundant-decls -Wmissing-noreturn -Wshadow -Wendif-labels -Wpointer-arith -Wbad-function-cast -Wcast-qual -Wcast-align -Wwrite-strings -Winline -Wno-unused-parameter   conftest.c  >&5
conftest.c:75: warning: function declaration isn't a prototype
conftest.c:85: warning: function declaration isn't a prototype
conftest.c: In function `main':
conftest.c:85: warning: old-style parameter declaration
configure:20392: $? = 0
configure:20410: result: yes
configure:20330: checking for strncasecmp
configure:20386: mipsel-linux-gcc -o conftest -g -O2 -std=gnu99 -Wall -W -Wextra -pedantic -pipe -Wformat -Wold-style-definition -Wdeclaration-after-statement -Wfloat-equal -Wmissing-declarations -Wmissing-prototypes -Wstrict-prototypes -Wredundant-decls -Wmissing-noreturn -Wshadow -Wendif-labels -Wpointer-arith -Wbad-function-cast -Wcast-qual -Wcast-align -Wwrite-strings -Winline -Wno-unused-parameter   conftest.c  >&5
conftest.c:76: warning: function declaration isn't a prototype
conftest.c:86: warning: function declaration isn't a prototype
conftest.c: In function `main':
conftest.c:86: warning: old-style parameter declaration
configure:20392: $? = 0
configure:20410: result: yes
configure:20330: checking for strcasecmp
configure:20386: mipsel-linux-gcc -o conftest -g -O2 -std=gnu99 -Wall -W -Wextra -pedantic -pipe -Wformat -Wold-style-definition -Wdeclaration-after-statement -Wfloat-equal -Wmissing-declarations -Wmissing-prototypes -Wstrict-prototypes -Wredundant-decls -Wmissing-noreturn -Wshadow -Wendif-labels -Wpointer-arith -Wbad-function-cast -Wcast-qual -Wcast-align -Wwrite-strings -Winline -Wno-unused-parameter   conftest.c  >&5
conftest.c:77: warning: function declaration isn't a prototype
conftest.c:87: warning: function declaration isn't a prototype
conftest.c: In function `main':
conftest.c:87: warning: old-style parameter declaration
configure:20392: $? = 0
configure:20410: result: yes
configure:20330: checking for strspn
configure:20386: mipsel-linux-gcc -o conftest -g -O2 -std=gnu99 -Wall -W -Wextra -pedantic -pipe -Wformat -Wold-style-definition -Wdeclaration-after-statement -Wfloat-equal -Wmissing-declarations -Wmissing-prototypes -Wstrict-prototypes -Wredundant-decls -Wmissing-noreturn -Wshadow -Wendif-labels -Wpointer-arith -Wbad-function-cast -Wcast-qual -Wcast-align -Wwrite-strings -Winline -Wno-unused-parameter   conftest.c  >&5
conftest.c:78: warning: function declaration isn't a prototype
conftest.c:78: warning: conflicting types for built-in function 'strspn'
conftest.c:88: warning: function declaration isn't a prototype
conftest.c: In function `main':
conftest.c:88: warning: old-style parameter declaration
configure:20392: $? = 0
configure:20410: result: yes
configure:20466: checking for lynx
configure:20494: result: no
configure:20507: checking for links
configure:20535: result: no
configure:20544: WARNING: *** neither lynx nor links found, plain text README will not be built ***
configure:20829: creating ./config.status

## ---------------------- ##
## Running config.status. ##
## ---------------------- ##

This file was extended by nss-mdns config.status 0.10, which was
generated by GNU Autoconf 2.61.  Invocation command line was

  CONFIG_FILES    = 
  CONFIG_HEADERS  = 
  CONFIG_LINKS    = 
  CONFIG_COMMANDS = 
  $ ./config.status 

on ubuntu

config.status:675: creating Makefile
config.status:675: creating src/Makefile
config.status:675: creating doc/Makefile
config.status:675: creating doc/README.html
config.status:675: creating config.h
config.status:986: executing depfiles commands

## ---------------- ##
## Cache variables. ##
## ---------------- ##

ac_cv_build=i686-pc-linux-gnu
ac_cv_c_compiler_gnu=yes
ac_cv_c_const=yes
ac_cv_cxx_compiler_gnu=yes
ac_cv_env_CCC_set=
ac_cv_env_CCC_value=
ac_cv_env_CC_set=set
ac_cv_env_CC_value=mipsel-linux-gcc
ac_cv_env_CFLAGS_set=
ac_cv_env_CFLAGS_value=
ac_cv_env_CPPFLAGS_set=
ac_cv_env_CPPFLAGS_value=
ac_cv_env_CPP_set=
ac_cv_env_CPP_value=
ac_cv_env_CXXCPP_set=
ac_cv_env_CXXCPP_value=
ac_cv_env_CXXFLAGS_set=
ac_cv_env_CXXFLAGS_value=
ac_cv_env_CXX_set=
ac_cv_env_CXX_value=
ac_cv_env_F77_set=
ac_cv_env_F77_value=
ac_cv_env_FFLAGS_set=
ac_cv_env_FFLAGS_value=
ac_cv_env_LDFLAGS_set=
ac_cv_env_LDFLAGS_value=
ac_cv_env_LIBS_set=
ac_cv_env_LIBS_value=
ac_cv_env_build_alias_set=
ac_cv_env_build_alias_value=
ac_cv_env_host_alias_set=set
ac_cv_env_host_alias_value=mipsel-linux
ac_cv_env_target_alias_set=
ac_cv_env_target_alias_value=
ac_cv_f77_compiler_gnu=no
ac_cv_func_gethostbyaddr=yes
ac_cv_func_gethostbyname=yes
ac_cv_func_gettimeofday=yes
ac_cv_func_inet_ntoa=yes
ac_cv_func_malloc_0_nonnull=no
ac_cv_func_memset=yes
ac_cv_func_select=yes
ac_cv_func_select_args='int,fd_set *,struct timeval *'
ac_cv_func_socket=yes
ac_cv_func_strcasecmp=yes
ac_cv_func_strcspn=yes
ac_cv_func_strdup=yes
ac_cv_func_strerror=yes
ac_cv_func_strncasecmp=yes
ac_cv_func_strspn=yes
ac_cv_header_arpa_inet_h=yes
ac_cv_header_dlfcn_h=yes
ac_cv_header_fcntl_h=yes
ac_cv_header_inttypes_h=yes
ac_cv_header_memory_h=yes
ac_cv_header_netdb_h=yes
ac_cv_header_netinet_in_h=yes
ac_cv_header_nss_h=no
ac_cv_header_stdc=yes
ac_cv_header_stdint_h=yes
ac_cv_header_stdlib_h=yes
ac_cv_header_string_h=yes
ac_cv_header_strings_h=yes
ac_cv_header_sys_ioctl_h=yes
ac_cv_header_sys_select_h=yes
ac_cv_header_sys_socket_h=yes
ac_cv_header_sys_stat_h=yes
ac_cv_header_sys_time_h=yes
ac_cv_header_sys_types_h=yes
ac_cv_header_time=yes
ac_cv_header_unistd_h=yes
ac_cv_host=mipsel-unknown-linux-gnu
ac_cv_objext=o
ac_cv_path_EGREP='/bin/grep -E'
ac_cv_path_GREP=/bin/grep
ac_cv_path_install='/usr/bin/install -c'
ac_cv_prog_AR=mipsel-linux-ar
ac_cv_prog_AWK=gawk
ac_cv_prog_CC=mipsel-linux-gcc
ac_cv_prog_CPP='mipsel-linux-gcc -E'
ac_cv_prog_CXX=mipsel-linux-g++
ac_cv_prog_CXXCPP='mipsel-linux-g++ -E'
ac_cv_prog_RANLIB=mipsel-linux-ranlib
ac_cv_prog_STRIP=mipsel-linux-strip
ac_cv_prog_cc_c89=
ac_cv_prog_cc_g=yes
ac_cv_prog_cxx_g=yes
ac_cv_prog_f77_g=no
ac_cv_prog_have_links=no
ac_cv_prog_have_lynx=no
ac_cv_prog_make_make_set=yes
ac_cv_type_size_t=yes
am_cv_CC_dependencies_compiler_type=gcc3
am_cv_CXX_dependencies_compiler_type=gcc3
lt_cv_deplibs_check_method=pass_all
lt_cv_file_magic_cmd='$MAGIC_CMD'
lt_cv_file_magic_test_file=
lt_cv_ld_reload_flag=-r
lt_cv_objdir=.libs
lt_cv_path_LD=/home/felix/qodome/RT288x_SDK/toolchain/buildroot-gcc342/mipsel-linux-uclibc/bin/ld
lt_cv_path_LDCXX=/home/felix/qodome/RT288x_SDK/toolchain/buildroot-gcc342/mipsel-linux-uclibc/bin/ld
lt_cv_path_NM='/home/felix/qodome/RT288x_SDK/toolchain/buildroot-gcc342/bin//mipsel-linux-nm -B'
lt_cv_path_SED=/bin/sed
lt_cv_prog_compiler_c_o=yes
lt_cv_prog_compiler_c_o_CXX=yes
lt_cv_prog_compiler_rtti_exceptions=no
lt_cv_prog_gnu_ld=yes
lt_cv_prog_gnu_ldcxx=yes
lt_cv_sys_global_symbol_pipe='sed -n -e '\''s/^.*[ 	]\([ABCDGIRSTW][ABCDGIRSTW]*\)[ 	][ 	]*\([_A-Za-z][_A-Za-z0-9]*\)$/\1 \2 \2/p'\'''
lt_cv_sys_global_symbol_to_c_name_address='sed -n -e '\''s/^: \([^ ]*\) $/  {\"\1\", (lt_ptr) 0},/p'\'' -e '\''s/^[BCDEGRST] \([^ ]*\) \([^ ]*\)$/  {"\2", (lt_ptr) \&\2},/p'\'''
lt_cv_sys_global_symbol_to_cdecl='sed -n -e '\''s/^. .* \(.*\)$/extern int \1;/p'\'''
lt_cv_sys_max_cmd_len=32768
lt_lt_cv_prog_compiler_c_o='"yes"'
lt_lt_cv_prog_compiler_c_o_CXX='"yes"'
lt_lt_cv_sys_global_symbol_pipe='"sed -n -e '\''s/^.*[ 	]\\([ABCDGIRSTW][ABCDGIRSTW]*\\)[ 	][ 	]*\\([_A-Za-z][_A-Za-z0-9]*\\)\$/\\1 \\2 \\2/p'\''"'
lt_lt_cv_sys_global_symbol_to_c_name_address='"sed -n -e '\''s/^: \\([^ ]*\\) \$/  {\\\"\\1\\\", (lt_ptr) 0},/p'\'' -e '\''s/^[BCDEGRST] \\([^ ]*\\) \\([^ ]*\\)\$/  {\"\\2\", (lt_ptr) \\&\\2},/p'\''"'
lt_lt_cv_sys_global_symbol_to_cdecl='"sed -n -e '\''s/^. .* \\(.*\\)\$/extern int \\1;/p'\''"'

## ----------------- ##
## Output variables. ##
## ----------------- ##

ACLOCAL='${SHELL} /home/felix/qodome/nss-mdns-0.10/missing --run aclocal-1.9'
AMDEPBACKSLASH='\'
AMDEP_FALSE='#'
AMDEP_TRUE=''
AMTAR='${SHELL} /home/felix/qodome/nss-mdns-0.10/missing --run tar'
AR='mipsel-linux-ar'
AUTOCONF='${SHELL} /home/felix/qodome/nss-mdns-0.10/missing --run autoconf'
AUTOHEADER='${SHELL} /home/felix/qodome/nss-mdns-0.10/missing --run autoheader'
AUTOMAKE='${SHELL} /home/felix/qodome/nss-mdns-0.10/missing --run automake-1.9'
AWK='gawk'
CC='mipsel-linux-gcc'
CCDEPMODE='depmode=gcc3'
CFLAGS='-g -O2 -std=gnu99 -Wall -W -Wextra -pedantic -pipe -Wformat -Wold-style-definition -Wdeclaration-after-statement -Wfloat-equal -Wmissing-declarations -Wmissing-prototypes -Wstrict-prototypes -Wredundant-decls -Wmissing-noreturn -Wshadow -Wendif-labels -Wpointer-arith -Wbad-function-cast -Wcast-qual -Wcast-align -Wwrite-strings -Winline -Wno-unused-parameter -pipe -W -Wall -pedantic -std=c99 -Wno-unused-parameter'
CPP='mipsel-linux-gcc -E'
CPPFLAGS=''
CXX='mipsel-linux-g++'
CXXCPP='mipsel-linux-g++ -E'
CXXDEPMODE='depmode=gcc3'
CXXFLAGS='-g -O2'
CYGPATH_W='echo'
DEFS='-DHAVE_CONFIG_H'
DEPDIR='.deps'
ECHO='echo'
ECHO_C=''
ECHO_N='-n'
ECHO_T=''
EGREP='/bin/grep -E'
ENABLE_AVAHI_FALSE='#'
ENABLE_AVAHI_TRUE=''
ENABLE_LEGACY_FALSE=''
ENABLE_LEGACY_TRUE='#'
EXEEXT=''
F77=''
FFLAGS=''
FREEBSD_NSS_FALSE=''
FREEBSD_NSS_TRUE='#'
GREP='/bin/grep'
INSTALL_DATA='${INSTALL} -m 644'
INSTALL_PROGRAM='${INSTALL}'
INSTALL_SCRIPT='${INSTALL}'
INSTALL_STRIP_PROGRAM='${SHELL} $(install_sh) -c -s'
LDFLAGS=''
LIBOBJS=' ${LIBOBJDIR}malloc$U.o'
LIBS=''
LIBTOOL='$(SHELL) $(top_builddir)/libtool'
LN_S='ln -s'
LTLIBOBJS=' ${LIBOBJDIR}malloc$U.lo'
MAKEINFO='${SHELL} /home/felix/qodome/nss-mdns-0.10/missing --run makeinfo'
OBJEXT='o'
PACKAGE='nss-mdns'
PACKAGE_BUGREPORT='mzaffzqaf (at) 0pointer (dot) de'
PACKAGE_NAME='nss-mdns'
PACKAGE_STRING='nss-mdns 0.10'
PACKAGE_TARNAME='nss-mdns'
PACKAGE_URL='http://0pointer.de/lennart/projects/nss-mdns/'
PACKAGE_VERSION='0.10'
PATH_SEPARATOR=':'
RANLIB='mipsel-linux-ranlib'
SET_MAKE=''
SHELL='/bin/bash'
STRIP='mipsel-linux-strip'
USE_LINKS_FALSE=''
USE_LINKS_TRUE='#'
USE_LYNX_FALSE=''
USE_LYNX_TRUE='#'
VERSION='0.10'
ac_ct_CC=''
ac_ct_CXX=''
ac_ct_F77=''
am__fastdepCC_FALSE='#'
am__fastdepCC_TRUE=''
am__fastdepCXX_FALSE='#'
am__fastdepCXX_TRUE=''
am__include='include'
am__leading_dot='.'
am__quote=''
am__tar='${AMTAR} chof - "$$tardir"'
am__untar='${AMTAR} xf -'
bindir='${exec_prefix}/bin'
build='i686-pc-linux-gnu'
build_alias=''
build_cpu='i686'
build_os='linux-gnu'
build_vendor='pc'
datadir='${datarootdir}'
datarootdir='${prefix}/share'
docdir='${datarootdir}/doc/${PACKAGE_TARNAME}'
dvidir='${docdir}'
exec_prefix='${prefix}'
have_links='no'
have_lynx='no'
host='mipsel-unknown-linux-gnu'
host_alias='mipsel-linux'
host_cpu='mipsel'
host_os='linux-gnu'
host_vendor='unknown'
htmldir='${docdir}'
includedir='${prefix}/include'
infodir='${datarootdir}/info'
install_sh='/home/felix/qodome/nss-mdns-0.10/install-sh'
libdir='${exec_prefix}/lib'
libexecdir='${exec_prefix}/libexec'
localedir='${datarootdir}/locale'
localstatedir='${prefix}/var'
mandir='${datarootdir}/man'
mkdir_p='mkdir -p --'
oldincludedir='/usr/include'
pdfdir='${docdir}'
prefix='/'
program_transform_name='s,x,x,'
psdir='${docdir}'
sbindir='${exec_prefix}/sbin'
sharedstatedir='${prefix}/com'
sysconfdir='${prefix}/etc'
target_alias=''

## ----------- ##
## confdefs.h. ##
## ----------- ##

#define PACKAGE_NAME "nss-mdns"
#define PACKAGE_TARNAME "nss-mdns"
#define PACKAGE_VERSION "0.10"
#define PACKAGE_STRING "nss-mdns 0.10"
#define PACKAGE_BUGREPORT "mzaffzqaf (at) 0pointer (dot) de"
#define PACKAGE "nss-mdns"
#define VERSION "0.10"
#define _GNU_SOURCE 1
#define STDC_HEADERS 1
#define HAVE_SYS_TYPES_H 1
#define HAVE_SYS_STAT_H 1
#define HAVE_STDLIB_H 1
#define HAVE_STRING_H 1
#define HAVE_MEMORY_H 1
#define HAVE_STRINGS_H 1
#define HAVE_INTTYPES_H 1
#define HAVE_STDINT_H 1
#define HAVE_UNISTD_H 1
#define HAVE_DLFCN_H 1
#define STDC_HEADERS 1
#define HAVE_ARPA_INET_H 1
#define HAVE_FCNTL_H 1
#define HAVE_INTTYPES_H 1
#define HAVE_NETDB_H 1
#define HAVE_NETINET_IN_H 1
#define HAVE_STDLIB_H 1
#define HAVE_STRING_H 1
#define HAVE_SYS_SOCKET_H 1
#define HAVE_SYS_TIME_H 1
#define HAVE_UNISTD_H 1
#define HAVE_SYS_IOCTL_H 1
#define TIME_WITH_SYS_TIME 1
#define HAVE_STDLIB_H 1
#define HAVE_MALLOC 0
#define malloc rpl_malloc
#define HAVE_SYS_SELECT_H 1
#define HAVE_SYS_SOCKET_H 1
#define SELECT_TYPE_ARG1 int
#define SELECT_TYPE_ARG234 (fd_set *)
#define SELECT_TYPE_ARG5 (struct timeval *)
#define HAVE_GETHOSTBYADDR 1
#define HAVE_GETHOSTBYNAME 1
#define HAVE_GETTIMEOFDAY 1
#define HAVE_INET_NTOA 1
#define HAVE_MEMSET 1
#define HAVE_SELECT 1
#define HAVE_SOCKET 1
#define HAVE_STRCSPN 1
#define HAVE_STRDUP 1
#define HAVE_STRERROR 1
#define HAVE_STRNCASECMP 1
#define HAVE_STRCASECMP 1
#define HAVE_STRSPN 1
#define ENABLE_AVAHI 1

configure: exit 0
